[main | 19:07:36] INFO: Registered Packet By Clazz: de.crycodes.de.spacebyter.liptoncloud.packets.global.RegisterPacket
[main | 19:07:36] INFO: Registered Packet By Clazz: de.crycodes.de.spacebyter.liptoncloud.packets.global.ShutDownPacket
[main | 19:07:36] INFO: Registered Packet By Clazz: de.crycodes.de.spacebyter.liptoncloud.packets.server.proxy.in.SendProxyConfigPacket
[main | 19:07:36] INFO: Registered Packet By Clazz: de.crycodes.de.spacebyter.liptoncloud.packets.server.proxy.in.StopProxyPacket
[main | 19:07:36] INFO: Registered Packet By Clazz: de.crycodes.de.spacebyter.liptoncloud.packets.server.proxy.out.ProxyStoppingPacket
[main | 19:07:36] INFO: Registered Packet By Clazz: de.crycodes.de.spacebyter.liptoncloud.packets.server.server.in.ExecuteCommandPacket
[main | 19:07:36] INFO: Registered Packet By Clazz: de.crycodes.de.spacebyter.liptoncloud.packets.server.server.in.SendServerConfigPacket
[main | 19:07:36] INFO: Registered Packet By Clazz: de.crycodes.de.spacebyter.liptoncloud.packets.server.server.in.StopServerGroupPacket
[main | 19:07:36] INFO: Registered Packet By Clazz: de.crycodes.de.spacebyter.liptoncloud.packets.server.server.in.StopServerPacket
[main | 19:07:36] INFO: Registered Packet By Clazz: de.crycodes.de.spacebyter.liptoncloud.packets.server.server.out.ServerStoppingPacket
[main | 19:07:36] INFO: Registered Packet By Clazz: de.crycodes.de.spacebyter.liptoncloud.packets.wrapper.in.CopyServerPacket
[main | 19:07:36] INFO: Registered Packet By Clazz: de.crycodes.de.spacebyter.liptoncloud.packets.wrapper.in.CreateTemplatePacket
[main | 19:07:36] INFO: Registered Packet By Clazz: de.crycodes.de.spacebyter.liptoncloud.packets.wrapper.in.StartServerPacket
[main | 19:07:36] INFO: Registered Packet By Clazz: de.crycodes.de.spacebyter.liptoncloud.packets.wrapper.out.DebugPacket
[main | 19:07:36] INFO: Registered Packet By Clazz: de.crycodes.de.spacebyter.liptoncloud.packets.wrapper.out.ErrorPacket
[main | 19:07:36] INFO: Registered Packet By Clazz: de.crycodes.de.spacebyter.liptoncloud.packets.wrapper.out.InfoPacket
[main | 19:07:36] INFO: Registered Packet By Clazz: de.crycodes.de.spacebyter.liptoncloud.packets.wrapper.out.WarningPacket
[main | 19:07:36] INFO: Registered Packet By Clazz: de.crycodes.de.spacebyter.liptoncloud.packets.global.UpdateMaintenancePacket
[main | 19:07:36] INFO: Registered Packet By Clazz: de.crycodes.de.spacebyter.liptoncloud.packets.server.proxy.out.ServerGroupUpdatePacket
[main | 19:07:36] INFO: Registered Packet By Clazz: de.crycodes.de.spacebyter.liptoncloud.packets.server.server.out.ServerUpdatePacket
[main | 19:07:36] INFO: Registered Packet By Clazz: de.crycodes.de.spacebyter.liptoncloud.packets.global.RegisterResponsePacket
[main | 19:07:36] INFO: [34mâ–‘â–ˆâ–ˆâ–ˆâ–ˆâ–ˆâ•—â–‘â–ˆâ–ˆâ•—â–‘â–‘â–‘â–‘â–‘â–‘â–ˆâ–ˆâ–ˆâ–ˆâ–ˆâ•—â–‘â–ˆâ–ˆâ•—â–‘â–‘â–‘â–ˆâ–ˆâ•—â–ˆâ–ˆâ–ˆâ–ˆâ–ˆâ–ˆâ•—â–‘[0m
[main | 19:07:36] INFO: [34mâ–ˆâ–ˆâ•”â•â•â–ˆâ–ˆâ•—â–ˆâ–ˆâ•‘â–‘â–‘â–‘â–‘â–‘â–ˆâ–ˆâ•”â•â•â–ˆâ–ˆâ•—â–ˆâ–ˆâ•‘â–‘â–‘â–‘â–ˆâ–ˆâ•‘â–ˆâ–ˆâ•”â•â•â–ˆâ–ˆâ•—[0m
[main | 19:07:36] INFO: [34mâ–ˆâ–ˆâ•‘â–‘â–‘â•šâ•â•â–ˆâ–ˆâ•‘â–‘â–‘â–‘â–‘â–‘â–ˆâ–ˆâ•‘â–‘â–‘â–ˆâ–ˆâ•‘â–ˆâ–ˆâ•‘â–‘â–‘â–‘â–ˆâ–ˆâ•‘â–ˆâ–ˆâ•‘â–‘â–‘â–ˆâ–ˆâ•‘[0m
[main | 19:07:36] INFO: [34mâ–ˆâ–ˆâ•‘â–‘â–‘â–ˆâ–ˆâ•—â–ˆâ–ˆâ•‘â–‘â–‘â–‘â–‘â–‘â–ˆâ–ˆâ•‘â–‘â–‘â–ˆâ–ˆâ•‘â–ˆâ–ˆâ•‘â–‘â–‘â–‘â–ˆâ–ˆâ•‘â–ˆâ–ˆâ•‘â–‘â–‘â–ˆâ–ˆâ•‘[0m
[main | 19:07:36] INFO: [34mâ•šâ–ˆâ–ˆâ–ˆâ–ˆâ–ˆâ•”â•â–ˆâ–ˆâ–ˆâ–ˆâ–ˆâ–ˆâ–ˆâ•—â•šâ–ˆâ–ˆâ–ˆâ–ˆâ–ˆâ•”â•â•šâ–ˆâ–ˆâ–ˆâ–ˆâ–ˆâ–ˆâ•”â•â–ˆâ–ˆâ–ˆâ–ˆâ–ˆâ–ˆâ•”â•[0m
[main | 19:07:36] INFO: [34mâ–‘â•šâ•â•â•â•â•â–‘â•šâ•â•â•â•â•â•â•â–‘â•šâ•â•â•â•â•â–‘â–‘â•šâ•â•â•â•â•â•â–‘â•šâ•â•â•â•â•â•â–‘[0m
[main | 19:07:36] INFO: â–¬â–¬â–¬â–¬â–¬â–¬â–¬â–¬â–¬â–¬â–¬â–¬â–¬â–¬â–¬â–¬â–¬â–¬â–¬â–¬â–¬â–¬â–¬â–¬â–¬â–¬â–¬â–¬â–¬â–¬â–¬â–¬â–¬â–¬â–¬â–¬â–¬â–¬
[main | 19:07:36] INFO: Coded by CryCodes & SpaceByter
[main | 19:07:36] INFO: 
[main | 19:07:36] INFO: Connected Successful to Master!
[main | 19:07:36] INFO: Startet WrapperMaster Client on: (127.0.0.1:9685)
[main | 19:07:36] INFO: This Cloud is Using the Version spigot-1.8.8-R0.1-SNAPSHOT-latest
[main | 19:07:37] INFO: Action 'WRAPPERSTARTUP' took: (0.8) Seconds!
[main | 19:07:39] INFO: Server Startet: Lobby-1 on (30000)
[main | 19:07:41] INFO: Server Startet: Lobby-2 on (30001)
[main | 19:07:50] INFO: Stopping Cloud [ShutDownHookWrapper]
