[23:56:53] INFO: Registered Packet By Clazz: de.crycodes.de.spacebyter.liptoncloud.packets.global.RegisterPacket
[23:56:53] INFO: Registered Packet By Clazz: de.crycodes.de.spacebyter.liptoncloud.packets.global.ShutDownPacket
[23:56:53] INFO: Registered Packet By Clazz: de.crycodes.de.spacebyter.liptoncloud.packets.server.proxy.in.SendProxyConfigPacket
[23:56:53] INFO: Registered Packet By Clazz: de.crycodes.de.spacebyter.liptoncloud.packets.server.proxy.in.StopProxyPacket
[23:56:53] INFO: Registered Packet By Clazz: de.crycodes.de.spacebyter.liptoncloud.packets.server.proxy.out.ProxyStoppingPacket
[23:56:53] INFO: Registered Packet By Clazz: de.crycodes.de.spacebyter.liptoncloud.packets.server.server.in.ExecuteCommandPacket
[23:56:53] INFO: Registered Packet By Clazz: de.crycodes.de.spacebyter.liptoncloud.packets.server.server.in.SendServerConfigPacket
[23:56:53] INFO: Registered Packet By Clazz: de.crycodes.de.spacebyter.liptoncloud.packets.server.server.in.StopServerGroupPacket
[23:56:53] INFO: Registered Packet By Clazz: de.crycodes.de.spacebyter.liptoncloud.packets.server.server.in.StopServerPacket
[23:56:53] INFO: Registered Packet By Clazz: de.crycodes.de.spacebyter.liptoncloud.packets.server.server.out.ServerStoppingPacket
[23:56:53] INFO: Registered Packet By Clazz: de.crycodes.de.spacebyter.liptoncloud.packets.wrapper.in.CopyServerPacket
[23:56:54] INFO: Registered Packet By Clazz: de.crycodes.de.spacebyter.liptoncloud.packets.wrapper.in.CreateTemplatePacket
[23:56:54] INFO: Registered Packet By Clazz: de.crycodes.de.spacebyter.liptoncloud.packets.wrapper.in.StartServerPacket
[23:56:54] INFO: Registered Packet By Clazz: de.crycodes.de.spacebyter.liptoncloud.packets.wrapper.out.DebugPacket
[23:56:54] INFO: Registered Packet By Clazz: de.crycodes.de.spacebyter.liptoncloud.packets.wrapper.out.ErrorPacket
[23:56:54] INFO: Registered Packet By Clazz: de.crycodes.de.spacebyter.liptoncloud.packets.wrapper.out.InfoPacket
[23:56:54] INFO: Registered Packet By Clazz: de.crycodes.de.spacebyter.liptoncloud.packets.wrapper.out.WarningPacket
[23:56:54] INFO: Registered Packet By Clazz: de.crycodes.de.spacebyter.liptoncloud.packets.global.UpdateMaintenancePacket
[23:56:54] INFO: Registered Packet By Clazz: de.crycodes.de.spacebyter.liptoncloud.packets.server.proxy.out.ServerGroupUpdatePacket
[23:56:54] INFO: Registered Packet By Clazz: de.crycodes.de.spacebyter.liptoncloud.packets.server.server.out.ServerUpdatePacket
[23:56:54] INFO: Registered Packet By Clazz: de.crycodes.de.spacebyter.liptoncloud.packets.global.RegisterResponsePacket
[23:56:54] INFO: [34m __    _     ___   _     ___   __   _     __  _____  ____  _     [0m
[23:56:54] INFO: [34m/ /`  | |   / / \ | | | | | \ ( (` \ \_/ ( (`  | |  | |_  | |\/| [0m
[23:56:54] INFO: [34m\_\_, |_|__ \_\_/ \_\_/ |_|_/ _)_)  |_|  _)_)  |_|  |_|__ |_|  | [0m
[23:56:54] INFO: [31m▬▬▬▬▬▬▬▬▬▬▬▬▬▬▬▬▬▬▬▬▬▬▬▬▬▬▬▬▬▬▬▬▬▬▬▬▬▬[0m
[23:56:54] INFO: [34mCoded by CryCodes & SpaceByter[0m
[23:56:54] INFO: 
[23:56:54] INFO: Startet WrapperMaster Client on: (127.0.0.1:9685)
[23:56:54] INFO: Connected Successful to Master!
[23:56:54] INFO: This Cloud is Using the Version spigot-1.9-R0.1-SNAPSHOT-latest
[23:56:54] INFO: Action 'WRAPPERSTARTUP' took: (0.4) Seconds!
[23:56:55] INFO: ServerMeta{serverName='Bedwars-1', id=1, serverGroupMeta=ServerGroupMeta{groupName='Bedwars', maxMemory=512, minMemory=128, dynamicService=true, maintenance=false, maxServer=4, minServer=3}, wrapperID='Wrapper-1', host='127.0.0.1', port=30000}
[23:56:55] INFO: ServerMeta{serverName='Lobby-1', id=1, serverGroupMeta=ServerGroupMeta{groupName='Lobby', maxMemory=512, minMemory=128, dynamicService=true, maintenance=true, maxServer=2, minServer=1}, wrapperID='Wrapper-1', host='127.0.0.1', port=30001}
[23:56:57] INFO: ServerMeta{serverName='Bedwars-2', id=2, serverGroupMeta=ServerGroupMeta{groupName='Bedwars', maxMemory=512, minMemory=128, dynamicService=true, maintenance=false, maxServer=4, minServer=3}, wrapperID='Wrapper-1', host='127.0.0.1', port=30002}
[23:57:00] INFO: ServerMeta{serverName='Bedwars-3', id=3, serverGroupMeta=ServerGroupMeta{groupName='Bedwars', maxMemory=512, minMemory=128, dynamicService=true, maintenance=false, maxServer=4, minServer=3}, wrapperID='Wrapper-1', host='127.0.0.1', port=30003}
[23:57:08] INFO: Versions you can Install: 
[23:57:08] INFO: spigot-1.8.8-R0.1-SNAPSHOT-latest | (1)
[23:57:08] INFO: spigot-1.9-R0.1-SNAPSHOT-latest | (2)
[23:57:08] INFO: spigot-1.9.2-R0.1-SNAPSHOT-latest | (3)
[23:57:08] INFO: spigot-1.9.4-R0.1-SNAPSHOT-latest | (4)
[23:57:08] INFO: spigot-1.10-R0.1-SNAPSHOT-latest | (5)
[23:57:08] INFO: pigot-1.10.2-R0.1-SNAPSHOT-latest | (6)
[23:57:08] INFO: spigot-1.11 | (7)
[23:57:08] INFO: spigot-1.11.1 | (8)
[23:57:08] INFO: spigot-1.11.2 | (9)
[23:57:08] INFO: spigot-1.12 | (10)
[23:57:08] INFO: spigot-1.12.1 | (11)
[23:57:08] INFO: spigot-1.12.2 | (12)
[23:57:08] INFO: spigot-1.13 | (13)
[23:57:08] INFO: spigot-1.13.1 | (14)
[23:57:08] INFO: pigot-1.13.2 | (15)
[23:57:08] INFO: spigot-1.14 | (16)
[23:57:08] INFO: spigot-1.14.1 | (17)
[23:57:08] INFO: spigot-1.14.2 | (18)
[23:57:08] INFO: spigot-1.14.3 | (19)
[23:57:08] INFO: spigot-1.14.4 | (20)
[23:57:08] INFO: spigot-1.15 | (21)
[23:57:08] INFO: spigot-1.15.1 | (22)
[23:57:08] INFO: spigot-1.15.2 | (23)
[23:57:08] INFO: spigot-1.16.1 | (24)
[23:57:16] INFO: Trying to install Server Version: SPIGOT_1_12_2
[23:57:16] INFO: Downloading Version: SPIGOT_1_12_2 please don't stop the Wrapper
[23:57:23] INFO: Action 'VERSIONINSTALL' took: (6.64) Seconds!
[23:57:23] INFO: This Cloud is Using Versions: SPIGOT_1_12_2
[23:58:06] INFO: Stopping Cloud [ShutDownHookWrapper]
