[Cloud-Thread | 00:28:25] INFO: Registered Packet By Clazz: de.crycodes.de.spacebyter.liptoncloud.packets.global.RegisterPacket
[Cloud-Thread | 00:28:25] INFO: Registered Packet By Clazz: de.crycodes.de.spacebyter.liptoncloud.packets.global.ShutDownPacket
[Cloud-Thread | 00:28:25] INFO: Registered Packet By Clazz: de.crycodes.de.spacebyter.liptoncloud.packets.server.proxy.in.SendProxyConfigPacket
[Cloud-Thread | 00:28:25] INFO: Registered Packet By Clazz: de.crycodes.de.spacebyter.liptoncloud.packets.server.proxy.in.StopProxyPacket
[Cloud-Thread | 00:28:25] INFO: Registered Packet By Clazz: de.crycodes.de.spacebyter.liptoncloud.packets.server.proxy.out.ProxyStoppingPacket
[Cloud-Thread | 00:28:25] INFO: Registered Packet By Clazz: de.crycodes.de.spacebyter.liptoncloud.packets.server.server.in.ExecuteCommandPacket
[Cloud-Thread | 00:28:25] INFO: Registered Packet By Clazz: de.crycodes.de.spacebyter.liptoncloud.packets.server.server.in.SendServerConfigPacket
[Cloud-Thread | 00:28:25] INFO: Registered Packet By Clazz: de.crycodes.de.spacebyter.liptoncloud.packets.server.server.in.StopServerGroupPacket
[Cloud-Thread | 00:28:25] INFO: Registered Packet By Clazz: de.crycodes.de.spacebyter.liptoncloud.packets.server.server.in.StopServerPacket
[Cloud-Thread | 00:28:25] INFO: Registered Packet By Clazz: de.crycodes.de.spacebyter.liptoncloud.packets.server.server.out.ServerStoppingPacket
[Cloud-Thread | 00:28:25] INFO: Registered Packet By Clazz: de.crycodes.de.spacebyter.liptoncloud.packets.wrapper.in.CopyServerPacket
[Cloud-Thread | 00:28:25] INFO: Registered Packet By Clazz: de.crycodes.de.spacebyter.liptoncloud.packets.wrapper.in.CreateTemplatePacket
[Cloud-Thread | 00:28:25] INFO: Registered Packet By Clazz: de.crycodes.de.spacebyter.liptoncloud.packets.wrapper.in.StartServerPacket
[Cloud-Thread | 00:28:25] INFO: Registered Packet By Clazz: de.crycodes.de.spacebyter.liptoncloud.packets.wrapper.out.DebugPacket
[Cloud-Thread | 00:28:25] INFO: Registered Packet By Clazz: de.crycodes.de.spacebyter.liptoncloud.packets.wrapper.out.ErrorPacket
[Cloud-Thread | 00:28:25] INFO: Registered Packet By Clazz: de.crycodes.de.spacebyter.liptoncloud.packets.wrapper.out.InfoPacket
[Cloud-Thread | 00:28:25] INFO: Registered Packet By Clazz: de.crycodes.de.spacebyter.liptoncloud.packets.wrapper.out.WarningPacket
[Cloud-Thread | 00:28:25] INFO: Registered Packet By Clazz: de.crycodes.de.spacebyter.liptoncloud.packets.global.UpdateMaintenancePacket
[Cloud-Thread | 00:28:25] INFO: Registered Packet By Clazz: de.crycodes.de.spacebyter.liptoncloud.packets.server.proxy.out.ServerGroupUpdatePacket
[Cloud-Thread | 00:28:25] INFO: Registered Packet By Clazz: de.crycodes.de.spacebyter.liptoncloud.packets.server.server.out.ServerUpdatePacket
[Cloud-Thread | 00:28:25] INFO: Registered Packet By Clazz: de.crycodes.de.spacebyter.liptoncloud.packets.global.RegisterResponsePacket
[Cloud-Thread | 00:28:25] INFO: [34mâ–‘â–ˆâ–ˆâ–ˆâ–ˆâ–ˆâ•—â–‘â–ˆâ–ˆâ•—â–‘â–‘â–‘â–‘â–‘â–‘â–ˆâ–ˆâ–ˆâ–ˆâ–ˆâ•—â–‘â–ˆâ–ˆâ•—â–‘â–‘â–‘â–ˆâ–ˆâ•—â–ˆâ–ˆâ–ˆâ–ˆâ–ˆâ–ˆâ•—â–‘[0m
[Cloud-Thread | 00:28:25] INFO: [34mâ–ˆâ–ˆâ•”â•â•â–ˆâ–ˆâ•—â–ˆâ–ˆâ•‘â–‘â–‘â–‘â–‘â–‘â–ˆâ–ˆâ•”â•â•â–ˆâ–ˆâ•—â–ˆâ–ˆâ•‘â–‘â–‘â–‘â–ˆâ–ˆâ•‘â–ˆâ–ˆâ•”â•â•â–ˆâ–ˆâ•—[0m
[Cloud-Thread | 00:28:25] INFO: [34mâ–ˆâ–ˆâ•‘â–‘â–‘â•šâ•â•â–ˆâ–ˆâ•‘â–‘â–‘â–‘â–‘â–‘â–ˆâ–ˆâ•‘â–‘â–‘â–ˆâ–ˆâ•‘â–ˆâ–ˆâ•‘â–‘â–‘â–‘â–ˆâ–ˆâ•‘â–ˆâ–ˆâ•‘â–‘â–‘â–ˆâ–ˆâ•‘[0m
[Cloud-Thread | 00:28:25] INFO: [34mâ–ˆâ–ˆâ•‘â–‘â–‘â–ˆâ–ˆâ•—â–ˆâ–ˆâ•‘â–‘â–‘â–‘â–‘â–‘â–ˆâ–ˆâ•‘â–‘â–‘â–ˆâ–ˆâ•‘â–ˆâ–ˆâ•‘â–‘â–‘â–‘â–ˆâ–ˆâ•‘â–ˆâ–ˆâ•‘â–‘â–‘â–ˆâ–ˆâ•‘[0m
[Cloud-Thread | 00:28:25] INFO: [34mâ•šâ–ˆâ–ˆâ–ˆâ–ˆâ–ˆâ•”â•â–ˆâ–ˆâ–ˆâ–ˆâ–ˆâ–ˆâ–ˆâ•—â•šâ–ˆâ–ˆâ–ˆâ–ˆâ–ˆâ•”â•â•šâ–ˆâ–ˆâ–ˆâ–ˆâ–ˆâ–ˆâ•”â•â–ˆâ–ˆâ–ˆâ–ˆâ–ˆâ–ˆâ•”â•[0m
[Cloud-Thread | 00:28:25] INFO: [34mâ–‘â•šâ•â•â•â•â•â–‘â•šâ•â•â•â•â•â•â•â–‘â•šâ•â•â•â•â•â–‘â–‘â•šâ•â•â•â•â•â•â–‘â•šâ•â•â•â•â•â•â–‘[0m
[Cloud-Thread | 00:28:25] INFO: â–¬â–¬â–¬â–¬â–¬â–¬â–¬â–¬â–¬â–¬â–¬â–¬â–¬â–¬â–¬â–¬â–¬â–¬â–¬â–¬â–¬â–¬â–¬â–¬â–¬â–¬â–¬â–¬â–¬â–¬â–¬â–¬â–¬â–¬â–¬â–¬â–¬â–¬
[Cloud-Thread | 00:28:25] INFO: Coded by CryCodes & SpaceByter
[Cloud-Thread | 00:28:25] INFO: 
[Cloud-Thread | 00:28:25] INFO: Startet WrapperMaster Client on: (127.0.0.1:9685)
[Cloud-Thread | 00:28:25] INFO: Connected Successful to Master!
[Cloud-Thread | 00:28:25] INFO: This Cloud is Using the Version spigot-1.8.8-R0.1-SNAPSHOT-latest
[Cloud-Thread | 00:28:25] INFO: Action 'WRAPPERSTARTUP' took: (0.4) Seconds!
[Cloud-Thread | 00:28:26] INFO: Server Startet: Lobby-1 on (30000)
[Cloud-Thread | 00:28:28] INFO: Server Startet: Lobby-2 on (30001)
[Cloud-Thread | 00:28:51] INFO: Server Startet: Lobby-3 on (30002)
[Cloud-Thread | 00:29:22] INFO: Stopping Cloud [ShutDownHookWrapper]
