[23:54:30] INFO: Registered Packet By Clazz: de.crycodes.de.spacebyter.liptoncloud.packets.global.RegisterPacket
[23:54:30] INFO: Registered Packet By Clazz: de.crycodes.de.spacebyter.liptoncloud.packets.global.ShutDownPacket
[23:54:30] INFO: Registered Packet By Clazz: de.crycodes.de.spacebyter.liptoncloud.packets.server.proxy.in.SendProxyConfigPacket
[23:54:30] INFO: Registered Packet By Clazz: de.crycodes.de.spacebyter.liptoncloud.packets.server.proxy.in.StopProxyPacket
[23:54:30] INFO: Registered Packet By Clazz: de.crycodes.de.spacebyter.liptoncloud.packets.server.proxy.out.ProxyStoppingPacket
[23:54:30] INFO: Registered Packet By Clazz: de.crycodes.de.spacebyter.liptoncloud.packets.server.server.in.ExecuteCommandPacket
[23:54:30] INFO: Registered Packet By Clazz: de.crycodes.de.spacebyter.liptoncloud.packets.server.server.in.SendServerConfigPacket
[23:54:30] INFO: Registered Packet By Clazz: de.crycodes.de.spacebyter.liptoncloud.packets.server.server.in.StopServerGroupPacket
[23:54:30] INFO: Registered Packet By Clazz: de.crycodes.de.spacebyter.liptoncloud.packets.server.server.in.StopServerPacket
[23:54:30] INFO: Registered Packet By Clazz: de.crycodes.de.spacebyter.liptoncloud.packets.server.server.out.ServerStoppingPacket
[23:54:30] INFO: Registered Packet By Clazz: de.crycodes.de.spacebyter.liptoncloud.packets.wrapper.in.CopyServerPacket
[23:54:30] INFO: Registered Packet By Clazz: de.crycodes.de.spacebyter.liptoncloud.packets.wrapper.in.CreateTemplatePacket
[23:54:30] INFO: Registered Packet By Clazz: de.crycodes.de.spacebyter.liptoncloud.packets.wrapper.in.StartServerPacket
[23:54:30] INFO: Registered Packet By Clazz: de.crycodes.de.spacebyter.liptoncloud.packets.wrapper.out.DebugPacket
[23:54:30] INFO: Registered Packet By Clazz: de.crycodes.de.spacebyter.liptoncloud.packets.wrapper.out.ErrorPacket
[23:54:30] INFO: Registered Packet By Clazz: de.crycodes.de.spacebyter.liptoncloud.packets.wrapper.out.InfoPacket
[23:54:30] INFO: Registered Packet By Clazz: de.crycodes.de.spacebyter.liptoncloud.packets.wrapper.out.WarningPacket
[23:54:30] INFO: Registered Packet By Clazz: de.crycodes.de.spacebyter.liptoncloud.packets.global.UpdateMaintenancePacket
[23:54:30] INFO: Registered Packet By Clazz: de.crycodes.de.spacebyter.liptoncloud.packets.server.proxy.out.ServerGroupUpdatePacket
[23:54:30] INFO: Registered Packet By Clazz: de.crycodes.de.spacebyter.liptoncloud.packets.server.server.out.ServerUpdatePacket
[23:54:30] INFO: Registered Packet By Clazz: de.crycodes.de.spacebyter.liptoncloud.packets.global.RegisterResponsePacket
[23:54:30] INFO: [34m __    _     ___   _     ___   __   _     __  _____  ____  _     [0m
[23:54:30] INFO: [34m/ /`  | |   / / \ | | | | | \ ( (` \ \_/ ( (`  | |  | |_  | |\/| [0m
[23:54:30] INFO: [34m\_\_, |_|__ \_\_/ \_\_/ |_|_/ _)_)  |_|  _)_)  |_|  |_|__ |_|  | [0m
[23:54:30] INFO: [31m▬▬▬▬▬▬▬▬▬▬▬▬▬▬▬▬▬▬▬▬▬▬▬▬▬▬▬▬▬▬▬▬▬▬▬▬▬▬[0m
[23:54:30] INFO: [34mCoded by CryCodes & SpaceByter[0m
[23:54:30] INFO: 
[23:54:30] INFO: Startet WrapperMaster Client on: (127.0.0.1:9685)
[23:54:30] INFO: Connected Successful to Master!
[23:54:30] INFO: This Cloud is Using the Version spigot-1.9-R0.1-SNAPSHOT-latest
[23:54:30] INFO: Action 'WRAPPERSTARTUP' took: (0.4) Seconds!
[23:54:31] INFO: ServerMeta{serverName='Lobby-1', id=1, serverGroupMeta=ServerGroupMeta{groupName='Lobby', maxMemory=512, minMemory=128, dynamicService=true, maintenance=true, maxServer=2, minServer=1}, wrapperID='Wrapper-1', host='127.0.0.1', port=30000}
[23:54:44] INFO: ServerMeta{serverName='Bedwars-1', id=1, serverGroupMeta=ServerGroupMeta{groupName='Bedwars', maxMemory=512, minMemory=128, dynamicService=true, maintenance=false, maxServer=4, minServer=3}, wrapperID='Wrapper-1', host='127.0.0.1', port=30001}
[23:54:46] INFO: ServerMeta{serverName='Bedwars-2', id=2, serverGroupMeta=ServerGroupMeta{groupName='Bedwars', maxMemory=512, minMemory=128, dynamicService=true, maintenance=false, maxServer=4, minServer=3}, wrapperID='Wrapper-1', host='127.0.0.1', port=30002}
[23:54:49] INFO: ServerMeta{serverName='Bedwars-3', id=3, serverGroupMeta=ServerGroupMeta{groupName='Bedwars', maxMemory=512, minMemory=128, dynamicService=true, maintenance=false, maxServer=4, minServer=3}, wrapperID='Wrapper-1', host='127.0.0.1', port=30003}
[23:55:03] INFO: Stopping Cloud [ShutDownHookWrapper]
