[15:25:25] INFO: Registered Packet By Clazz: de.crycodes.de.spacebyter.liptoncloud.packets.global.RegisterPacket
[15:25:25] INFO: Registered Packet By Clazz: de.crycodes.de.spacebyter.liptoncloud.packets.global.ShutDownPacket
[15:25:25] INFO: Registered Packet By Clazz: de.crycodes.de.spacebyter.liptoncloud.packets.server.proxy.in.SendProxyConfigPacket
[15:25:25] INFO: Registered Packet By Clazz: de.crycodes.de.spacebyter.liptoncloud.packets.server.proxy.in.StopProxyPacket
[15:25:25] INFO: Registered Packet By Clazz: de.crycodes.de.spacebyter.liptoncloud.packets.server.proxy.out.ProxyStoppingPacket
[15:25:25] INFO: Registered Packet By Clazz: de.crycodes.de.spacebyter.liptoncloud.packets.server.server.in.ExecuteCommandPacket
[15:25:25] INFO: Registered Packet By Clazz: de.crycodes.de.spacebyter.liptoncloud.packets.server.server.in.SendServerConfigPacket
[15:25:25] INFO: Registered Packet By Clazz: de.crycodes.de.spacebyter.liptoncloud.packets.server.server.in.StopServerGroupPacket
[15:25:25] INFO: Registered Packet By Clazz: de.crycodes.de.spacebyter.liptoncloud.packets.server.server.in.StopServerPacket
[15:25:25] INFO: Registered Packet By Clazz: de.crycodes.de.spacebyter.liptoncloud.packets.server.server.out.ServerStoppingPacket
[15:25:25] INFO: Registered Packet By Clazz: de.crycodes.de.spacebyter.liptoncloud.packets.wrapper.in.CopyServerPacket
[15:25:25] INFO: Registered Packet By Clazz: de.crycodes.de.spacebyter.liptoncloud.packets.wrapper.in.CreateTemplatePacket
[15:25:25] INFO: Registered Packet By Clazz: de.crycodes.de.spacebyter.liptoncloud.packets.wrapper.in.StartServerPacket
[15:25:25] INFO: Registered Packet By Clazz: de.crycodes.de.spacebyter.liptoncloud.packets.wrapper.out.DebugPacket
[15:25:25] INFO: Registered Packet By Clazz: de.crycodes.de.spacebyter.liptoncloud.packets.wrapper.out.ErrorPacket
[15:25:25] INFO: Registered Packet By Clazz: de.crycodes.de.spacebyter.liptoncloud.packets.wrapper.out.InfoPacket
[15:25:25] INFO: Registered Packet By Clazz: de.crycodes.de.spacebyter.liptoncloud.packets.wrapper.out.WarningPacket
[15:25:25] INFO: Registered Packet By Clazz: de.crycodes.de.spacebyter.liptoncloud.packets.global.UpdateMaintenancePacket
[15:25:25] INFO: Registered Packet By Clazz: de.crycodes.de.spacebyter.liptoncloud.packets.server.proxy.out.ServerGroupUpdatePacket
[15:25:25] INFO: Registered Packet By Clazz: de.crycodes.de.spacebyter.liptoncloud.packets.server.server.out.ServerUpdatePacket
[15:25:25] INFO: Registered Packet By Clazz: de.crycodes.de.spacebyter.liptoncloud.packets.global.RegisterResponsePacket
[15:25:25] INFO: [34m __    _     ___   _     ___   __   _     __  _____  ____  _     [0m
[15:25:25] INFO: [34m/ /`  | |   / / \ | | | | | \ ( (` \ \_/ ( (`  | |  | |_  | |\/| [0m
[15:25:25] INFO: [34m\_\_, |_|__ \_\_/ \_\_/ |_|_/ _)_)  |_|  _)_)  |_|  |_|__ |_|  | [0m
[15:25:25] INFO: [31m▬▬▬▬▬▬▬▬▬▬▬▬▬▬▬▬▬▬▬▬▬▬▬▬▬▬▬▬▬▬▬▬▬▬▬▬▬▬[0m
[15:25:25] INFO: [34mCoded by CryCodes & SpaceByter[0m
[15:25:25] INFO: 
[15:25:25] INFO: Startet WrapperMaster Client on: (127.0.0.1:9685)
[15:25:25] INFO: Connected Successful to Master!
[15:25:25] INFO: This Cloud is Using the Version spigot-1.12.2
[15:25:25] INFO: Action 'WRAPPERSTARTUP' took: (0.6) Seconds!
[15:25:26] INFO: ServerMeta{serverName='Bedwars-1', id=1, serverGroupMeta=ServerGroupMeta{groupName='Bedwars', maxMemory=512, minMemory=128, dynamicService=true, maintenance=false, maxServer=4, minServer=3}, wrapperID='Wrapper-1', host='127.0.0.1', port=30000}
[15:25:26] INFO: ServerMeta{serverName='Lobby-1', id=1, serverGroupMeta=ServerGroupMeta{groupName='Lobby', maxMemory=512, minMemory=128, dynamicService=true, maintenance=true, maxServer=2, minServer=1}, wrapperID='Wrapper-1', host='127.0.0.1', port=30001}
[15:25:29] INFO: ServerMeta{serverName='Bedwars-2', id=2, serverGroupMeta=ServerGroupMeta{groupName='Bedwars', maxMemory=512, minMemory=128, dynamicService=true, maintenance=false, maxServer=4, minServer=3}, wrapperID='Wrapper-1', host='127.0.0.1', port=30002}
[15:25:31] INFO: ServerMeta{serverName='Bedwars-3', id=3, serverGroupMeta=ServerGroupMeta{groupName='Bedwars', maxMemory=512, minMemory=128, dynamicService=true, maintenance=false, maxServer=4, minServer=3}, wrapperID='Wrapper-1', host='127.0.0.1', port=30003}
