[23:36:38] INFO: Registered Packet By Clazz: de.crycodes.de.spacebyter.liptoncloud.packets.global.RegisterPacket
[23:36:38] INFO: Registered Packet By Clazz: de.crycodes.de.spacebyter.liptoncloud.packets.global.ShutDownPacket
[23:36:38] INFO: Registered Packet By Clazz: de.crycodes.de.spacebyter.liptoncloud.packets.server.proxy.in.SendProxyConfigPacket
[23:36:38] INFO: Registered Packet By Clazz: de.crycodes.de.spacebyter.liptoncloud.packets.server.proxy.in.StopProxyPacket
[23:36:38] INFO: Registered Packet By Clazz: de.crycodes.de.spacebyter.liptoncloud.packets.server.proxy.out.ProxyStoppingPacket
[23:36:38] INFO: Registered Packet By Clazz: de.crycodes.de.spacebyter.liptoncloud.packets.server.server.in.ExecuteCommandPacket
[23:36:38] INFO: Registered Packet By Clazz: de.crycodes.de.spacebyter.liptoncloud.packets.server.server.in.SendServerConfigPacket
[23:36:38] INFO: Registered Packet By Clazz: de.crycodes.de.spacebyter.liptoncloud.packets.server.server.in.StopServerGroupPacket
[23:36:38] INFO: Registered Packet By Clazz: de.crycodes.de.spacebyter.liptoncloud.packets.server.server.in.StopServerPacket
[23:36:38] INFO: Registered Packet By Clazz: de.crycodes.de.spacebyter.liptoncloud.packets.server.server.out.ServerStoppingPacket
[23:36:38] INFO: Registered Packet By Clazz: de.crycodes.de.spacebyter.liptoncloud.packets.wrapper.in.CopyServerPacket
[23:36:38] INFO: Registered Packet By Clazz: de.crycodes.de.spacebyter.liptoncloud.packets.wrapper.in.CreateTemplatePacket
[23:36:38] INFO: Registered Packet By Clazz: de.crycodes.de.spacebyter.liptoncloud.packets.wrapper.in.StartServerPacket
[23:36:38] INFO: Registered Packet By Clazz: de.crycodes.de.spacebyter.liptoncloud.packets.wrapper.out.DebugPacket
[23:36:38] INFO: Registered Packet By Clazz: de.crycodes.de.spacebyter.liptoncloud.packets.wrapper.out.ErrorPacket
[23:36:38] INFO: Registered Packet By Clazz: de.crycodes.de.spacebyter.liptoncloud.packets.wrapper.out.InfoPacket
[23:36:38] INFO: Registered Packet By Clazz: de.crycodes.de.spacebyter.liptoncloud.packets.wrapper.out.WarningPacket
[23:36:38] INFO: Registered Packet By Clazz: de.crycodes.de.spacebyter.liptoncloud.packets.global.UpdateMaintenancePacket
[23:36:38] INFO: Registered Packet By Clazz: de.crycodes.de.spacebyter.liptoncloud.packets.server.proxy.out.ServerGroupUpdatePacket
[23:36:38] INFO: Registered Packet By Clazz: de.crycodes.de.spacebyter.liptoncloud.packets.server.server.out.ServerUpdatePacket
[23:36:38] INFO: Registered Packet By Clazz: de.crycodes.de.spacebyter.liptoncloud.packets.global.RegisterResponsePacket
[23:36:38] INFO: [34m __    _     ___   _     ___   __   _     __  _____  ____  _     [0m
[23:36:38] INFO: [34m/ /`  | |   / / \ | | | | | \ ( (` \ \_/ ( (`  | |  | |_  | |\/| [0m
[23:36:38] INFO: [34m\_\_, |_|__ \_\_/ \_\_/ |_|_/ _)_)  |_|  _)_)  |_|  |_|__ |_|  | [0m
[23:36:38] INFO: [31m▬▬▬▬▬▬▬▬▬▬▬▬▬▬▬▬▬▬▬▬▬▬▬▬▬▬▬▬▬▬▬▬▬▬▬▬▬▬[0m
[23:36:38] INFO: [34mCoded by CryCodes & SpaceByter[0m
[23:36:38] INFO: 
[23:36:38] INFO: Connected Successful to Master!
[23:36:38] INFO: Startet WrapperMaster Client on: (127.0.0.1:9685)
[23:36:38] INFO: This Cloud is Using the Version spigot-1.12.2
[23:36:38] INFO: Action 'WRAPPERSTARTUP' took: (0.6) Seconds!
[23:37:33] INFO: Trying to install Server Version: SPIGOT_1_8_8
[23:37:33] INFO: Downloading Version: SPIGOT_1_8_8 please don't stop the Wrapper
[23:37:36] INFO: Action 'VERSIONINSTALL' took: (3.34) Seconds!
[23:37:36] INFO: This Cloud is Using Versions: SPIGOT_1_8_8
[23:37:54] INFO: Stopping Cloud [ShutDownHookWrapper]
