[14:21:45] INFO: Registered Packet By Clazz: de.crycodes.de.spacebyter.liptoncloud.packets.global.RegisterPacket
[14:21:45] INFO: Registered Packet By Clazz: de.crycodes.de.spacebyter.liptoncloud.packets.global.ShutDownPacket
[14:21:45] INFO: Registered Packet By Clazz: de.crycodes.de.spacebyter.liptoncloud.packets.server.proxy.in.SendProxyConfigPacket
[14:21:45] INFO: Registered Packet By Clazz: de.crycodes.de.spacebyter.liptoncloud.packets.server.proxy.in.StopProxyPacket
[14:21:45] INFO: Registered Packet By Clazz: de.crycodes.de.spacebyter.liptoncloud.packets.server.proxy.out.ProxyStoppingPacket
[14:21:45] INFO: Registered Packet By Clazz: de.crycodes.de.spacebyter.liptoncloud.packets.server.server.in.ExecuteCommandPacket
[14:21:45] INFO: Registered Packet By Clazz: de.crycodes.de.spacebyter.liptoncloud.packets.server.server.in.SendServerConfigPacket
[14:21:45] INFO: Registered Packet By Clazz: de.crycodes.de.spacebyter.liptoncloud.packets.server.server.in.StopServerGroupPacket
[14:21:45] INFO: Registered Packet By Clazz: de.crycodes.de.spacebyter.liptoncloud.packets.server.server.in.StopServerPacket
[14:21:45] INFO: Registered Packet By Clazz: de.crycodes.de.spacebyter.liptoncloud.packets.server.server.out.ServerStoppingPacket
[14:21:45] INFO: Registered Packet By Clazz: de.crycodes.de.spacebyter.liptoncloud.packets.wrapper.in.CopyServerPacket
[14:21:45] INFO: Registered Packet By Clazz: de.crycodes.de.spacebyter.liptoncloud.packets.wrapper.in.CreateTemplatePacket
[14:21:45] INFO: Registered Packet By Clazz: de.crycodes.de.spacebyter.liptoncloud.packets.wrapper.in.StartServerPacket
[14:21:45] INFO: Registered Packet By Clazz: de.crycodes.de.spacebyter.liptoncloud.packets.wrapper.out.DebugPacket
[14:21:45] INFO: Registered Packet By Clazz: de.crycodes.de.spacebyter.liptoncloud.packets.wrapper.out.ErrorPacket
[14:21:45] INFO: Registered Packet By Clazz: de.crycodes.de.spacebyter.liptoncloud.packets.wrapper.out.InfoPacket
[14:21:45] INFO: Registered Packet By Clazz: de.crycodes.de.spacebyter.liptoncloud.packets.wrapper.out.WarningPacket
[14:21:45] INFO: Registered Packet By Clazz: de.crycodes.de.spacebyter.liptoncloud.packets.global.UpdateMaintenancePacket
[14:21:45] INFO: Registered Packet By Clazz: de.crycodes.de.spacebyter.liptoncloud.packets.server.proxy.out.ServerGroupUpdatePacket
[14:21:45] INFO: Registered Packet By Clazz: de.crycodes.de.spacebyter.liptoncloud.packets.server.server.out.ServerUpdatePacket
[14:21:45] INFO: Registered Packet By Clazz: de.crycodes.de.spacebyter.liptoncloud.packets.global.RegisterResponsePacket
[14:21:45] INFO: [34mâ–‘â–ˆâ–ˆâ–ˆâ–ˆâ–ˆâ•—â–‘â–ˆâ–ˆâ•—â–‘â–‘â–‘â–‘â–‘â–‘â–ˆâ–ˆâ–ˆâ–ˆâ–ˆâ•—â–‘â–ˆâ–ˆâ•—â–‘â–‘â–‘â–ˆâ–ˆâ•—â–ˆâ–ˆâ–ˆâ–ˆâ–ˆâ–ˆâ•—â–‘[0m
[14:21:45] INFO: [34mâ–ˆâ–ˆâ•”â•â•â–ˆâ–ˆâ•—â–ˆâ–ˆâ•‘â–‘â–‘â–‘â–‘â–‘â–ˆâ–ˆâ•”â•â•â–ˆâ–ˆâ•—â–ˆâ–ˆâ•‘â–‘â–‘â–‘â–ˆâ–ˆâ•‘â–ˆâ–ˆâ•”â•â•â–ˆâ–ˆâ•—[0m
[14:21:45] INFO: [34mâ–ˆâ–ˆâ•‘â–‘â–‘â•šâ•â•â–ˆâ–ˆâ•‘â–‘â–‘â–‘â–‘â–‘â–ˆâ–ˆâ•‘â–‘â–‘â–ˆâ–ˆâ•‘â–ˆâ–ˆâ•‘â–‘â–‘â–‘â–ˆâ–ˆâ•‘â–ˆâ–ˆâ•‘â–‘â–‘â–ˆâ–ˆâ•‘[0m
[14:21:45] INFO: [34mâ–ˆâ–ˆâ•‘â–‘â–‘â–ˆâ–ˆâ•—â–ˆâ–ˆâ•‘â–‘â–‘â–‘â–‘â–‘â–ˆâ–ˆâ•‘â–‘â–‘â–ˆâ–ˆâ•‘â–ˆâ–ˆâ•‘â–‘â–‘â–‘â–ˆâ–ˆâ•‘â–ˆâ–ˆâ•‘â–‘â–‘â–ˆâ–ˆâ•‘[0m
[14:21:45] INFO: [34mâ•šâ–ˆâ–ˆâ–ˆâ–ˆâ–ˆâ•”â•â–ˆâ–ˆâ–ˆâ–ˆâ–ˆâ–ˆâ–ˆâ•—â•šâ–ˆâ–ˆâ–ˆâ–ˆâ–ˆâ•”â•â•šâ–ˆâ–ˆâ–ˆâ–ˆâ–ˆâ–ˆâ•”â•â–ˆâ–ˆâ–ˆâ–ˆâ–ˆâ–ˆâ•”â•[0m
[14:21:45] INFO: [34mâ–‘â•šâ•â•â•â•â•â–‘â•šâ•â•â•â•â•â•â•â–‘â•šâ•â•â•â•â•â–‘â–‘â•šâ•â•â•â•â•â•â–‘â•šâ•â•â•â•â•â•â–‘[0m
[14:21:45] INFO: â–¬â–¬â–¬â–¬â–¬â–¬â–¬â–¬â–¬â–¬â–¬â–¬â–¬â–¬â–¬â–¬â–¬â–¬â–¬â–¬â–¬â–¬â–¬â–¬â–¬â–¬â–¬â–¬â–¬â–¬â–¬â–¬â–¬â–¬â–¬â–¬â–¬â–¬
[14:21:45] INFO: Coded by CryCodes & SpaceByter
[14:21:45] INFO: 
