[23:53:52] INFO: Registered Packet By Clazz: de.crycodes.de.spacebyter.liptoncloud.packets.global.RegisterPacket
[23:53:52] INFO: Registered Packet By Clazz: de.crycodes.de.spacebyter.liptoncloud.packets.global.ShutDownPacket
[23:53:52] INFO: Registered Packet By Clazz: de.crycodes.de.spacebyter.liptoncloud.packets.server.proxy.in.SendProxyConfigPacket
[23:53:52] INFO: Registered Packet By Clazz: de.crycodes.de.spacebyter.liptoncloud.packets.server.proxy.in.StopProxyPacket
[23:53:52] INFO: Registered Packet By Clazz: de.crycodes.de.spacebyter.liptoncloud.packets.server.proxy.out.ProxyStoppingPacket
[23:53:52] INFO: Registered Packet By Clazz: de.crycodes.de.spacebyter.liptoncloud.packets.server.server.in.ExecuteCommandPacket
[23:53:52] INFO: Registered Packet By Clazz: de.crycodes.de.spacebyter.liptoncloud.packets.server.server.in.SendServerConfigPacket
[23:53:52] INFO: Registered Packet By Clazz: de.crycodes.de.spacebyter.liptoncloud.packets.server.server.in.StopServerGroupPacket
[23:53:52] INFO: Registered Packet By Clazz: de.crycodes.de.spacebyter.liptoncloud.packets.server.server.in.StopServerPacket
[23:53:52] INFO: Registered Packet By Clazz: de.crycodes.de.spacebyter.liptoncloud.packets.server.server.out.ServerStoppingPacket
[23:53:52] INFO: Registered Packet By Clazz: de.crycodes.de.spacebyter.liptoncloud.packets.wrapper.in.CopyServerPacket
[23:53:52] INFO: Registered Packet By Clazz: de.crycodes.de.spacebyter.liptoncloud.packets.wrapper.in.CreateTemplatePacket
[23:53:52] INFO: Registered Packet By Clazz: de.crycodes.de.spacebyter.liptoncloud.packets.wrapper.in.StartServerPacket
[23:53:52] INFO: Registered Packet By Clazz: de.crycodes.de.spacebyter.liptoncloud.packets.wrapper.out.DebugPacket
[23:53:52] INFO: Registered Packet By Clazz: de.crycodes.de.spacebyter.liptoncloud.packets.wrapper.out.ErrorPacket
[23:53:52] INFO: Registered Packet By Clazz: de.crycodes.de.spacebyter.liptoncloud.packets.wrapper.out.InfoPacket
[23:53:52] INFO: Registered Packet By Clazz: de.crycodes.de.spacebyter.liptoncloud.packets.wrapper.out.WarningPacket
[23:53:52] INFO: Registered Packet By Clazz: de.crycodes.de.spacebyter.liptoncloud.packets.global.UpdateMaintenancePacket
[23:53:52] INFO: Registered Packet By Clazz: de.crycodes.de.spacebyter.liptoncloud.packets.server.proxy.out.ServerGroupUpdatePacket
[23:53:52] INFO: Registered Packet By Clazz: de.crycodes.de.spacebyter.liptoncloud.packets.server.server.out.ServerUpdatePacket
[23:53:52] INFO: Registered Packet By Clazz: de.crycodes.de.spacebyter.liptoncloud.packets.global.RegisterResponsePacket
[23:53:52] INFO: [34m __    _     ___   _     ___   __   _     __  _____  ____  _     [0m
[23:53:52] INFO: [34m/ /`  | |   / / \ | | | | | \ ( (` \ \_/ ( (`  | |  | |_  | |\/| [0m
[23:53:52] INFO: [34m\_\_, |_|__ \_\_/ \_\_/ |_|_/ _)_)  |_|  _)_)  |_|  |_|__ |_|  | [0m
[23:53:52] INFO: [31m▬▬▬▬▬▬▬▬▬▬▬▬▬▬▬▬▬▬▬▬▬▬▬▬▬▬▬▬▬▬▬▬▬▬▬▬▬▬[0m
[23:53:52] INFO: [34mCoded by CryCodes & SpaceByter[0m
[23:53:52] INFO: 
[23:53:52] INFO: Loaded Addon: CloudFlare-1.0-SNAPSHOT
[23:53:52] INFO: Loaded Addon: SignSystem-1.0-SNAPSHOT
[23:53:53] ERROR: An error occurred in cloudflare addon: Could not find zone id for given domain, please recheck
[23:53:53] ERROR: An error occurred in cloudflare addon: Could not find zone id for given domain, please recheck
[23:53:53] INFO: [SIGNSYSTEM] Starting NetworkServer on (127.0.0.1:8899)!
[23:53:53] INFO: Using SignSystem for LiptonCloud!
[23:53:53] INFO: Starting Master-Wrapper Server on Port: (9685) !
[23:53:53] INFO: Starting Proxy-Wrapper Server on Port: (1784) !
[23:53:53] INFO: Starting Master-Spigot Server on Port: (7898) !
[23:53:53] INFO: Action 'MASTERSTARTUP' took: (1.12) Seconds!
[23:53:59] INFO: create SERVERGROUP
[23:53:59] INFO: create TEMPLATE <Group>
[23:53:59] INFO: create PROXY
[23:53:59] INFO: create WRAPPER
[23:54:25] INFO: Servergroup 'Bedwars' was successfully created!
[23:54:30] INFO: Trying to Register Wrapper: Wrapper-1
[23:54:30] INFO: Registered new Wrapper: Wrapper-1
[23:54:31] INFO: [AUTOSTART] StartetServer 'Lobby' stats: (1/1) Port: 30000 | ID: 1 !
[23:54:41] INFO: Cloud was Reloaded!
[23:54:44] INFO: [AUTOSTART] StartetServer 'Bedwars' stats: (1/3) Port: 30001 | ID: 1 !
[23:54:46] INFO: [AUTOSTART] StartetServer 'Bedwars' stats: (2/3) Port: 30002 | ID: 2 !
[23:54:49] INFO: [AUTOSTART] StartetServer 'Bedwars' stats: (3/3) Port: 30003 | ID: 3 !
