[Cloud-Thread | 14:02:34] INFO: Registered Packet By Clazz: de.crycodes.de.spacebyter.liptoncloud.packets.global.RegisterPacket
[Cloud-Thread | 14:02:34] INFO: Registered Packet By Clazz: de.crycodes.de.spacebyter.liptoncloud.packets.global.ShutDownPacket
[Cloud-Thread | 14:02:34] INFO: Registered Packet By Clazz: de.crycodes.de.spacebyter.liptoncloud.packets.server.proxy.in.SendProxyConfigPacket
[Cloud-Thread | 14:02:34] INFO: Registered Packet By Clazz: de.crycodes.de.spacebyter.liptoncloud.packets.server.proxy.in.StopProxyPacket
[Cloud-Thread | 14:02:34] INFO: Registered Packet By Clazz: de.crycodes.de.spacebyter.liptoncloud.packets.server.proxy.out.ProxyStoppingPacket
[Cloud-Thread | 14:02:34] INFO: Registered Packet By Clazz: de.crycodes.de.spacebyter.liptoncloud.packets.server.server.in.ExecuteCommandPacket
[Cloud-Thread | 14:02:34] INFO: Registered Packet By Clazz: de.crycodes.de.spacebyter.liptoncloud.packets.server.server.in.SendServerConfigPacket
[Cloud-Thread | 14:02:34] INFO: Registered Packet By Clazz: de.crycodes.de.spacebyter.liptoncloud.packets.server.server.in.StopServerGroupPacket
[Cloud-Thread | 14:02:34] INFO: Registered Packet By Clazz: de.crycodes.de.spacebyter.liptoncloud.packets.server.server.in.StopServerPacket
[Cloud-Thread | 14:02:34] INFO: Registered Packet By Clazz: de.crycodes.de.spacebyter.liptoncloud.packets.server.server.out.ServerStoppingPacket
[Cloud-Thread | 14:02:34] INFO: Registered Packet By Clazz: de.crycodes.de.spacebyter.liptoncloud.packets.wrapper.in.CopyServerPacket
[Cloud-Thread | 14:02:34] INFO: Registered Packet By Clazz: de.crycodes.de.spacebyter.liptoncloud.packets.wrapper.in.CreateTemplatePacket
[Cloud-Thread | 14:02:34] INFO: Registered Packet By Clazz: de.crycodes.de.spacebyter.liptoncloud.packets.wrapper.in.StartServerPacket
[Cloud-Thread | 14:02:34] INFO: Registered Packet By Clazz: de.crycodes.de.spacebyter.liptoncloud.packets.wrapper.out.DebugPacket
[Cloud-Thread | 14:02:34] INFO: Registered Packet By Clazz: de.crycodes.de.spacebyter.liptoncloud.packets.wrapper.out.ErrorPacket
[Cloud-Thread | 14:02:34] INFO: Registered Packet By Clazz: de.crycodes.de.spacebyter.liptoncloud.packets.wrapper.out.InfoPacket
[Cloud-Thread | 14:02:34] INFO: Registered Packet By Clazz: de.crycodes.de.spacebyter.liptoncloud.packets.wrapper.out.WarningPacket
[Cloud-Thread | 14:02:34] INFO: Registered Packet By Clazz: de.crycodes.de.spacebyter.liptoncloud.packets.global.UpdateMaintenancePacket
[Cloud-Thread | 14:02:34] INFO: Registered Packet By Clazz: de.crycodes.de.spacebyter.liptoncloud.packets.server.proxy.out.ServerGroupUpdatePacket
[Cloud-Thread | 14:02:34] INFO: Registered Packet By Clazz: de.crycodes.de.spacebyter.liptoncloud.packets.server.server.out.ServerUpdatePacket
[Cloud-Thread | 14:02:34] INFO: Registered Packet By Clazz: de.crycodes.de.spacebyter.liptoncloud.packets.global.RegisterResponsePacket
[Cloud-Thread | 14:02:34] INFO: [34m░█████╗░██╗░░░░░░█████╗░██╗░░░██╗██████╗░[0m
[Cloud-Thread | 14:02:34] INFO: [34m██╔══██╗██║░░░░░██╔══██╗██║░░░██║██╔══██╗[0m
[Cloud-Thread | 14:02:34] INFO: [34m██║░░╚═╝██║░░░░░██║░░██║██║░░░██║██║░░██║[0m
[Cloud-Thread | 14:02:34] INFO: [34m██║░░██╗██║░░░░░██║░░██║██║░░░██║██║░░██║[0m
[Cloud-Thread | 14:02:34] INFO: [34m╚█████╔╝███████╗╚█████╔╝╚██████╔╝██████╔╝[0m
[Cloud-Thread | 14:02:34] INFO: [34m░╚════╝░╚══════╝░╚════╝░░╚═════╝░╚═════╝░[0m
[Cloud-Thread | 14:02:34] INFO: ▬▬▬▬▬▬▬▬▬▬▬▬▬▬▬▬▬▬▬▬▬▬▬▬▬▬▬▬▬▬▬▬▬▬▬▬▬▬
[Cloud-Thread | 14:02:34] INFO: Coded by CryCodes & SpaceByter
[Cloud-Thread | 14:02:34] INFO: 
[Cloud-Thread | 14:02:34] INFO: Loaded Addon: CloudFlare-1.0-SNAPSHOT
[Cloud-Thread | 14:02:34] INFO: Loaded Addon: SignSystem-1.0-SNAPSHOT
[Cloud-Thread | 14:02:35] ERROR: An error occurred in cloudflare addon: Could not find zone id for given domain, please recheck
[Cloud-Thread | 14:02:35] ERROR: An error occurred in cloudflare addon: Could not find zone id for given domain, please recheck
[Cloud-Thread | 14:02:35] INFO: [SIGNSYSTEM] Starting NetworkServer on (127.0.0.1:8899)!
[Cloud-Thread | 14:02:35] INFO: Using SignSystem for LiptonCloud!
[Cloud-Thread | 14:02:35] INFO: Starting Master-Wrapper Server on Port: (9685) !
[Cloud-Thread | 14:02:35] INFO: Starting Proxy-Wrapper Server on Port: (1784) !
[Cloud-Thread | 14:02:35] INFO: Starting Master-Spigot Server on Port: (7898) !
[Cloud-Thread | 14:02:35] INFO: Started BungeeCord Server on: 25565 !
[Cloud-Thread | 14:02:35] INFO: Action 'MASTERSTARTUP' took: (1.12) Seconds!
[Cloud-Thread | 14:02:36] INFO: Registered new Proxy: MainProxy
[Cloud-Thread | 14:02:40] INFO: Registered new Wrapper: Wrapper-1
[Cloud-Thread | 14:02:40] INFO: [AUTOSTART] StartetServer 'Lobby' stats: (1/2) Port: 30000 | ID: 1 !
[Cloud-Thread | 14:02:40] INFO: [AUTOSTART] StartetServer 'Bedwars' stats: (1/1) Port: 30001 | ID: 1 !
[Cloud-Thread | 14:02:40] INFO: [AUTOSTART] StartetServer 'Lobby' stats: (2/2) Port: 30002 | ID: 2 !
[Cloud-Thread | 14:02:43] INFO: [AUTOSTART] StartetServer 'Lobby' stats: (3/2) Port: 30003 | ID: 3 !
[Cloud-Thread | 14:02:43] INFO: [AUTOSTART] StartetServer 'Lobby' stats: (4/2) Port: 30004 | ID: 4 !
[Cloud-Thread | 14:02:45] INFO: [AUTOSTART] StartetServer 'Lobby' stats: (5/2) Port: 30005 | ID: 5 !
[Cloud-Thread | 14:02:45] INFO: [AUTOSTART] StartetServer 'Lobby' stats: (6/2) Port: 30006 | ID: 6 !
[Cloud-Thread | 14:02:48] INFO: [AUTOSTART] StartetServer 'Lobby' stats: (7/2) Port: 30007 | ID: 7 !
[Cloud-Thread | 14:02:48] INFO: [AUTOSTART] StartetServer 'Lobby' stats: (8/2) Port: 30008 | ID: 8 !
[Cloud-Thread | 14:02:50] INFO: [AUTOSTART] StartetServer 'Lobby' stats: (9/2) Port: 30009 | ID: 9 !
[Cloud-Thread | 14:02:50] INFO: [AUTOSTART] StartetServer 'Lobby' stats: (10/2) Port: 30010 | ID: 10 !
