[12:59:48] INFO: Registered Packet By Clazz: de.crycodes.de.spacebyter.liptoncloud.packets.global.RegisterPacket
[12:59:48] INFO: Registered Packet By Clazz: de.crycodes.de.spacebyter.liptoncloud.packets.global.ShutDownPacket
[12:59:48] INFO: Registered Packet By Clazz: de.crycodes.de.spacebyter.liptoncloud.packets.server.proxy.in.SendProxyConfigPacket
[12:59:48] INFO: Registered Packet By Clazz: de.crycodes.de.spacebyter.liptoncloud.packets.server.proxy.in.StopProxyPacket
[12:59:48] INFO: Registered Packet By Clazz: de.crycodes.de.spacebyter.liptoncloud.packets.server.proxy.out.ProxyStoppingPacket
[12:59:48] INFO: Registered Packet By Clazz: de.crycodes.de.spacebyter.liptoncloud.packets.server.server.in.ExecuteCommandPacket
[12:59:48] INFO: Registered Packet By Clazz: de.crycodes.de.spacebyter.liptoncloud.packets.server.server.in.SendServerConfigPacket
[12:59:48] INFO: Registered Packet By Clazz: de.crycodes.de.spacebyter.liptoncloud.packets.server.server.in.StopServerGroupPacket
[12:59:48] INFO: Registered Packet By Clazz: de.crycodes.de.spacebyter.liptoncloud.packets.server.server.in.StopServerPacket
[12:59:48] INFO: Registered Packet By Clazz: de.crycodes.de.spacebyter.liptoncloud.packets.server.server.out.ServerStoppingPacket
[12:59:48] INFO: Registered Packet By Clazz: de.crycodes.de.spacebyter.liptoncloud.packets.wrapper.in.CopyServerPacket
[12:59:48] INFO: Registered Packet By Clazz: de.crycodes.de.spacebyter.liptoncloud.packets.wrapper.in.CreateTemplatePacket
[12:59:48] INFO: Registered Packet By Clazz: de.crycodes.de.spacebyter.liptoncloud.packets.wrapper.in.StartServerPacket
[12:59:48] INFO: Registered Packet By Clazz: de.crycodes.de.spacebyter.liptoncloud.packets.wrapper.out.DebugPacket
[12:59:48] INFO: Registered Packet By Clazz: de.crycodes.de.spacebyter.liptoncloud.packets.wrapper.out.ErrorPacket
[12:59:48] INFO: Registered Packet By Clazz: de.crycodes.de.spacebyter.liptoncloud.packets.wrapper.out.InfoPacket
[12:59:48] INFO: Registered Packet By Clazz: de.crycodes.de.spacebyter.liptoncloud.packets.wrapper.out.WarningPacket
[12:59:48] INFO: Registered Packet By Clazz: de.crycodes.de.spacebyter.liptoncloud.packets.global.UpdateMaintenancePacket
[12:59:48] INFO: Registered Packet By Clazz: de.crycodes.de.spacebyter.liptoncloud.packets.server.proxy.out.ServerGroupUpdatePacket
[12:59:48] INFO: Registered Packet By Clazz: de.crycodes.de.spacebyter.liptoncloud.packets.server.server.out.ServerUpdatePacket
[12:59:48] INFO: Registered Packet By Clazz: de.crycodes.de.spacebyter.liptoncloud.packets.global.RegisterResponsePacket
[12:59:48] INFO: [34m __    _     ___   _     ___   __   _     __  _____  ____  _     [0m
[12:59:48] INFO: [34m/ /`  | |   / / \ | | | | | \ ( (` \ \_/ ( (`  | |  | |_  | |\/| [0m
[12:59:48] INFO: [34m\_\_, |_|__ \_\_/ \_\_/ |_|_/ _)_)  |_|  _)_)  |_|  |_|__ |_|  | [0m
[12:59:48] INFO: [31m▬▬▬▬▬▬▬▬▬▬▬▬▬▬▬▬▬▬▬▬▬▬▬▬▬▬▬▬▬▬▬▬▬▬▬▬▬▬[0m
[12:59:48] INFO: [34mCoded by CryCodes & SpaceByter[0m
[12:59:48] INFO: 
[12:59:48] INFO: Loaded Addon: CloudFlare-1.0-SNAPSHOT
[12:59:48] INFO: Loaded Addon: SignSystem-1.0-SNAPSHOT
[12:59:49] ERROR: An error occurred in cloudflare addon: Could not find zone id for given domain, please recheck
[12:59:49] ERROR: An error occurred in cloudflare addon: Could not find zone id for given domain, please recheck
[12:59:49] INFO: [SIGNSYSTEM] Starting NetworkServer on (127.0.0.1:8899)!
[12:59:49] INFO: Using SignSystem for LiptonCloud!
[12:59:49] INFO: Starting Master-Wrapper Server on Port: (9685) !
[12:59:49] INFO: Starting Proxy-Wrapper Server on Port: (1784) !
[12:59:49] INFO: Starting Master-Spigot Server on Port: (7898) !
[12:59:49] INFO: Action 'MASTERSTARTUP' took: (1.12) Seconds!
[12:59:50] DEBUG: Send ProxyConfig!
[12:59:51] ERROR: No Wrapper Available -> (create <wrapper>)!
[12:59:52] INFO: Trying to Register Proxy: NONE
[12:59:52] INFO: Registered new Proxy: NONE
[12:59:52] INFO: NEW PACKET - RegisterPacket
[12:59:53] DEBUG: Send ProxyConfig!
[12:59:54] ERROR: No Wrapper Available -> (create <wrapper>)!
[12:59:55] DEBUG: Send ProxyConfig!
[12:59:56] ERROR: No Wrapper Available -> (create <wrapper>)!
[12:59:58] DEBUG: Send ProxyConfig!
[12:59:59] ERROR: No Wrapper Available -> (create <wrapper>)!
[13:00:00] DEBUG: Send ProxyConfig!
[13:00:01] ERROR: No Wrapper Available -> (create <wrapper>)!
[13:00:03] DEBUG: Send ProxyConfig!
[13:00:04] ERROR: No Wrapper Available -> (create <wrapper>)!
[13:00:05] DEBUG: Send ProxyConfig!
[13:00:06] ERROR: No Wrapper Available -> (create <wrapper>)!
[13:00:08] DEBUG: Send ProxyConfig!
[13:00:09] ERROR: No Wrapper Available -> (create <wrapper>)!
[13:00:10] DEBUG: Send ProxyConfig!
[13:00:11] ERROR: No Wrapper Available -> (create <wrapper>)!
[13:00:13] DEBUG: Send ProxyConfig!
[13:00:14] ERROR: No Wrapper Available -> (create <wrapper>)!
[13:00:15] DEBUG: Send ProxyConfig!
[13:00:16] ERROR: No Wrapper Available -> (create <wrapper>)!
[13:00:18] DEBUG: Send ProxyConfig!
[13:00:19] ERROR: No Wrapper Available -> (create <wrapper>)!
[13:00:20] DEBUG: Send ProxyConfig!
[13:00:21] ERROR: No Wrapper Available -> (create <wrapper>)!
[13:00:23] DEBUG: Send ProxyConfig!
[13:00:24] ERROR: No Wrapper Available -> (create <wrapper>)!
[13:00:25] DEBUG: Send ProxyConfig!
[13:00:26] ERROR: No Wrapper Available -> (create <wrapper>)!
[13:00:28] DEBUG: Send ProxyConfig!
[13:00:29] ERROR: No Wrapper Available -> (create <wrapper>)!
[13:00:30] DEBUG: Send ProxyConfig!
[13:00:31] ERROR: No Wrapper Available -> (create <wrapper>)!
[13:00:33] DEBUG: Send ProxyConfig!
[13:00:34] ERROR: No Wrapper Available -> (create <wrapper>)!
[13:00:35] DEBUG: Send ProxyConfig!
[13:00:36] ERROR: No Wrapper Available -> (create <wrapper>)!
[13:00:38] DEBUG: Send ProxyConfig!
[13:00:39] ERROR: No Wrapper Available -> (create <wrapper>)!
[13:00:40] DEBUG: Send ProxyConfig!
[13:00:41] ERROR: No Wrapper Available -> (create <wrapper>)!
[13:00:43] DEBUG: Send ProxyConfig!
[13:00:44] ERROR: No Wrapper Available -> (create <wrapper>)!
[13:00:45] DEBUG: Send ProxyConfig!
[13:00:46] ERROR: No Wrapper Available -> (create <wrapper>)!
[13:00:48] DEBUG: Send ProxyConfig!
[13:00:49] ERROR: No Wrapper Available -> (create <wrapper>)!
[13:00:50] DEBUG: Send ProxyConfig!
[13:00:51] ERROR: No Wrapper Available -> (create <wrapper>)!
[13:00:53] DEBUG: Send ProxyConfig!
[13:00:54] ERROR: No Wrapper Available -> (create <wrapper>)!
[13:00:55] DEBUG: Send ProxyConfig!
[13:00:56] ERROR: No Wrapper Available -> (create <wrapper>)!
[13:00:58] DEBUG: Send ProxyConfig!
[13:00:59] ERROR: No Wrapper Available -> (create <wrapper>)!
[13:01:00] DEBUG: Send ProxyConfig!
[13:01:01] ERROR: No Wrapper Available -> (create <wrapper>)!
[13:01:03] DEBUG: Send ProxyConfig!
[13:01:04] ERROR: No Wrapper Available -> (create <wrapper>)!
[13:01:05] DEBUG: Send ProxyConfig!
[13:01:06] ERROR: No Wrapper Available -> (create <wrapper>)!
[13:01:08] DEBUG: Send ProxyConfig!
[13:01:09] ERROR: No Wrapper Available -> (create <wrapper>)!
[13:01:10] DEBUG: Send ProxyConfig!
[13:01:11] ERROR: No Wrapper Available -> (create <wrapper>)!
[13:01:13] DEBUG: Send ProxyConfig!
[13:01:14] ERROR: No Wrapper Available -> (create <wrapper>)!
[13:01:15] DEBUG: Send ProxyConfig!
[13:01:16] ERROR: No Wrapper Available -> (create <wrapper>)!
[13:01:18] DEBUG: Send ProxyConfig!
[13:01:19] ERROR: No Wrapper Available -> (create <wrapper>)!
[13:01:20] DEBUG: Send ProxyConfig!
[13:01:21] ERROR: No Wrapper Available -> (create <wrapper>)!
[13:01:23] DEBUG: Send ProxyConfig!
[13:01:24] ERROR: No Wrapper Available -> (create <wrapper>)!
[13:01:25] DEBUG: Send ProxyConfig!
[13:01:26] ERROR: No Wrapper Available -> (create <wrapper>)!
[13:01:28] DEBUG: Send ProxyConfig!
