[Cloud-Thread | 16:19:09] INFO: Registered Packet By Clazz: de.crycodes.de.spacebyter.liptoncloud.packets.global.RegisterPacket
[Cloud-Thread | 16:19:09] INFO: Registered Packet By Clazz: de.crycodes.de.spacebyter.liptoncloud.packets.global.ShutDownPacket
[Cloud-Thread | 16:19:09] INFO: Registered Packet By Clazz: de.crycodes.de.spacebyter.liptoncloud.packets.server.proxy.in.SendProxyConfigPacket
[Cloud-Thread | 16:19:09] INFO: Registered Packet By Clazz: de.crycodes.de.spacebyter.liptoncloud.packets.server.proxy.in.StopProxyPacket
[Cloud-Thread | 16:19:09] INFO: Registered Packet By Clazz: de.crycodes.de.spacebyter.liptoncloud.packets.server.proxy.out.ProxyStoppingPacket
[Cloud-Thread | 16:19:09] INFO: Registered Packet By Clazz: de.crycodes.de.spacebyter.liptoncloud.packets.server.server.in.ExecuteCommandPacket
[Cloud-Thread | 16:19:09] INFO: Registered Packet By Clazz: de.crycodes.de.spacebyter.liptoncloud.packets.server.server.in.SendServerConfigPacket
[Cloud-Thread | 16:19:09] INFO: Registered Packet By Clazz: de.crycodes.de.spacebyter.liptoncloud.packets.server.server.in.StopServerGroupPacket
[Cloud-Thread | 16:19:09] INFO: Registered Packet By Clazz: de.crycodes.de.spacebyter.liptoncloud.packets.server.server.in.StopServerPacket
[Cloud-Thread | 16:19:09] INFO: Registered Packet By Clazz: de.crycodes.de.spacebyter.liptoncloud.packets.server.server.out.ServerStoppingPacket
[Cloud-Thread | 16:19:09] INFO: Registered Packet By Clazz: de.crycodes.de.spacebyter.liptoncloud.packets.wrapper.in.CopyServerPacket
[Cloud-Thread | 16:19:09] INFO: Registered Packet By Clazz: de.crycodes.de.spacebyter.liptoncloud.packets.wrapper.in.CreateTemplatePacket
[Cloud-Thread | 16:19:09] INFO: Registered Packet By Clazz: de.crycodes.de.spacebyter.liptoncloud.packets.wrapper.in.StartServerPacket
[Cloud-Thread | 16:19:09] INFO: Registered Packet By Clazz: de.crycodes.de.spacebyter.liptoncloud.packets.wrapper.out.DebugPacket
[Cloud-Thread | 16:19:09] INFO: Registered Packet By Clazz: de.crycodes.de.spacebyter.liptoncloud.packets.wrapper.out.ErrorPacket
[Cloud-Thread | 16:19:09] INFO: Registered Packet By Clazz: de.crycodes.de.spacebyter.liptoncloud.packets.wrapper.out.InfoPacket
[Cloud-Thread | 16:19:09] INFO: Registered Packet By Clazz: de.crycodes.de.spacebyter.liptoncloud.packets.wrapper.out.WarningPacket
[Cloud-Thread | 16:19:09] INFO: Registered Packet By Clazz: de.crycodes.de.spacebyter.liptoncloud.packets.global.UpdateMaintenancePacket
[Cloud-Thread | 16:19:09] INFO: Registered Packet By Clazz: de.crycodes.de.spacebyter.liptoncloud.packets.server.proxy.out.ServerGroupUpdatePacket
[Cloud-Thread | 16:19:09] INFO: Registered Packet By Clazz: de.crycodes.de.spacebyter.liptoncloud.packets.server.server.out.ServerUpdatePacket
[Cloud-Thread | 16:19:09] INFO: Registered Packet By Clazz: de.crycodes.de.spacebyter.liptoncloud.packets.global.RegisterResponsePacket
[Cloud-Thread | 16:19:09] INFO: [31m.____    .__        __                _________ .__                   .___
[Cloud-Thread | 16:19:09] INFO: [31m|    |   |__|______/  |_  ____   ____ \_   ___ \|  |   ____  __ __  __| _/
[Cloud-Thread | 16:19:09] INFO: [31m|    |   |  \____ \   __\/  _ \ /    \/    \  \/|  |  /  _ \|  |  \/ __ | 
[Cloud-Thread | 16:19:09] INFO: [31m|    |___|  |  |_> >  | (  <_> )   |  \     \___|  |_(  <_> )  |  / /_/ | 
[Cloud-Thread | 16:19:09] INFO: [31m|_______ \__|   __/|__|  \____/|___|  /\______  /____/\____/|____/\____ | 
[Cloud-Thread | 16:19:09] INFO: [31m        \/  |__|                    \/        \/                       \/ 
[Cloud-Thread | 16:19:09] INFO: Coded by CryCodes & SpaceByter
[Cloud-Thread | 16:19:09] INFO: 
[Cloud-Thread | 16:19:09] INFO: Loaded Addon: WebInterFace-1.0-SNAPSHOT
[Cloud-Thread | 16:19:09] INFO: Start Webserver... (Port: 8080)
[Cloud-Thread | 16:19:09] INFO: Starting Master-Wrapper Server on Port: (9685) !
[Cloud-Thread | 16:19:09] INFO: Starting Proxy-Wrapper Server on Port: (1784) !
[Cloud-Thread | 16:19:09] INFO: Starting Master-Spigot Server on Port: (7898) !
[Cloud-Thread | 16:19:09] INFO: Started BungeeCord Server on: 25565 !
[Cloud-Thread | 16:19:09] INFO: Action 'MASTERSTARTUP' took: (0.3) Seconds!
[Cloud-Thread | 16:19:10] INFO: Registered new Proxy: MainProxy
[Cloud-Thread | 16:19:43] INFO: The user 'Noitrix' is no longer in Maintenance List!
[Cloud-Thread | 16:19:55] INFO: The user 'Neutrix' is now in Maintenance List!
[Cloud-Thread | 16:20:27] INFO: The user '2easy4HIM' is now in Maintenance List!
