[11:49:19] INFO: Registered new Wrapper: Wrapper-1
[11:49:20] INFO: Registered Packet By Clazz: de.crycodes.de.spacebyter.liptoncloud.packets.global.RegisterPacket
[11:49:20] INFO: Registered Packet By Clazz: de.crycodes.de.spacebyter.liptoncloud.packets.global.ShutDownPacket
[11:49:20] INFO: Registered Packet By Clazz: de.crycodes.de.spacebyter.liptoncloud.packets.server.proxy.in.SendProxyConfigPacket
[11:49:20] INFO: Registered Packet By Clazz: de.crycodes.de.spacebyter.liptoncloud.packets.server.proxy.in.StopProxyPacket
[11:49:20] INFO: Registered Packet By Clazz: de.crycodes.de.spacebyter.liptoncloud.packets.server.proxy.out.ProxyStoppingPacket
[11:49:20] INFO: Registered Packet By Clazz: de.crycodes.de.spacebyter.liptoncloud.packets.server.proxy.out.SendServerListPacket
[11:49:20] INFO: Registered Packet By Clazz: de.crycodes.de.spacebyter.liptoncloud.packets.server.server.in.AuthServerPacket
[11:49:20] INFO: Registered Packet By Clazz: de.crycodes.de.spacebyter.liptoncloud.packets.server.server.in.ExecuteCommandPacket
[11:49:20] INFO: Registered Packet By Clazz: de.crycodes.de.spacebyter.liptoncloud.packets.server.server.in.SendServerConfigPacket
[11:49:20] INFO: Registered Packet By Clazz: de.crycodes.de.spacebyter.liptoncloud.packets.server.server.in.StopServerGroupPacket
[11:49:20] INFO: Registered Packet By Clazz: de.crycodes.de.spacebyter.liptoncloud.packets.server.server.in.StopServerPacket
[11:49:20] INFO: Registered Packet By Clazz: de.crycodes.de.spacebyter.liptoncloud.packets.server.server.out.ServerStoppingPacket
[11:49:20] INFO: Registered Packet By Clazz: de.crycodes.de.spacebyter.liptoncloud.packets.wrapper.in.CopyServerPacket
[11:49:20] INFO: Registered Packet By Clazz: de.crycodes.de.spacebyter.liptoncloud.packets.wrapper.in.CreateTemplatePacket
[11:49:20] INFO: Registered Packet By Clazz: de.crycodes.de.spacebyter.liptoncloud.packets.wrapper.in.StartServerPacket
[11:49:20] INFO: Registered Packet By Clazz: de.crycodes.de.spacebyter.liptoncloud.packets.wrapper.out.DebugPacket
[11:49:20] INFO: Registered Packet By Clazz: de.crycodes.de.spacebyter.liptoncloud.packets.wrapper.out.ErrorPacket
[11:49:20] INFO: Registered Packet By Clazz: de.crycodes.de.spacebyter.liptoncloud.packets.wrapper.out.InfoPacket
[11:49:20] INFO: Registered Packet By Clazz: de.crycodes.de.spacebyter.liptoncloud.packets.wrapper.out.WarningPacket
[11:49:20] INFO: [34m __    _     ___   _     ___   __   _     __  _____  ____  _     [0m
[11:49:20] INFO: [34m/ /`  | |   / / \ | | | | | \ ( (` \ \_/ ( (`  | |  | |_  | |\/| [0m
[11:49:20] INFO: [34m\_\_, |_|__ \_\_/ \_\_/ |_|_/ _)_)  |_|  _)_)  |_|  |_|__ |_|  | [0m
[11:49:20] INFO: [31m▬▬▬▬▬▬▬▬▬▬▬▬▬▬▬▬▬▬▬▬▬▬▬▬▬▬▬▬▬▬▬▬▬▬▬▬▬▬[0m
[11:49:20] INFO: [34mCoded by CryCodes & SpaceByter[0m
[11:49:20] INFO: 
[11:49:20] INFO: Loaded Addon: CloudFlare-1.0-SNAPSHOT
[11:49:20] INFO: Loaded Addon: SignSystem-1.0-SNAPSHOT
[11:49:21] ERROR: An error occurred in cloudflare addon: Could not find zone id for given domain, please recheck
[11:49:21] ERROR: An error occurred in cloudflare addon: Could not find zone id for given domain, please recheck
[11:49:21] INFO: [SIGNSYSTEM] CREATED NEW CONFIG
[11:49:21] INFO: [SIGNSYSTEM] Starting NetworkServer on (127.0.0.1:8899)!
[11:49:21] INFO: Using SignSystem for LiptonCloud!
[11:49:23] INFO: [AUTOSTART] StartetServer 'Lobby' stats: (1/2) Port: 30000 | ID: 1 !
[11:49:26] INFO: [AUTOSTART] StartetServer 'Lobby' stats: (2/2) Port: 30001 | ID: 2 !
[11:49:45] ERROR: Command Not Found!
[11:49:47] INFO: Help Command:
[11:49:47] INFO: signreload | Reload the SignSystem's Config | []
[11:49:47] INFO: createsignlayout | Create an SignLayout | [createsign, createlayout]
[11:49:47] INFO: help | Shows all CloudCommands | [?, tftodo]
[11:49:47] INFO: create | Create Wrapper|Proxy|ServerGroups  | [build, make]
[11:49:47] INFO: reload | Reload Cloud | [restart, reloadconfig]
[11:49:47] INFO: stop | Stop the Cloud | [exit]
[11:49:47] INFO: service | Service Command of the Cloud | [cloud]
[11:50:07] INFO: Created Sing-Layout (1)
