[16:03:15] INFO: Registered Packet By Clazz: de.crycodes.de.spacebyter.liptoncloud.packets.global.RegisterPacket
[16:03:15] INFO: Registered Packet By Clazz: de.crycodes.de.spacebyter.liptoncloud.packets.global.ShutDownPacket
[16:03:15] INFO: Registered Packet By Clazz: de.crycodes.de.spacebyter.liptoncloud.packets.server.proxy.in.SendProxyConfigPacket
[16:03:15] INFO: Registered Packet By Clazz: de.crycodes.de.spacebyter.liptoncloud.packets.server.proxy.in.StopProxyPacket
[16:03:15] INFO: Registered Packet By Clazz: de.crycodes.de.spacebyter.liptoncloud.packets.server.proxy.out.ProxyStoppingPacket
[16:03:15] INFO: Registered Packet By Clazz: de.crycodes.de.spacebyter.liptoncloud.packets.server.server.in.ExecuteCommandPacket
[16:03:15] INFO: Registered Packet By Clazz: de.crycodes.de.spacebyter.liptoncloud.packets.server.server.in.SendServerConfigPacket
[16:03:15] INFO: Registered Packet By Clazz: de.crycodes.de.spacebyter.liptoncloud.packets.server.server.in.StopServerGroupPacket
[16:03:15] INFO: Registered Packet By Clazz: de.crycodes.de.spacebyter.liptoncloud.packets.server.server.in.StopServerPacket
[16:03:15] INFO: Registered Packet By Clazz: de.crycodes.de.spacebyter.liptoncloud.packets.server.server.out.ServerStoppingPacket
[16:03:15] INFO: Registered Packet By Clazz: de.crycodes.de.spacebyter.liptoncloud.packets.wrapper.in.CopyServerPacket
[16:03:15] INFO: Registered Packet By Clazz: de.crycodes.de.spacebyter.liptoncloud.packets.wrapper.in.CreateTemplatePacket
[16:03:15] INFO: Registered Packet By Clazz: de.crycodes.de.spacebyter.liptoncloud.packets.wrapper.in.StartServerPacket
[16:03:15] INFO: Registered Packet By Clazz: de.crycodes.de.spacebyter.liptoncloud.packets.wrapper.out.DebugPacket
[16:03:15] INFO: Registered Packet By Clazz: de.crycodes.de.spacebyter.liptoncloud.packets.wrapper.out.ErrorPacket
[16:03:15] INFO: Registered Packet By Clazz: de.crycodes.de.spacebyter.liptoncloud.packets.wrapper.out.InfoPacket
[16:03:15] INFO: Registered Packet By Clazz: de.crycodes.de.spacebyter.liptoncloud.packets.wrapper.out.WarningPacket
[16:03:15] INFO: Registered Packet By Clazz: de.crycodes.de.spacebyter.liptoncloud.packets.global.UpdateMaintenancePacket
[16:03:15] INFO: Registered Packet By Clazz: de.crycodes.de.spacebyter.liptoncloud.packets.server.proxy.out.ServerGroupUpdatePacket
[16:03:15] INFO: Registered Packet By Clazz: de.crycodes.de.spacebyter.liptoncloud.packets.server.server.out.ServerUpdatePacket
[16:03:15] INFO: Registered Packet By Clazz: de.crycodes.de.spacebyter.liptoncloud.packets.global.RegisterResponsePacket
[16:03:15] INFO: [34m __    _     ___   _     ___   __   _     __  _____  ____  _     [0m
[16:03:15] INFO: [34m/ /`  | |   / / \ | | | | | \ ( (` \ \_/ ( (`  | |  | |_  | |\/| [0m
[16:03:15] INFO: [34m\_\_, |_|__ \_\_/ \_\_/ |_|_/ _)_)  |_|  _)_)  |_|  |_|__ |_|  | [0m
[16:03:15] INFO: [31m▬▬▬▬▬▬▬▬▬▬▬▬▬▬▬▬▬▬▬▬▬▬▬▬▬▬▬▬▬▬▬▬▬▬▬▬▬▬[0m
[16:03:15] INFO: [34mCoded by CryCodes & SpaceByter[0m
[16:03:15] INFO: 
[16:03:15] INFO: Loaded Addon: CloudFlare-1.0-SNAPSHOT
[16:03:15] INFO: Loaded Addon: SignSystem-1.0-SNAPSHOT
[16:03:16] ERROR: An error occurred in cloudflare addon: Could not find zone id for given domain, please recheck
[16:03:16] ERROR: An error occurred in cloudflare addon: Could not find zone id for given domain, please recheck
[16:03:16] INFO: [SIGNSYSTEM] Starting NetworkServer on (127.0.0.1:8899)!
[16:03:16] INFO: Using SignSystem for LiptonCloud!
[16:03:16] INFO: Starting Master-Wrapper Server on Port: (9685) !
[16:03:16] INFO: Starting Proxy-Wrapper Server on Port: (1784) !
[16:03:16] INFO: Starting Master-Spigot Server on Port: (7898) !
[16:03:16] INFO: Action 'MASTERSTARTUP' took: (1.12) Seconds!
[16:03:22] INFO: Trying to Register Proxy: NONE
[16:03:22] INFO: Registered new Proxy: NONE
[16:03:25] INFO: Trying to Register Server: NONE
[16:03:25] INFO: Registered new Server: NONE
[16:03:37] INFO: Send CommandLine to: NONE
