[13:12:44] INFO: Registered Packet By Clazz: de.crycodes.de.spacebyter.liptoncloud.packets.global.RegisterPacket
[13:12:44] INFO: Registered Packet By Clazz: de.crycodes.de.spacebyter.liptoncloud.packets.global.ShutDownPacket
[13:12:44] INFO: Registered Packet By Clazz: de.crycodes.de.spacebyter.liptoncloud.packets.server.proxy.in.SendProxyConfigPacket
[13:12:44] INFO: Registered Packet By Clazz: de.crycodes.de.spacebyter.liptoncloud.packets.server.proxy.in.StopProxyPacket
[13:12:44] INFO: Registered Packet By Clazz: de.crycodes.de.spacebyter.liptoncloud.packets.server.proxy.out.ProxyStoppingPacket
[13:12:44] INFO: Registered Packet By Clazz: de.crycodes.de.spacebyter.liptoncloud.packets.server.server.in.ExecuteCommandPacket
[13:12:44] INFO: Registered Packet By Clazz: de.crycodes.de.spacebyter.liptoncloud.packets.server.server.in.SendServerConfigPacket
[13:12:44] INFO: Registered Packet By Clazz: de.crycodes.de.spacebyter.liptoncloud.packets.server.server.in.StopServerGroupPacket
[13:12:44] INFO: Registered Packet By Clazz: de.crycodes.de.spacebyter.liptoncloud.packets.server.server.in.StopServerPacket
[13:12:44] INFO: Registered Packet By Clazz: de.crycodes.de.spacebyter.liptoncloud.packets.server.server.out.ServerStoppingPacket
[13:12:44] INFO: Registered Packet By Clazz: de.crycodes.de.spacebyter.liptoncloud.packets.wrapper.in.CopyServerPacket
[13:12:44] INFO: Registered Packet By Clazz: de.crycodes.de.spacebyter.liptoncloud.packets.wrapper.in.CreateTemplatePacket
[13:12:44] INFO: Registered Packet By Clazz: de.crycodes.de.spacebyter.liptoncloud.packets.wrapper.in.StartServerPacket
[13:12:44] INFO: Registered Packet By Clazz: de.crycodes.de.spacebyter.liptoncloud.packets.wrapper.out.DebugPacket
[13:12:44] INFO: Registered Packet By Clazz: de.crycodes.de.spacebyter.liptoncloud.packets.wrapper.out.ErrorPacket
[13:12:44] INFO: Registered Packet By Clazz: de.crycodes.de.spacebyter.liptoncloud.packets.wrapper.out.InfoPacket
[13:12:44] INFO: Registered Packet By Clazz: de.crycodes.de.spacebyter.liptoncloud.packets.wrapper.out.WarningPacket
[13:12:44] INFO: Registered Packet By Clazz: de.crycodes.de.spacebyter.liptoncloud.packets.global.UpdateMaintenancePacket
[13:12:44] INFO: Registered Packet By Clazz: de.crycodes.de.spacebyter.liptoncloud.packets.server.proxy.out.ServerGroupUpdatePacket
[13:12:44] INFO: Registered Packet By Clazz: de.crycodes.de.spacebyter.liptoncloud.packets.server.server.out.ServerUpdatePacket
[13:12:44] INFO: Registered Packet By Clazz: de.crycodes.de.spacebyter.liptoncloud.packets.global.RegisterResponsePacket
[13:12:44] INFO: [34m __    _     ___   _     ___   __   _     __  _____  ____  _     [0m
[13:12:44] INFO: [34m/ /`  | |   / / \ | | | | | \ ( (` \ \_/ ( (`  | |  | |_  | |\/| [0m
[13:12:44] INFO: [34m\_\_, |_|__ \_\_/ \_\_/ |_|_/ _)_)  |_|  _)_)  |_|  |_|__ |_|  | [0m
[13:12:44] INFO: [31m▬▬▬▬▬▬▬▬▬▬▬▬▬▬▬▬▬▬▬▬▬▬▬▬▬▬▬▬▬▬▬▬▬▬▬▬▬▬[0m
[13:12:44] INFO: [34mCoded by CryCodes & SpaceByter[0m
[13:12:44] INFO: 
[13:12:44] INFO: Loaded Addon: CloudFlare-1.0-SNAPSHOT
[13:12:44] INFO: Loaded Addon: SignSystem-1.0-SNAPSHOT
[13:12:45] ERROR: An error occurred in cloudflare addon: Could not find zone id for given domain, please recheck
[13:12:45] ERROR: An error occurred in cloudflare addon: Could not find zone id for given domain, please recheck
[13:12:45] INFO: [SIGNSYSTEM] Starting NetworkServer on (127.0.0.1:8899)!
[13:12:45] INFO: Using SignSystem for LiptonCloud!
[13:12:45] INFO: Starting Master-Wrapper Server on Port: (9685) !
[13:12:45] INFO: Starting Proxy-Wrapper Server on Port: (1784) !
[13:12:45] INFO: Starting Master-Spigot Server on Port: (7898) !
[13:12:45] INFO: Action 'MASTERSTARTUP' took: (1.11) Seconds!
[13:12:47] DEBUG: Send ProxyConfig!
[13:12:48] ERROR: No Wrapper Available -> (create <wrapper>)!
[13:12:48] INFO: Trying to Register Proxy: NONE
[13:12:48] INFO: Registered new Proxy: NONE
[13:12:48] INFO: NEW PACKET - RegisterPacket
[13:12:49] DEBUG: Send ProxyConfig!
[13:12:50] ERROR: No Wrapper Available -> (create <wrapper>)!
[13:12:52] DEBUG: Send ProxyConfig!
[13:12:53] ERROR: No Wrapper Available -> (create <wrapper>)!
[13:12:54] DEBUG: Send ProxyConfig!
[13:12:55] ERROR: No Wrapper Available -> (create <wrapper>)!
[13:12:57] DEBUG: Send ProxyConfig!
[13:12:58] ERROR: No Wrapper Available -> (create <wrapper>)!
[13:12:59] DEBUG: Send ProxyConfig!
[13:13:00] ERROR: No Wrapper Available -> (create <wrapper>)!
[13:13:02] DEBUG: Send ProxyConfig!
[13:13:03] ERROR: No Wrapper Available -> (create <wrapper>)!
[13:13:04] DEBUG: Send ProxyConfig!
[13:13:05] ERROR: No Wrapper Available -> (create <wrapper>)!
[13:13:07] DEBUG: Send ProxyConfig!
[13:13:08] ERROR: No Wrapper Available -> (create <wrapper>)!
[13:13:09] DEBUG: Send ProxyConfig!
[13:13:10] ERROR: No Wrapper Available -> (create <wrapper>)!
[13:13:12] DEBUG: Send ProxyConfig!
[13:13:13] ERROR: No Wrapper Available -> (create <wrapper>)!
[13:13:14] DEBUG: Send ProxyConfig!
[13:13:15] ERROR: No Wrapper Available -> (create <wrapper>)!
[13:13:17] DEBUG: Send ProxyConfig!
[13:13:18] ERROR: No Wrapper Available -> (create <wrapper>)!
[13:13:19] DEBUG: Send ProxyConfig!
[13:13:20] ERROR: No Wrapper Available -> (create <wrapper>)!
[13:13:22] DEBUG: Send ProxyConfig!
[13:13:23] ERROR: No Wrapper Available -> (create <wrapper>)!
[13:13:24] DEBUG: Send ProxyConfig!
[13:13:25] ERROR: No Wrapper Available -> (create <wrapper>)!
[13:13:27] DEBUG: Send ProxyConfig!
[13:13:28] ERROR: No Wrapper Available -> (create <wrapper>)!
[13:13:29] DEBUG: Send ProxyConfig!
[13:13:30] ERROR: No Wrapper Available -> (create <wrapper>)!
[13:13:32] DEBUG: Send ProxyConfig!
[13:13:33] ERROR: No Wrapper Available -> (create <wrapper>)!
[13:13:34] DEBUG: Send ProxyConfig!
[13:13:35] ERROR: No Wrapper Available -> (create <wrapper>)!
[13:13:37] DEBUG: Send ProxyConfig!
[13:13:38] ERROR: No Wrapper Available -> (create <wrapper>)!
[13:13:39] DEBUG: Send ProxyConfig!
[13:13:40] ERROR: No Wrapper Available -> (create <wrapper>)!
[13:13:42] DEBUG: Send ProxyConfig!
[13:13:43] ERROR: No Wrapper Available -> (create <wrapper>)!
[13:13:44] DEBUG: Send ProxyConfig!
[13:13:45] ERROR: No Wrapper Available -> (create <wrapper>)!
[13:13:47] DEBUG: Send ProxyConfig!
[13:13:48] ERROR: No Wrapper Available -> (create <wrapper>)!
[13:13:49] DEBUG: Send ProxyConfig!
[13:13:50] ERROR: No Wrapper Available -> (create <wrapper>)!
[13:13:52] DEBUG: Send ProxyConfig!
[13:13:53] ERROR: No Wrapper Available -> (create <wrapper>)!
[13:13:54] DEBUG: Send ProxyConfig!
[13:13:55] ERROR: No Wrapper Available -> (create <wrapper>)!
[13:13:57] DEBUG: Send ProxyConfig!
[13:13:58] ERROR: No Wrapper Available -> (create <wrapper>)!
[13:13:59] DEBUG: Send ProxyConfig!
[13:14:00] ERROR: No Wrapper Available -> (create <wrapper>)!
[13:14:02] DEBUG: Send ProxyConfig!
[13:14:03] ERROR: No Wrapper Available -> (create <wrapper>)!
[13:14:04] DEBUG: Send ProxyConfig!
[13:14:05] ERROR: No Wrapper Available -> (create <wrapper>)!
[13:14:07] DEBUG: Send ProxyConfig!
[13:14:08] ERROR: No Wrapper Available -> (create <wrapper>)!
[13:14:09] DEBUG: Send ProxyConfig!
[13:14:10] ERROR: No Wrapper Available -> (create <wrapper>)!
[13:14:12] DEBUG: Send ProxyConfig!
[13:14:13] ERROR: No Wrapper Available -> (create <wrapper>)!
[13:14:14] DEBUG: Send ProxyConfig!
[13:14:15] ERROR: No Wrapper Available -> (create <wrapper>)!
[13:14:17] DEBUG: Send ProxyConfig!
[13:14:18] ERROR: No Wrapper Available -> (create <wrapper>)!
[13:14:19] DEBUG: Send ProxyConfig!
[13:14:20] ERROR: No Wrapper Available -> (create <wrapper>)!
[13:14:22] DEBUG: Send ProxyConfig!
[13:14:23] ERROR: No Wrapper Available -> (create <wrapper>)!
