[13:17:59] INFO: Registered Packet By Clazz: de.crycodes.de.spacebyter.liptoncloud.packets.global.RegisterPacket
[13:17:59] INFO: Registered Packet By Clazz: de.crycodes.de.spacebyter.liptoncloud.packets.global.ShutDownPacket
[13:17:59] INFO: Registered Packet By Clazz: de.crycodes.de.spacebyter.liptoncloud.packets.server.proxy.in.SendProxyConfigPacket
[13:17:59] INFO: Registered Packet By Clazz: de.crycodes.de.spacebyter.liptoncloud.packets.server.proxy.in.StopProxyPacket
[13:17:59] INFO: Registered Packet By Clazz: de.crycodes.de.spacebyter.liptoncloud.packets.server.proxy.out.ProxyStoppingPacket
[13:17:59] INFO: Registered Packet By Clazz: de.crycodes.de.spacebyter.liptoncloud.packets.server.server.in.ExecuteCommandPacket
[13:17:59] INFO: Registered Packet By Clazz: de.crycodes.de.spacebyter.liptoncloud.packets.server.server.in.SendServerConfigPacket
[13:17:59] INFO: Registered Packet By Clazz: de.crycodes.de.spacebyter.liptoncloud.packets.server.server.in.StopServerGroupPacket
[13:17:59] INFO: Registered Packet By Clazz: de.crycodes.de.spacebyter.liptoncloud.packets.server.server.in.StopServerPacket
[13:17:59] INFO: Registered Packet By Clazz: de.crycodes.de.spacebyter.liptoncloud.packets.server.server.out.ServerStoppingPacket
[13:17:59] INFO: Registered Packet By Clazz: de.crycodes.de.spacebyter.liptoncloud.packets.wrapper.in.CopyServerPacket
[13:17:59] INFO: Registered Packet By Clazz: de.crycodes.de.spacebyter.liptoncloud.packets.wrapper.in.CreateTemplatePacket
[13:17:59] INFO: Registered Packet By Clazz: de.crycodes.de.spacebyter.liptoncloud.packets.wrapper.in.StartServerPacket
[13:17:59] INFO: Registered Packet By Clazz: de.crycodes.de.spacebyter.liptoncloud.packets.wrapper.out.DebugPacket
[13:17:59] INFO: Registered Packet By Clazz: de.crycodes.de.spacebyter.liptoncloud.packets.wrapper.out.ErrorPacket
[13:17:59] INFO: Registered Packet By Clazz: de.crycodes.de.spacebyter.liptoncloud.packets.wrapper.out.InfoPacket
[13:17:59] INFO: Registered Packet By Clazz: de.crycodes.de.spacebyter.liptoncloud.packets.wrapper.out.WarningPacket
[13:17:59] INFO: Registered Packet By Clazz: de.crycodes.de.spacebyter.liptoncloud.packets.global.UpdateMaintenancePacket
[13:17:59] INFO: Registered Packet By Clazz: de.crycodes.de.spacebyter.liptoncloud.packets.server.proxy.out.ServerGroupUpdatePacket
[13:17:59] INFO: Registered Packet By Clazz: de.crycodes.de.spacebyter.liptoncloud.packets.server.server.out.ServerUpdatePacket
[13:17:59] INFO: Registered Packet By Clazz: de.crycodes.de.spacebyter.liptoncloud.packets.global.RegisterResponsePacket
[13:17:59] INFO: [34m __    _     ___   _     ___   __   _     __  _____  ____  _     [0m
[13:17:59] INFO: [34m/ /`  | |   / / \ | | | | | \ ( (` \ \_/ ( (`  | |  | |_  | |\/| [0m
[13:17:59] INFO: [34m\_\_, |_|__ \_\_/ \_\_/ |_|_/ _)_)  |_|  _)_)  |_|  |_|__ |_|  | [0m
[13:17:59] INFO: [31m▬▬▬▬▬▬▬▬▬▬▬▬▬▬▬▬▬▬▬▬▬▬▬▬▬▬▬▬▬▬▬▬▬▬▬▬▬▬[0m
[13:17:59] INFO: [34mCoded by CryCodes & SpaceByter[0m
[13:17:59] INFO: 
[13:17:59] INFO: Loaded Addon: CloudFlare-1.0-SNAPSHOT
[13:17:59] INFO: Loaded Addon: SignSystem-1.0-SNAPSHOT
[13:18:00] ERROR: An error occurred in cloudflare addon: Could not find zone id for given domain, please recheck
[13:18:00] ERROR: An error occurred in cloudflare addon: Could not find zone id for given domain, please recheck
[13:18:00] INFO: [SIGNSYSTEM] Starting NetworkServer on (127.0.0.1:8899)!
[13:18:00] INFO: Using SignSystem for LiptonCloud!
[13:18:00] INFO: Starting Master-Wrapper Server on Port: (9685) !
[13:18:00] INFO: Starting Proxy-Wrapper Server on Port: (1784) !
[13:18:00] INFO: Starting Master-Spigot Server on Port: (7898) !
[13:18:00] INFO: Action 'MASTERSTARTUP' took: (1.11) Seconds!
[13:18:11] INFO: Trying to Register Proxy: NONE
[13:18:11] INFO: Registered new Proxy: NONE
[13:18:13] INFO: Trying to Register Server: NONE
[13:18:13] INFO: Registered new Server: NONE
