[Cloud-Thread | 13:08:20] INFO: Registered Packet By Clazz: de.crycodes.de.spacebyter.liptoncloud.packets.global.RegisterPacket
[Cloud-Thread | 13:08:20] INFO: Registered Packet By Clazz: de.crycodes.de.spacebyter.liptoncloud.packets.global.ShutDownPacket
[Cloud-Thread | 13:08:20] INFO: Registered Packet By Clazz: de.crycodes.de.spacebyter.liptoncloud.packets.server.proxy.in.SendProxyConfigPacket
[Cloud-Thread | 13:08:20] INFO: Registered Packet By Clazz: de.crycodes.de.spacebyter.liptoncloud.packets.server.proxy.in.StopProxyPacket
[Cloud-Thread | 13:08:20] INFO: Registered Packet By Clazz: de.crycodes.de.spacebyter.liptoncloud.packets.server.proxy.out.ProxyStoppingPacket
[Cloud-Thread | 13:08:20] INFO: Registered Packet By Clazz: de.crycodes.de.spacebyter.liptoncloud.packets.server.server.in.ExecuteCommandPacket
[Cloud-Thread | 13:08:20] INFO: Registered Packet By Clazz: de.crycodes.de.spacebyter.liptoncloud.packets.server.server.in.SendServerConfigPacket
[Cloud-Thread | 13:08:20] INFO: Registered Packet By Clazz: de.crycodes.de.spacebyter.liptoncloud.packets.server.server.in.StopServerGroupPacket
[Cloud-Thread | 13:08:20] INFO: Registered Packet By Clazz: de.crycodes.de.spacebyter.liptoncloud.packets.server.server.in.StopServerPacket
[Cloud-Thread | 13:08:20] INFO: Registered Packet By Clazz: de.crycodes.de.spacebyter.liptoncloud.packets.server.server.out.ServerStoppingPacket
[Cloud-Thread | 13:08:20] INFO: Registered Packet By Clazz: de.crycodes.de.spacebyter.liptoncloud.packets.wrapper.in.CopyServerPacket
[Cloud-Thread | 13:08:20] INFO: Registered Packet By Clazz: de.crycodes.de.spacebyter.liptoncloud.packets.wrapper.in.CreateTemplatePacket
[Cloud-Thread | 13:08:20] INFO: Registered Packet By Clazz: de.crycodes.de.spacebyter.liptoncloud.packets.wrapper.in.StartServerPacket
[Cloud-Thread | 13:08:20] INFO: Registered Packet By Clazz: de.crycodes.de.spacebyter.liptoncloud.packets.wrapper.out.DebugPacket
[Cloud-Thread | 13:08:20] INFO: Registered Packet By Clazz: de.crycodes.de.spacebyter.liptoncloud.packets.wrapper.out.ErrorPacket
[Cloud-Thread | 13:08:20] INFO: Registered Packet By Clazz: de.crycodes.de.spacebyter.liptoncloud.packets.wrapper.out.InfoPacket
[Cloud-Thread | 13:08:20] INFO: Registered Packet By Clazz: de.crycodes.de.spacebyter.liptoncloud.packets.wrapper.out.WarningPacket
[Cloud-Thread | 13:08:20] INFO: Registered Packet By Clazz: de.crycodes.de.spacebyter.liptoncloud.packets.global.UpdateMaintenancePacket
[Cloud-Thread | 13:08:20] INFO: Registered Packet By Clazz: de.crycodes.de.spacebyter.liptoncloud.packets.server.proxy.out.ServerGroupUpdatePacket
[Cloud-Thread | 13:08:20] INFO: Registered Packet By Clazz: de.crycodes.de.spacebyter.liptoncloud.packets.server.server.out.ServerUpdatePacket
[Cloud-Thread | 13:08:20] INFO: Registered Packet By Clazz: de.crycodes.de.spacebyter.liptoncloud.packets.global.RegisterResponsePacket
[Cloud-Thread | 13:08:20] INFO: [34m░█████╗░██╗░░░░░░█████╗░██╗░░░██╗██████╗░[0m
[Cloud-Thread | 13:08:20] INFO: [34m██╔══██╗██║░░░░░██╔══██╗██║░░░██║██╔══██╗[0m
[Cloud-Thread | 13:08:20] INFO: [34m██║░░╚═╝██║░░░░░██║░░██║██║░░░██║██║░░██║[0m
[Cloud-Thread | 13:08:20] INFO: [34m██║░░██╗██║░░░░░██║░░██║██║░░░██║██║░░██║[0m
[Cloud-Thread | 13:08:20] INFO: [34m╚█████╔╝███████╗╚█████╔╝╚██████╔╝██████╔╝[0m
[Cloud-Thread | 13:08:20] INFO: [34m░╚════╝░╚══════╝░╚════╝░░╚═════╝░╚═════╝░[0m
[Cloud-Thread | 13:08:20] INFO: ▬▬▬▬▬▬▬▬▬▬▬▬▬▬▬▬▬▬▬▬▬▬▬▬▬▬▬▬▬▬▬▬▬▬▬▬▬▬
[Cloud-Thread | 13:08:20] INFO: Coded by CryCodes & SpaceByter
[Cloud-Thread | 13:08:20] INFO: 
[Cloud-Thread | 13:08:20] INFO: Loaded Addon: CloudFlare-1.0-SNAPSHOT
[Cloud-Thread | 13:08:20] INFO: Loaded Addon: SignSystem-1.0-SNAPSHOT
[Cloud-Thread | 13:08:21] ERROR: An error occurred in cloudflare addon: Could not find zone id for given domain, please recheck
[Cloud-Thread | 13:08:21] ERROR: An error occurred in cloudflare addon: Could not find zone id for given domain, please recheck
[Cloud-Thread | 13:08:21] INFO: [SIGNSYSTEM] Starting NetworkServer on (127.0.0.1:8899)!
[Cloud-Thread | 13:08:21] INFO: Using SignSystem for LiptonCloud!
[Cloud-Thread | 13:08:21] INFO: Starting Master-Wrapper Server on Port: (9685) !
[Cloud-Thread | 13:08:21] INFO: Starting Proxy-Wrapper Server on Port: (1784) !
[Cloud-Thread | 13:08:21] INFO: Starting Master-Spigot Server on Port: (7898) !
[Cloud-Thread | 13:08:21] INFO: Started BungeeCord Server on: 25565 !
[Cloud-Thread | 13:08:21] INFO: Action 'MASTERSTARTUP' took: (1.17) Seconds!
[Cloud-Thread | 13:08:23] INFO: Registered new Proxy: MainProxy
[Cloud-Thread | 13:08:40] INFO: Help Command:
[Cloud-Thread | 13:08:40] INFO: signreload | Reload the SignSystem's Config | []
[Cloud-Thread | 13:08:40] INFO: createsignlayout | Create an SignLayout | [createsign, createlayout]
[Cloud-Thread | 13:08:40] INFO: help | Shows all CloudCommands | [?, tftodo]
[Cloud-Thread | 13:08:40] INFO: create | Create Wrapper|Proxy|ServerGroups  | [build, make]
[Cloud-Thread | 13:08:40] INFO: reload | Reload Cloud | [restart, reloadconfig]
[Cloud-Thread | 13:08:40] INFO: stop | Stop the Cloud | [exit]
[Cloud-Thread | 13:08:40] INFO: service | Service Command of the Cloud | [cloud]
[Cloud-Thread | 13:08:40] INFO: execute | Execute Command on Server | [send]
[Cloud-Thread | 13:08:40] INFO: perms | Simple Command to manage CloudAdmins | [cloudadmin, user, admin]
[Cloud-Thread | 13:08:44] INFO: perms <check> <user>
[Cloud-Thread | 13:08:44] INFO: perms <set> <user>
[Cloud-Thread | 13:08:44] INFO: perms <remove> <user>
[Cloud-Thread | 13:08:44] INFO: perms <help>
[Cloud-Thread | 13:08:51] INFO: The user 'CryCodes' is now CloudAdmin!
[Cloud-Thread | 13:09:00] INFO: The user 'CryCodes' is already an CloudAdmin!
[Cloud-Thread | 13:09:08] INFO: The user 'CryCodes' is admin ? (true)
[Cloud-Thread | 13:09:19] INFO: The user 'CryCodes' is no longer CloudAdmin!
[Cloud-Thread | 13:09:26] INFO: The user 'CryCodes' was not found!
[Cloud-Thread | 13:09:31] INFO: perms <check> <user>
[Cloud-Thread | 13:09:31] INFO: perms <set> <user>
[Cloud-Thread | 13:09:31] INFO: perms <remove> <user>
[Cloud-Thread | 13:09:31] INFO: perms <help>
[Cloud-Thread | 13:09:36] INFO: The user 'CryCodes' is now CloudAdmin!
