[16:06:25] INFO: Registered new Wrapper: Wrapper-1
[16:06:25] INFO: [34m __    _     ___   _     ___   __   _     __  _____  ____  _     [0m
[16:06:25] INFO: [34m/ /`  | |   / / \ | | | | | \ ( (` \ \_/ ( (`  | |  | |_  | |\/| [0m
[16:06:25] INFO: [34m\_\_, |_|__ \_\_/ \_\_/ |_|_/ _)_)  |_|  _)_)  |_|  |_|__ |_|  | [0m
[16:06:25] INFO: [31m▬▬▬▬▬▬▬▬▬▬▬▬▬▬▬▬▬▬▬▬▬▬▬▬▬▬▬▬▬▬▬▬▬▬▬▬▬▬[0m
[16:06:25] INFO: [34mCoded by CryCodes & SpaceByter[0m
[16:06:25] INFO: 
[16:06:27] INFO: Help Command:
[16:06:27] INFO: help | Shows all CloudCommands | [?, tftodo]
[16:06:27] INFO: create | Create Wrapper|Proxy|ServerGroups  | [build, make]
[16:06:27] INFO: reload | Reload Cloud | [restart, reloadconfig]
[16:06:27] INFO: stop | Stop the Cloud | [exit]
[16:06:27] INFO: service | Service Command of the Cloud | [cloud]
[16:06:28] INFO: [AUTOSTART] StartetServer 'bedwars' stats: (1/5) Port: 30000 | ID: 1 !
[16:06:28] INFO: [AUTOSTART] StartetServer 'Lobby' stats: (1/2) Port: 30001 | ID: 1 !
[16:06:28] INFO: [AUTOSTART] StartetServer 'Skywars' stats: (1/2) Port: 30002 | ID: 1 !
[16:06:30] INFO: [AUTOSTART] StartetServer 'bedwars' stats: (2/5) Port: 30003 | ID: 2 !
[16:06:30] INFO: [AUTOSTART] StartetServer 'Lobby' stats: (2/2) Port: 30004 | ID: 2 !
[16:06:30] INFO: [AUTOSTART] StartetServer 'Skywars' stats: (2/2) Port: 30005 | ID: 2 !
[16:06:33] INFO: [AUTOSTART] StartetServer 'bedwars' stats: (3/5) Port: 30006 | ID: 3 !
[16:06:35] INFO: [AUTOSTART] StartetServer 'bedwars' stats: (4/5) Port: 30007 | ID: 4 !
[16:06:38] INFO: [AUTOSTART] StartetServer 'bedwars' stats: (5/5) Port: 30008 | ID: 5 !
[16:06:43] INFO: create SERVERGROUP
[16:06:43] INFO: create TEMPLATE <Group>
[16:06:43] INFO: create PROXY
[16:06:43] INFO: create WRAPPER
[16:07:20] INFO: Servergroup 'Test' was successfully created!
