[13:05:57] INFO: Registered Packet By Clazz: de.crycodes.de.spacebyter.liptoncloud.packets.global.RegisterPacket
[13:05:57] INFO: Registered Packet By Clazz: de.crycodes.de.spacebyter.liptoncloud.packets.global.ShutDownPacket
[13:05:57] INFO: Registered Packet By Clazz: de.crycodes.de.spacebyter.liptoncloud.packets.server.proxy.in.SendProxyConfigPacket
[13:05:57] INFO: Registered Packet By Clazz: de.crycodes.de.spacebyter.liptoncloud.packets.server.proxy.in.StopProxyPacket
[13:05:57] INFO: Registered Packet By Clazz: de.crycodes.de.spacebyter.liptoncloud.packets.server.proxy.out.ProxyStoppingPacket
[13:05:57] INFO: Registered Packet By Clazz: de.crycodes.de.spacebyter.liptoncloud.packets.server.server.in.ExecuteCommandPacket
[13:05:57] INFO: Registered Packet By Clazz: de.crycodes.de.spacebyter.liptoncloud.packets.server.server.in.SendServerConfigPacket
[13:05:57] INFO: Registered Packet By Clazz: de.crycodes.de.spacebyter.liptoncloud.packets.server.server.in.StopServerGroupPacket
[13:05:57] INFO: Registered Packet By Clazz: de.crycodes.de.spacebyter.liptoncloud.packets.server.server.in.StopServerPacket
[13:05:57] INFO: Registered Packet By Clazz: de.crycodes.de.spacebyter.liptoncloud.packets.server.server.out.ServerStoppingPacket
[13:05:57] INFO: Registered Packet By Clazz: de.crycodes.de.spacebyter.liptoncloud.packets.wrapper.in.CopyServerPacket
[13:05:57] INFO: Registered Packet By Clazz: de.crycodes.de.spacebyter.liptoncloud.packets.wrapper.in.CreateTemplatePacket
[13:05:57] INFO: Registered Packet By Clazz: de.crycodes.de.spacebyter.liptoncloud.packets.wrapper.in.StartServerPacket
[13:05:57] INFO: Registered Packet By Clazz: de.crycodes.de.spacebyter.liptoncloud.packets.wrapper.out.DebugPacket
[13:05:57] INFO: Registered Packet By Clazz: de.crycodes.de.spacebyter.liptoncloud.packets.wrapper.out.ErrorPacket
[13:05:57] INFO: Registered Packet By Clazz: de.crycodes.de.spacebyter.liptoncloud.packets.wrapper.out.InfoPacket
[13:05:57] INFO: Registered Packet By Clazz: de.crycodes.de.spacebyter.liptoncloud.packets.wrapper.out.WarningPacket
[13:05:57] INFO: Registered Packet By Clazz: de.crycodes.de.spacebyter.liptoncloud.packets.global.UpdateMaintenancePacket
[13:05:57] INFO: Registered Packet By Clazz: de.crycodes.de.spacebyter.liptoncloud.packets.server.proxy.out.ServerGroupUpdatePacket
[13:05:57] INFO: Registered Packet By Clazz: de.crycodes.de.spacebyter.liptoncloud.packets.server.server.out.ServerUpdatePacket
[13:05:57] INFO: Registered Packet By Clazz: de.crycodes.de.spacebyter.liptoncloud.packets.global.RegisterResponsePacket
[13:05:57] INFO: [34m __    _     ___   _     ___   __   _     __  _____  ____  _     [0m
[13:05:57] INFO: [34m/ /`  | |   / / \ | | | | | \ ( (` \ \_/ ( (`  | |  | |_  | |\/| [0m
[13:05:57] INFO: [34m\_\_, |_|__ \_\_/ \_\_/ |_|_/ _)_)  |_|  _)_)  |_|  |_|__ |_|  | [0m
[13:05:57] INFO: [31m▬▬▬▬▬▬▬▬▬▬▬▬▬▬▬▬▬▬▬▬▬▬▬▬▬▬▬▬▬▬▬▬▬▬▬▬▬▬[0m
[13:05:57] INFO: [34mCoded by CryCodes & SpaceByter[0m
[13:05:57] INFO: 
[13:05:57] INFO: Loaded Addon: CloudFlare-1.0-SNAPSHOT
[13:05:57] INFO: Loaded Addon: SignSystem-1.0-SNAPSHOT
[13:05:58] ERROR: An error occurred in cloudflare addon: Could not find zone id for given domain, please recheck
[13:05:58] ERROR: An error occurred in cloudflare addon: Could not find zone id for given domain, please recheck
[13:05:58] INFO: [SIGNSYSTEM] Starting NetworkServer on (127.0.0.1:8899)!
[13:05:58] INFO: Using SignSystem for LiptonCloud!
[13:05:58] INFO: Starting Master-Wrapper Server on Port: (9685) !
[13:05:58] INFO: Starting Proxy-Wrapper Server on Port: (1784) !
[13:05:58] INFO: Starting Master-Spigot Server on Port: (7898) !
[13:05:58] INFO: Action 'MASTERSTARTUP' took: (1.12) Seconds!
[13:06:00] DEBUG: Send ProxyConfig!
[13:06:01] ERROR: No Wrapper Available -> (create <wrapper>)!
[13:06:02] DEBUG: Send ProxyConfig!
[13:06:03] ERROR: No Wrapper Available -> (create <wrapper>)!
[13:06:05] DEBUG: Send ProxyConfig!
[13:06:06] ERROR: No Wrapper Available -> (create <wrapper>)!
[13:06:07] DEBUG: Send ProxyConfig!
[13:06:07] INFO: Trying to Register Proxy: NONE
[13:06:07] INFO: Registered new Proxy: NONE
[13:06:07] INFO: NEW PACKET - RegisterPacket
[13:06:08] ERROR: No Wrapper Available -> (create <wrapper>)!
[13:06:10] DEBUG: Send ProxyConfig!
[13:06:11] ERROR: No Wrapper Available -> (create <wrapper>)!
[13:06:12] DEBUG: Send ProxyConfig!
[13:06:13] ERROR: No Wrapper Available -> (create <wrapper>)!
[13:06:15] DEBUG: Send ProxyConfig!
[13:06:16] ERROR: No Wrapper Available -> (create <wrapper>)!
[13:06:17] DEBUG: Send ProxyConfig!
[13:06:18] ERROR: No Wrapper Available -> (create <wrapper>)!
[13:06:20] DEBUG: Send ProxyConfig!
[13:06:21] ERROR: No Wrapper Available -> (create <wrapper>)!
[13:06:22] DEBUG: Send ProxyConfig!
[13:06:23] ERROR: No Wrapper Available -> (create <wrapper>)!
[13:06:25] DEBUG: Send ProxyConfig!
[13:06:26] ERROR: No Wrapper Available -> (create <wrapper>)!
