[12:54:44] INFO: Registered Packet By Clazz: de.crycodes.de.spacebyter.liptoncloud.packets.global.RegisterPacket
[12:54:44] INFO: Registered Packet By Clazz: de.crycodes.de.spacebyter.liptoncloud.packets.global.ShutDownPacket
[12:54:44] INFO: Registered Packet By Clazz: de.crycodes.de.spacebyter.liptoncloud.packets.server.proxy.in.SendProxyConfigPacket
[12:54:44] INFO: Registered Packet By Clazz: de.crycodes.de.spacebyter.liptoncloud.packets.server.proxy.in.StopProxyPacket
[12:54:44] INFO: Registered Packet By Clazz: de.crycodes.de.spacebyter.liptoncloud.packets.server.proxy.out.ProxyStoppingPacket
[12:54:44] INFO: Registered Packet By Clazz: de.crycodes.de.spacebyter.liptoncloud.packets.server.server.in.ExecuteCommandPacket
[12:54:44] INFO: Registered Packet By Clazz: de.crycodes.de.spacebyter.liptoncloud.packets.server.server.in.SendServerConfigPacket
[12:54:44] INFO: Registered Packet By Clazz: de.crycodes.de.spacebyter.liptoncloud.packets.server.server.in.StopServerGroupPacket
[12:54:44] INFO: Registered Packet By Clazz: de.crycodes.de.spacebyter.liptoncloud.packets.server.server.in.StopServerPacket
[12:54:44] INFO: Registered Packet By Clazz: de.crycodes.de.spacebyter.liptoncloud.packets.server.server.out.ServerStoppingPacket
[12:54:44] INFO: Registered Packet By Clazz: de.crycodes.de.spacebyter.liptoncloud.packets.wrapper.in.CopyServerPacket
[12:54:44] INFO: Registered Packet By Clazz: de.crycodes.de.spacebyter.liptoncloud.packets.wrapper.in.CreateTemplatePacket
[12:54:44] INFO: Registered Packet By Clazz: de.crycodes.de.spacebyter.liptoncloud.packets.wrapper.in.StartServerPacket
[12:54:44] INFO: Registered Packet By Clazz: de.crycodes.de.spacebyter.liptoncloud.packets.wrapper.out.DebugPacket
[12:54:44] INFO: Registered Packet By Clazz: de.crycodes.de.spacebyter.liptoncloud.packets.wrapper.out.ErrorPacket
[12:54:44] INFO: Registered Packet By Clazz: de.crycodes.de.spacebyter.liptoncloud.packets.wrapper.out.InfoPacket
[12:54:44] INFO: Registered Packet By Clazz: de.crycodes.de.spacebyter.liptoncloud.packets.wrapper.out.WarningPacket
[12:54:44] INFO: Registered Packet By Clazz: de.crycodes.de.spacebyter.liptoncloud.packets.global.UpdateMaintenancePacket
[12:54:44] INFO: Registered Packet By Clazz: de.crycodes.de.spacebyter.liptoncloud.packets.server.proxy.out.ServerGroupUpdatePacket
[12:54:44] INFO: Registered Packet By Clazz: de.crycodes.de.spacebyter.liptoncloud.packets.server.server.out.ServerUpdatePacket
[12:54:44] INFO: Registered Packet By Clazz: de.crycodes.de.spacebyter.liptoncloud.packets.global.RegisterResponsePacket
[12:54:44] INFO: [34m __    _     ___   _     ___   __   _     __  _____  ____  _     [0m
[12:54:44] INFO: [34m/ /`  | |   / / \ | | | | | \ ( (` \ \_/ ( (`  | |  | |_  | |\/| [0m
[12:54:44] INFO: [34m\_\_, |_|__ \_\_/ \_\_/ |_|_/ _)_)  |_|  _)_)  |_|  |_|__ |_|  | [0m
[12:54:44] INFO: [31m▬▬▬▬▬▬▬▬▬▬▬▬▬▬▬▬▬▬▬▬▬▬▬▬▬▬▬▬▬▬▬▬▬▬▬▬▬▬[0m
[12:54:44] INFO: [34mCoded by CryCodes & SpaceByter[0m
[12:54:44] INFO: 
[12:54:44] INFO: Loaded Addon: CloudFlare-1.0-SNAPSHOT
[12:54:44] INFO: Loaded Addon: SignSystem-1.0-SNAPSHOT
[12:54:45] ERROR: An error occurred in cloudflare addon: Could not find zone id for given domain, please recheck
[12:54:45] ERROR: An error occurred in cloudflare addon: Could not find zone id for given domain, please recheck
[12:54:45] INFO: [SIGNSYSTEM] Starting NetworkServer on (127.0.0.1:8899)!
[12:54:45] INFO: Using SignSystem for LiptonCloud!
[12:54:45] INFO: Starting Master-Wrapper Server on Port: (9685) !
[12:54:45] INFO: Starting Proxy-Wrapper Server on Port: (1784) !
[12:54:45] INFO: Starting Master-Spigot Server on Port: (7898) !
[12:54:45] INFO: Action 'MASTERSTARTUP' took: (1.12) Seconds!
[12:54:47] DEBUG: Send ProxyConfig!
[12:54:48] ERROR: No Wrapper Available -> (create <wrapper>)!
[12:54:49] DEBUG: Send ProxyConfig!
[12:54:50] ERROR: No Wrapper Available -> (create <wrapper>)!
[12:54:52] DEBUG: Send ProxyConfig!
[12:54:53] ERROR: No Wrapper Available -> (create <wrapper>)!
[12:54:54] DEBUG: Send ProxyConfig!
[12:54:55] ERROR: No Wrapper Available -> (create <wrapper>)!
[12:54:57] DEBUG: Send ProxyConfig!
[12:54:58] ERROR: No Wrapper Available -> (create <wrapper>)!
[12:54:59] DEBUG: Send ProxyConfig!
[12:55:00] ERROR: No Wrapper Available -> (create <wrapper>)!
[12:55:02] DEBUG: Send ProxyConfig!
[12:55:03] ERROR: No Wrapper Available -> (create <wrapper>)!
[12:55:04] DEBUG: Send ProxyConfig!
[12:55:05] ERROR: No Wrapper Available -> (create <wrapper>)!
[12:55:07] DEBUG: Send ProxyConfig!
[12:55:08] ERROR: No Wrapper Available -> (create <wrapper>)!
[12:55:09] DEBUG: Send ProxyConfig!
[12:55:10] ERROR: No Wrapper Available -> (create <wrapper>)!
[12:55:12] DEBUG: Send ProxyConfig!
[12:55:13] ERROR: No Wrapper Available -> (create <wrapper>)!
[12:55:14] DEBUG: Send ProxyConfig!
[12:55:15] ERROR: No Wrapper Available -> (create <wrapper>)!
[12:55:17] DEBUG: Send ProxyConfig!
[12:55:18] ERROR: No Wrapper Available -> (create <wrapper>)!
[12:55:19] DEBUG: Send ProxyConfig!
[12:55:20] ERROR: No Wrapper Available -> (create <wrapper>)!
[12:55:22] DEBUG: Send ProxyConfig!
[12:55:23] ERROR: No Wrapper Available -> (create <wrapper>)!
[12:55:24] DEBUG: Send ProxyConfig!
[12:55:25] ERROR: No Wrapper Available -> (create <wrapper>)!
[12:55:27] DEBUG: Send ProxyConfig!
[12:55:28] ERROR: No Wrapper Available -> (create <wrapper>)!
[12:55:29] DEBUG: Send ProxyConfig!
[12:55:30] ERROR: No Wrapper Available -> (create <wrapper>)!
[12:55:32] DEBUG: Send ProxyConfig!
[12:55:33] ERROR: No Wrapper Available -> (create <wrapper>)!
[12:55:34] DEBUG: Send ProxyConfig!
[12:55:35] ERROR: No Wrapper Available -> (create <wrapper>)!
[12:55:37] DEBUG: Send ProxyConfig!
[12:55:38] ERROR: No Wrapper Available -> (create <wrapper>)!
[12:55:39] DEBUG: Send ProxyConfig!
[12:55:40] ERROR: No Wrapper Available -> (create <wrapper>)!
[12:55:42] DEBUG: Send ProxyConfig!
[12:55:43] ERROR: No Wrapper Available -> (create <wrapper>)!
[12:55:44] DEBUG: Send ProxyConfig!
[12:55:45] ERROR: No Wrapper Available -> (create <wrapper>)!
[12:55:47] DEBUG: Send ProxyConfig!
[12:55:48] ERROR: No Wrapper Available -> (create <wrapper>)!
[12:55:49] DEBUG: Send ProxyConfig!
[12:55:50] ERROR: No Wrapper Available -> (create <wrapper>)!
[12:55:52] DEBUG: Send ProxyConfig!
[12:55:53] ERROR: No Wrapper Available -> (create <wrapper>)!
[12:55:54] DEBUG: Send ProxyConfig!
[12:55:55] ERROR: No Wrapper Available -> (create <wrapper>)!
[12:55:57] DEBUG: Send ProxyConfig!
[12:55:58] ERROR: No Wrapper Available -> (create <wrapper>)!
[12:55:59] DEBUG: Send ProxyConfig!
[12:56:00] ERROR: No Wrapper Available -> (create <wrapper>)!
[12:56:02] DEBUG: Send ProxyConfig!
[12:56:03] ERROR: No Wrapper Available -> (create <wrapper>)!
[12:56:04] DEBUG: Send ProxyConfig!
[12:56:05] ERROR: No Wrapper Available -> (create <wrapper>)!
[12:56:07] DEBUG: Send ProxyConfig!
[12:56:08] ERROR: No Wrapper Available -> (create <wrapper>)!
[12:56:09] DEBUG: Send ProxyConfig!
[12:56:10] ERROR: No Wrapper Available -> (create <wrapper>)!
[12:56:12] DEBUG: Send ProxyConfig!
[12:56:13] ERROR: No Wrapper Available -> (create <wrapper>)!
[12:56:14] DEBUG: Send ProxyConfig!
[12:56:15] ERROR: No Wrapper Available -> (create <wrapper>)!
[12:56:17] DEBUG: Send ProxyConfig!
[12:56:18] ERROR: No Wrapper Available -> (create <wrapper>)!
[12:56:19] DEBUG: Send ProxyConfig!
[12:56:20] ERROR: No Wrapper Available -> (create <wrapper>)!
[12:56:22] DEBUG: Send ProxyConfig!
[12:56:23] ERROR: No Wrapper Available -> (create <wrapper>)!
[12:56:24] DEBUG: Send ProxyConfig!
[12:56:25] ERROR: No Wrapper Available -> (create <wrapper>)!
[12:56:27] DEBUG: Send ProxyConfig!
[12:56:28] ERROR: No Wrapper Available -> (create <wrapper>)!
[12:56:29] DEBUG: Send ProxyConfig!
[12:56:30] ERROR: No Wrapper Available -> (create <wrapper>)!
[12:56:32] DEBUG: Send ProxyConfig!
[12:56:33] ERROR: No Wrapper Available -> (create <wrapper>)!
[12:56:34] DEBUG: Send ProxyConfig!
[12:56:35] ERROR: No Wrapper Available -> (create <wrapper>)!
[12:56:37] DEBUG: Send ProxyConfig!
[12:56:38] ERROR: No Wrapper Available -> (create <wrapper>)!
[12:56:39] DEBUG: Send ProxyConfig!
[12:56:40] ERROR: No Wrapper Available -> (create <wrapper>)!
[12:56:42] DEBUG: Send ProxyConfig!
[12:56:43] ERROR: No Wrapper Available -> (create <wrapper>)!
[12:56:44] DEBUG: Send ProxyConfig!
[12:56:45] ERROR: No Wrapper Available -> (create <wrapper>)!
[12:56:47] DEBUG: Send ProxyConfig!
[12:56:48] ERROR: No Wrapper Available -> (create <wrapper>)!
[12:56:49] DEBUG: Send ProxyConfig!
[12:56:50] ERROR: No Wrapper Available -> (create <wrapper>)!
[12:56:52] DEBUG: Send ProxyConfig!
[12:56:53] ERROR: No Wrapper Available -> (create <wrapper>)!
[12:56:54] DEBUG: Send ProxyConfig!
[12:56:55] ERROR: No Wrapper Available -> (create <wrapper>)!
[12:56:57] DEBUG: Send ProxyConfig!
[12:56:58] ERROR: No Wrapper Available -> (create <wrapper>)!
[12:56:59] DEBUG: Send ProxyConfig!
[12:57:00] ERROR: No Wrapper Available -> (create <wrapper>)!
[12:57:02] DEBUG: Send ProxyConfig!
[12:57:03] ERROR: No Wrapper Available -> (create <wrapper>)!
[12:57:04] DEBUG: Send ProxyConfig!
[12:57:05] ERROR: No Wrapper Available -> (create <wrapper>)!
[12:57:07] DEBUG: Send ProxyConfig!
[12:57:08] ERROR: No Wrapper Available -> (create <wrapper>)!
[12:57:09] DEBUG: Send ProxyConfig!
[12:57:10] ERROR: No Wrapper Available -> (create <wrapper>)!
[12:57:12] DEBUG: Send ProxyConfig!
[12:57:13] ERROR: No Wrapper Available -> (create <wrapper>)!
[12:57:14] DEBUG: Send ProxyConfig!
[12:57:15] ERROR: No Wrapper Available -> (create <wrapper>)!
[12:57:17] DEBUG: Send ProxyConfig!
[12:57:18] ERROR: No Wrapper Available -> (create <wrapper>)!
[12:57:19] DEBUG: Send ProxyConfig!
[12:57:20] ERROR: No Wrapper Available -> (create <wrapper>)!
[12:57:22] DEBUG: Send ProxyConfig!
[12:57:23] ERROR: No Wrapper Available -> (create <wrapper>)!
[12:57:24] DEBUG: Send ProxyConfig!
[12:57:25] ERROR: No Wrapper Available -> (create <wrapper>)!
[12:57:27] DEBUG: Send ProxyConfig!
[12:57:28] ERROR: No Wrapper Available -> (create <wrapper>)!
[12:57:29] DEBUG: Send ProxyConfig!
[12:57:30] ERROR: No Wrapper Available -> (create <wrapper>)!
[12:57:32] DEBUG: Send ProxyConfig!
[12:57:33] ERROR: No Wrapper Available -> (create <wrapper>)!
[12:57:34] DEBUG: Send ProxyConfig!
[12:57:35] ERROR: No Wrapper Available -> (create <wrapper>)!
[12:57:37] DEBUG: Send ProxyConfig!
[12:57:38] ERROR: No Wrapper Available -> (create <wrapper>)!
[12:57:39] DEBUG: Send ProxyConfig!
[12:57:40] ERROR: No Wrapper Available -> (create <wrapper>)!
[12:57:42] DEBUG: Send ProxyConfig!
[12:57:43] ERROR: No Wrapper Available -> (create <wrapper>)!
[12:57:44] DEBUG: Send ProxyConfig!
[12:57:45] ERROR: No Wrapper Available -> (create <wrapper>)!
