[12:57:59] INFO: Registered Packet By Clazz: de.crycodes.de.spacebyter.liptoncloud.packets.global.RegisterPacket
[12:57:59] INFO: Registered Packet By Clazz: de.crycodes.de.spacebyter.liptoncloud.packets.global.ShutDownPacket
[12:57:59] INFO: Registered Packet By Clazz: de.crycodes.de.spacebyter.liptoncloud.packets.server.proxy.in.SendProxyConfigPacket
[12:57:59] INFO: Registered Packet By Clazz: de.crycodes.de.spacebyter.liptoncloud.packets.server.proxy.in.StopProxyPacket
[12:57:59] INFO: Registered Packet By Clazz: de.crycodes.de.spacebyter.liptoncloud.packets.server.proxy.out.ProxyStoppingPacket
[12:57:59] INFO: Registered Packet By Clazz: de.crycodes.de.spacebyter.liptoncloud.packets.server.server.in.ExecuteCommandPacket
[12:57:59] INFO: Registered Packet By Clazz: de.crycodes.de.spacebyter.liptoncloud.packets.server.server.in.SendServerConfigPacket
[12:57:59] INFO: Registered Packet By Clazz: de.crycodes.de.spacebyter.liptoncloud.packets.server.server.in.StopServerGroupPacket
[12:57:59] INFO: Registered Packet By Clazz: de.crycodes.de.spacebyter.liptoncloud.packets.server.server.in.StopServerPacket
[12:57:59] INFO: Registered Packet By Clazz: de.crycodes.de.spacebyter.liptoncloud.packets.server.server.out.ServerStoppingPacket
[12:57:59] INFO: Registered Packet By Clazz: de.crycodes.de.spacebyter.liptoncloud.packets.wrapper.in.CopyServerPacket
[12:57:59] INFO: Registered Packet By Clazz: de.crycodes.de.spacebyter.liptoncloud.packets.wrapper.in.CreateTemplatePacket
[12:57:59] INFO: Registered Packet By Clazz: de.crycodes.de.spacebyter.liptoncloud.packets.wrapper.in.StartServerPacket
[12:57:59] INFO: Registered Packet By Clazz: de.crycodes.de.spacebyter.liptoncloud.packets.wrapper.out.DebugPacket
[12:57:59] INFO: Registered Packet By Clazz: de.crycodes.de.spacebyter.liptoncloud.packets.wrapper.out.ErrorPacket
[12:57:59] INFO: Registered Packet By Clazz: de.crycodes.de.spacebyter.liptoncloud.packets.wrapper.out.InfoPacket
[12:57:59] INFO: Registered Packet By Clazz: de.crycodes.de.spacebyter.liptoncloud.packets.wrapper.out.WarningPacket
[12:57:59] INFO: Registered Packet By Clazz: de.crycodes.de.spacebyter.liptoncloud.packets.global.UpdateMaintenancePacket
[12:57:59] INFO: Registered Packet By Clazz: de.crycodes.de.spacebyter.liptoncloud.packets.server.proxy.out.ServerGroupUpdatePacket
[12:57:59] INFO: Registered Packet By Clazz: de.crycodes.de.spacebyter.liptoncloud.packets.server.server.out.ServerUpdatePacket
[12:57:59] INFO: Registered Packet By Clazz: de.crycodes.de.spacebyter.liptoncloud.packets.global.RegisterResponsePacket
[12:57:59] INFO: [34m __    _     ___   _     ___   __   _     __  _____  ____  _     [0m
[12:57:59] INFO: [34m/ /`  | |   / / \ | | | | | \ ( (` \ \_/ ( (`  | |  | |_  | |\/| [0m
[12:57:59] INFO: [34m\_\_, |_|__ \_\_/ \_\_/ |_|_/ _)_)  |_|  _)_)  |_|  |_|__ |_|  | [0m
[12:57:59] INFO: [31m▬▬▬▬▬▬▬▬▬▬▬▬▬▬▬▬▬▬▬▬▬▬▬▬▬▬▬▬▬▬▬▬▬▬▬▬▬▬[0m
[12:57:59] INFO: [34mCoded by CryCodes & SpaceByter[0m
[12:57:59] INFO: 
[12:57:59] INFO: Loaded Addon: CloudFlare-1.0-SNAPSHOT
[12:57:59] INFO: Loaded Addon: SignSystem-1.0-SNAPSHOT
[12:58:00] ERROR: An error occurred in cloudflare addon: Could not find zone id for given domain, please recheck
[12:58:00] ERROR: An error occurred in cloudflare addon: Could not find zone id for given domain, please recheck
[12:58:00] INFO: [SIGNSYSTEM] Starting NetworkServer on (127.0.0.1:8899)!
[12:58:00] INFO: Using SignSystem for LiptonCloud!
[12:58:00] INFO: Starting Master-Wrapper Server on Port: (9685) !
[12:58:00] INFO: Starting Proxy-Wrapper Server on Port: (1784) !
[12:58:00] INFO: Starting Master-Spigot Server on Port: (7898) !
[12:58:00] INFO: Action 'MASTERSTARTUP' took: (1.11) Seconds!
[12:58:01] INFO: Trying to Register Proxy: NONE
[12:58:01] INFO: Registered new Proxy: NONE
[12:58:01] INFO: NEW PACKET - RegisterPacket
[12:58:02] DEBUG: Send ProxyConfig!
[12:58:03] ERROR: No Wrapper Available -> (create <wrapper>)!
[12:58:04] DEBUG: Send ProxyConfig!
[12:58:05] ERROR: No Wrapper Available -> (create <wrapper>)!
[12:58:07] DEBUG: Send ProxyConfig!
[12:58:08] ERROR: No Wrapper Available -> (create <wrapper>)!
[12:58:09] DEBUG: Send ProxyConfig!
[12:58:10] ERROR: No Wrapper Available -> (create <wrapper>)!
[12:58:12] DEBUG: Send ProxyConfig!
[12:58:13] ERROR: No Wrapper Available -> (create <wrapper>)!
[12:58:14] DEBUG: Send ProxyConfig!
[12:58:15] ERROR: No Wrapper Available -> (create <wrapper>)!
[12:58:17] DEBUG: Send ProxyConfig!
[12:58:18] ERROR: No Wrapper Available -> (create <wrapper>)!
[12:58:19] DEBUG: Send ProxyConfig!
[12:58:20] ERROR: No Wrapper Available -> (create <wrapper>)!
[12:58:22] DEBUG: Send ProxyConfig!
