[14:41:15] INFO: Registered Packet By Clazz: de.crycodes.de.spacebyter.liptoncloud.packets.global.RegisterPacket
[14:41:15] INFO: Registered Packet By Clazz: de.crycodes.de.spacebyter.liptoncloud.packets.global.ShutDownPacket
[14:41:15] INFO: Registered Packet By Clazz: de.crycodes.de.spacebyter.liptoncloud.packets.server.proxy.in.SendProxyConfigPacket
[14:41:15] INFO: Registered Packet By Clazz: de.crycodes.de.spacebyter.liptoncloud.packets.server.proxy.in.StopProxyPacket
[14:41:15] INFO: Registered Packet By Clazz: de.crycodes.de.spacebyter.liptoncloud.packets.server.proxy.out.ProxyStoppingPacket
[14:41:15] INFO: Registered Packet By Clazz: de.crycodes.de.spacebyter.liptoncloud.packets.server.server.in.ExecuteCommandPacket
[14:41:15] INFO: Registered Packet By Clazz: de.crycodes.de.spacebyter.liptoncloud.packets.server.server.in.SendServerConfigPacket
[14:41:15] INFO: Registered Packet By Clazz: de.crycodes.de.spacebyter.liptoncloud.packets.server.server.in.StopServerGroupPacket
[14:41:15] INFO: Registered Packet By Clazz: de.crycodes.de.spacebyter.liptoncloud.packets.server.server.in.StopServerPacket
[14:41:15] INFO: Registered Packet By Clazz: de.crycodes.de.spacebyter.liptoncloud.packets.server.server.out.ServerStoppingPacket
[14:41:15] INFO: Registered Packet By Clazz: de.crycodes.de.spacebyter.liptoncloud.packets.wrapper.in.CopyServerPacket
[14:41:15] INFO: Registered Packet By Clazz: de.crycodes.de.spacebyter.liptoncloud.packets.wrapper.in.CreateTemplatePacket
[14:41:15] INFO: Registered Packet By Clazz: de.crycodes.de.spacebyter.liptoncloud.packets.wrapper.in.StartServerPacket
[14:41:15] INFO: Registered Packet By Clazz: de.crycodes.de.spacebyter.liptoncloud.packets.wrapper.out.DebugPacket
[14:41:15] INFO: Registered Packet By Clazz: de.crycodes.de.spacebyter.liptoncloud.packets.wrapper.out.ErrorPacket
[14:41:15] INFO: Registered Packet By Clazz: de.crycodes.de.spacebyter.liptoncloud.packets.wrapper.out.InfoPacket
[14:41:15] INFO: Registered Packet By Clazz: de.crycodes.de.spacebyter.liptoncloud.packets.wrapper.out.WarningPacket
[14:41:15] INFO: Registered Packet By Clazz: de.crycodes.de.spacebyter.liptoncloud.packets.global.UpdateMaintenancePacket
[14:41:15] INFO: Registered Packet By Clazz: de.crycodes.de.spacebyter.liptoncloud.packets.server.proxy.out.ServerGroupUpdatePacket
[14:41:15] INFO: Registered Packet By Clazz: de.crycodes.de.spacebyter.liptoncloud.packets.server.server.out.ServerUpdatePacket
[14:41:15] INFO: Registered Packet By Clazz: de.crycodes.de.spacebyter.liptoncloud.packets.global.RegisterResponsePacket
[14:41:15] INFO: [34m░█████╗░██╗░░░░░░█████╗░██╗░░░██╗██████╗░[0m
[14:41:15] INFO: [34m██╔══██╗██║░░░░░██╔══██╗██║░░░██║██╔══██╗[0m
[14:41:15] INFO: [34m██║░░╚═╝██║░░░░░██║░░██║██║░░░██║██║░░██║[0m
[14:41:15] INFO: [34m██║░░██╗██║░░░░░██║░░██║██║░░░██║██║░░██║[0m
[14:41:15] INFO: [34m╚█████╔╝███████╗╚█████╔╝╚██████╔╝██████╔╝[0m
[14:41:15] INFO: [34m░╚════╝░╚══════╝░╚════╝░░╚═════╝░╚═════╝░[0m
[14:41:15] INFO: ▬▬▬▬▬▬▬▬▬▬▬▬▬▬▬▬▬▬▬▬▬▬▬▬▬▬▬▬▬▬▬▬▬▬▬▬▬▬
[14:41:15] INFO: Coded by CryCodes & SpaceByter
[14:41:15] INFO: 
[14:41:15] INFO: Loaded Addon: CloudFlare-1.0-SNAPSHOT
[14:41:15] INFO: Loaded Addon: SignSystem-1.0-SNAPSHOT
[14:41:16] ERROR: An error occurred in cloudflare addon: Could not find zone id for given domain, please recheck
[14:41:16] ERROR: An error occurred in cloudflare addon: Could not find zone id for given domain, please recheck
[14:41:16] INFO: [SIGNSYSTEM] Starting NetworkServer on (127.0.0.1:8899)!
[14:41:16] INFO: Using SignSystem for LiptonCloud!
[14:41:16] INFO: Starting Master-Wrapper Server on Port: (9685) !
[14:41:16] INFO: Starting Proxy-Wrapper Server on Port: (1784) !
[14:41:16] INFO: Starting Master-Spigot Server on Port: (7898) !
[14:41:16] INFO: Started BungeeCord Server on: 25565 !
[14:41:16] INFO: Action 'MASTERSTARTUP' took: (1.13) Seconds!
[14:41:17] INFO: Trying to Register Proxy: NONE
[14:41:17] INFO: Registered new Proxy: NONE
[14:41:20] ERROR: Command Not Found!
[14:41:22] INFO: create SERVERGROUP
[14:41:22] INFO: create TEMPLATE <Group>
[14:41:22] INFO: create PROXY
[14:41:22] INFO: create WRAPPER
[14:41:52] INFO: Servergroup 'bedwars' was successfully created!
[14:43:01] INFO: Cloud was Reloaded!
[14:43:06] INFO: Trying to Register Wrapper: Wrapper-1
[14:43:06] INFO: Registered new Wrapper: Wrapper-1
[14:43:08] INFO: [AUTOSTART] StartetServer 'bedwars' stats: (1/2) Port: 30000 | ID: 1 !
[14:43:08] INFO: [AUTOSTART] StartetServer 'Lobby' stats: (1/1) Port: 30001 | ID: 1 !
[14:43:11] INFO: [AUTOSTART] StartetServer 'bedwars' stats: (2/2) Port: 30002 | ID: 2 !
[14:43:23] INFO: Trying to Register Server: Lobby-1
[14:43:23] INFO: Registered new Server: Lobby-1
