[09:57:36] INFO: Registered Packet By Clazz: de.crycodes.de.spacebyter.liptoncloud.packets.global.RegisterPacket
[09:57:36] INFO: Registered Packet By Clazz: de.crycodes.de.spacebyter.liptoncloud.packets.global.ShutDownPacket
[09:57:36] INFO: Registered Packet By Clazz: de.crycodes.de.spacebyter.liptoncloud.packets.server.proxy.in.SendProxyConfigPacket
[09:57:36] INFO: Registered Packet By Clazz: de.crycodes.de.spacebyter.liptoncloud.packets.server.proxy.in.StopProxyPacket
[09:57:36] INFO: Registered Packet By Clazz: de.crycodes.de.spacebyter.liptoncloud.packets.server.proxy.out.ProxyStoppingPacket
[09:57:36] INFO: Registered Packet By Clazz: de.crycodes.de.spacebyter.liptoncloud.packets.server.server.in.ExecuteCommandPacket
[09:57:36] INFO: Registered Packet By Clazz: de.crycodes.de.spacebyter.liptoncloud.packets.server.server.in.SendServerConfigPacket
[09:57:36] INFO: Registered Packet By Clazz: de.crycodes.de.spacebyter.liptoncloud.packets.server.server.in.StopServerGroupPacket
[09:57:36] INFO: Registered Packet By Clazz: de.crycodes.de.spacebyter.liptoncloud.packets.server.server.in.StopServerPacket
[09:57:36] INFO: Registered Packet By Clazz: de.crycodes.de.spacebyter.liptoncloud.packets.server.server.out.ServerStoppingPacket
[09:57:36] INFO: Registered Packet By Clazz: de.crycodes.de.spacebyter.liptoncloud.packets.wrapper.in.CopyServerPacket
[09:57:36] INFO: Registered Packet By Clazz: de.crycodes.de.spacebyter.liptoncloud.packets.wrapper.in.CreateTemplatePacket
[09:57:36] INFO: Registered Packet By Clazz: de.crycodes.de.spacebyter.liptoncloud.packets.wrapper.in.StartServerPacket
[09:57:36] INFO: Registered Packet By Clazz: de.crycodes.de.spacebyter.liptoncloud.packets.wrapper.out.DebugPacket
[09:57:36] INFO: Registered Packet By Clazz: de.crycodes.de.spacebyter.liptoncloud.packets.wrapper.out.ErrorPacket
[09:57:36] INFO: Registered Packet By Clazz: de.crycodes.de.spacebyter.liptoncloud.packets.wrapper.out.InfoPacket
[09:57:36] INFO: Registered Packet By Clazz: de.crycodes.de.spacebyter.liptoncloud.packets.wrapper.out.WarningPacket
[09:57:36] INFO: Registered Packet By Clazz: de.crycodes.de.spacebyter.liptoncloud.packets.global.UpdateMaintenancePacket
[09:57:36] INFO: Registered Packet By Clazz: de.crycodes.de.spacebyter.liptoncloud.packets.server.proxy.out.ServerGroupUpdatePacket
[09:57:36] INFO: Registered Packet By Clazz: de.crycodes.de.spacebyter.liptoncloud.packets.server.server.out.ServerUpdatePacket
[09:57:36] INFO: Registered Packet By Clazz: de.crycodes.de.spacebyter.liptoncloud.packets.global.RegisterResponsePacket
[09:57:36] INFO: [34m __    _     ___   _     ___   __   _     __  _____  ____  _     [0m
[09:57:36] INFO: [34m/ /`  | |   / / \ | | | | | \ ( (` \ \_/ ( (`  | |  | |_  | |\/| [0m
[09:57:36] INFO: [34m\_\_, |_|__ \_\_/ \_\_/ |_|_/ _)_)  |_|  _)_)  |_|  |_|__ |_|  | [0m
[09:57:36] INFO: [31m▬▬▬▬▬▬▬▬▬▬▬▬▬▬▬▬▬▬▬▬▬▬▬▬▬▬▬▬▬▬▬▬▬▬▬▬▬▬[0m
[09:57:36] INFO: [34mCoded by CryCodes & SpaceByter[0m
[09:57:36] INFO: 
[09:57:36] INFO: Loaded Addon: CloudFlare-1.0-SNAPSHOT
[09:57:36] INFO: Loaded Addon: SignSystem-1.0-SNAPSHOT
[09:57:37] ERROR: An error occurred in cloudflare addon: Could not find zone id for given domain, please recheck
[09:57:37] ERROR: An error occurred in cloudflare addon: Could not find zone id for given domain, please recheck
[09:57:37] INFO: [SIGNSYSTEM] Starting NetworkServer on (127.0.0.1:8899)!
[09:57:37] INFO: Using SignSystem for LiptonCloud!
[09:57:37] INFO: Starting Master-Wrapper Server on Port: (9685) !
[09:57:37] INFO: Starting Proxy-Wrapper Server on Port: (1784) !
[09:57:37] INFO: Starting Master-Spigot Server on Port: (7898) !
[09:57:37] INFO: Action 'MASTERSTARTUP' took: (1.13) Seconds!
