[00:06:13] INFO: Registered Packet By Clazz: de.crycodes.de.spacebyter.liptoncloud.packets.global.RegisterPacket
[00:06:13] INFO: Registered Packet By Clazz: de.crycodes.de.spacebyter.liptoncloud.packets.global.ShutDownPacket
[00:06:13] INFO: Registered Packet By Clazz: de.crycodes.de.spacebyter.liptoncloud.packets.server.proxy.in.SendProxyConfigPacket
[00:06:13] INFO: Registered Packet By Clazz: de.crycodes.de.spacebyter.liptoncloud.packets.server.proxy.in.StopProxyPacket
[00:06:13] INFO: Registered Packet By Clazz: de.crycodes.de.spacebyter.liptoncloud.packets.server.proxy.out.ProxyStoppingPacket
[00:06:13] INFO: Registered Packet By Clazz: de.crycodes.de.spacebyter.liptoncloud.packets.server.server.in.ExecuteCommandPacket
[00:06:13] INFO: Registered Packet By Clazz: de.crycodes.de.spacebyter.liptoncloud.packets.server.server.in.SendServerConfigPacket
[00:06:13] INFO: Registered Packet By Clazz: de.crycodes.de.spacebyter.liptoncloud.packets.server.server.in.StopServerGroupPacket
[00:06:13] INFO: Registered Packet By Clazz: de.crycodes.de.spacebyter.liptoncloud.packets.server.server.in.StopServerPacket
[00:06:13] INFO: Registered Packet By Clazz: de.crycodes.de.spacebyter.liptoncloud.packets.server.server.out.ServerStoppingPacket
[00:06:13] INFO: Registered Packet By Clazz: de.crycodes.de.spacebyter.liptoncloud.packets.wrapper.in.CopyServerPacket
[00:06:13] INFO: Registered Packet By Clazz: de.crycodes.de.spacebyter.liptoncloud.packets.wrapper.in.CreateTemplatePacket
[00:06:13] INFO: Registered Packet By Clazz: de.crycodes.de.spacebyter.liptoncloud.packets.wrapper.in.StartServerPacket
[00:06:13] INFO: Registered Packet By Clazz: de.crycodes.de.spacebyter.liptoncloud.packets.wrapper.out.DebugPacket
[00:06:13] INFO: Registered Packet By Clazz: de.crycodes.de.spacebyter.liptoncloud.packets.wrapper.out.ErrorPacket
[00:06:13] INFO: Registered Packet By Clazz: de.crycodes.de.spacebyter.liptoncloud.packets.wrapper.out.InfoPacket
[00:06:13] INFO: Registered Packet By Clazz: de.crycodes.de.spacebyter.liptoncloud.packets.wrapper.out.WarningPacket
[00:06:13] INFO: Registered Packet By Clazz: de.crycodes.de.spacebyter.liptoncloud.packets.global.UpdateMaintenancePacket
[00:06:13] INFO: Registered Packet By Clazz: de.crycodes.de.spacebyter.liptoncloud.packets.server.proxy.out.ServerGroupUpdatePacket
[00:06:13] INFO: Registered Packet By Clazz: de.crycodes.de.spacebyter.liptoncloud.packets.server.server.out.ServerUpdatePacket
[00:06:13] INFO: Registered Packet By Clazz: de.crycodes.de.spacebyter.liptoncloud.packets.global.RegisterResponsePacket
[00:06:13] INFO: [34m __    _     ___   _     ___   __   _     __  _____  ____  _     [0m
[00:06:13] INFO: [34m/ /`  | |   / / \ | | | | | \ ( (` \ \_/ ( (`  | |  | |_  | |\/| [0m
[00:06:13] INFO: [34m\_\_, |_|__ \_\_/ \_\_/ |_|_/ _)_)  |_|  _)_)  |_|  |_|__ |_|  | [0m
[00:06:13] INFO: [31m▬▬▬▬▬▬▬▬▬▬▬▬▬▬▬▬▬▬▬▬▬▬▬▬▬▬▬▬▬▬▬▬▬▬▬▬▬▬[0m
[00:06:13] INFO: [34mCoded by CryCodes & SpaceByter[0m
[00:06:13] INFO: 
[00:06:13] INFO: Loaded Addon: CloudFlare-1.0-SNAPSHOT
[00:06:13] INFO: Loaded Addon: SignSystem-1.0-SNAPSHOT
[00:06:14] ERROR: An error occurred in cloudflare addon: Could not find zone id for given domain, please recheck
[00:06:14] ERROR: An error occurred in cloudflare addon: Could not find zone id for given domain, please recheck
[00:06:14] INFO: [SIGNSYSTEM] Starting NetworkServer on (127.0.0.1:8899)!
[00:06:14] INFO: Using SignSystem for LiptonCloud!
[00:06:14] INFO: Starting Master-Wrapper Server on Port: (9685) !
[00:06:14] INFO: Starting Proxy-Wrapper Server on Port: (1784) !
[00:06:14] INFO: Starting Master-Spigot Server on Port: (7898) !
[00:06:14] INFO: Action 'MASTERSTARTUP' took: (1.12) Seconds!
[00:06:17] INFO: Trying to Register Wrapper: Wrapper-1
[00:06:17] INFO: Registered new Wrapper: Wrapper-1
[00:06:19] INFO: [AUTOSTART] StartetServer 'Lobby' stats: (1/1) Port: 30000 | ID: 1 !
[00:06:19] INFO: [AUTOSTART] StartetServer 'Test' stats: (1/1) Port: 30001 | ID: 1 !
