[13:01:45] INFO: Registered new Wrapper: Wrapper-1
[13:01:45] INFO: Registered Packet By Clazz: de.crycodes.de.spacebyter.liptoncloud.packets.global.RegisterPacket
[13:01:45] INFO: Registered Packet By Clazz: de.crycodes.de.spacebyter.liptoncloud.packets.global.ShutDownPacket
[13:01:45] INFO: Registered Packet By Clazz: de.crycodes.de.spacebyter.liptoncloud.packets.server.proxy.in.SendProxyConfigPacket
[13:01:45] INFO: Registered Packet By Clazz: de.crycodes.de.spacebyter.liptoncloud.packets.server.proxy.in.StopProxyPacket
[13:01:45] INFO: Registered Packet By Clazz: de.crycodes.de.spacebyter.liptoncloud.packets.server.proxy.out.ProxyStoppingPacket
[13:01:45] INFO: Registered Packet By Clazz: de.crycodes.de.spacebyter.liptoncloud.packets.server.proxy.out.SendServerListPacket
[13:01:45] INFO: Registered Packet By Clazz: de.crycodes.de.spacebyter.liptoncloud.packets.server.server.in.AuthServerPacket
[13:01:45] INFO: Registered Packet By Clazz: de.crycodes.de.spacebyter.liptoncloud.packets.server.server.in.ExecuteCommandPacket
[13:01:45] INFO: Registered Packet By Clazz: de.crycodes.de.spacebyter.liptoncloud.packets.server.server.in.SendServerConfigPacket
[13:01:45] INFO: Registered Packet By Clazz: de.crycodes.de.spacebyter.liptoncloud.packets.server.server.in.StopServerGroupPacket
[13:01:45] INFO: Registered Packet By Clazz: de.crycodes.de.spacebyter.liptoncloud.packets.server.server.in.StopServerPacket
[13:01:45] INFO: Registered Packet By Clazz: de.crycodes.de.spacebyter.liptoncloud.packets.server.server.out.ServerStoppingPacket
[13:01:45] INFO: Registered Packet By Clazz: de.crycodes.de.spacebyter.liptoncloud.packets.wrapper.in.CopyServerPacket
[13:01:45] INFO: Registered Packet By Clazz: de.crycodes.de.spacebyter.liptoncloud.packets.wrapper.in.CreateTemplatePacket
[13:01:45] INFO: Registered Packet By Clazz: de.crycodes.de.spacebyter.liptoncloud.packets.wrapper.in.StartServerPacket
[13:01:45] INFO: Registered Packet By Clazz: de.crycodes.de.spacebyter.liptoncloud.packets.wrapper.out.DebugPacket
[13:01:45] INFO: Registered Packet By Clazz: de.crycodes.de.spacebyter.liptoncloud.packets.wrapper.out.ErrorPacket
[13:01:45] INFO: Registered Packet By Clazz: de.crycodes.de.spacebyter.liptoncloud.packets.wrapper.out.InfoPacket
[13:01:45] INFO: Registered Packet By Clazz: de.crycodes.de.spacebyter.liptoncloud.packets.wrapper.out.WarningPacket
[13:01:45] INFO: Registered Packet By Clazz: de.crycodes.de.spacebyter.liptoncloud.packets.global.UpdateMaintenancePacket
[13:01:45] INFO: Registered Packet By Clazz: de.crycodes.de.spacebyter.liptoncloud.packets.server.server.out.ServerGroupUpdatePacket
[13:01:45] INFO: Registered Packet By Clazz: de.crycodes.de.spacebyter.liptoncloud.packets.server.server.out.ServerUpdatePacket
[13:01:45] INFO:  __    _     ___   _     ___   __   _     __  _____  ____  _     
[13:01:45] INFO: / /`  | |   / / \ | | | | | \ ( (` \ \_/ ( (`  | |  | |_  | |\/| 
[13:01:45] INFO: \_\_, |_|__ \_\_/ \_\_/ |_|_/ _)_)  |_|  _)_)  |_|  |_|__ |_|  | 
[13:01:45] INFO: ▬▬▬▬▬▬▬▬▬▬▬▬▬▬▬▬▬▬▬▬▬▬▬▬▬▬▬▬▬▬▬▬▬▬▬▬▬▬
[13:01:45] INFO: Coded by CryCodes & SpaceByter
[13:01:45] INFO: 
[13:01:45] INFO: Loaded Addon: CloudFlare-1.0-SNAPSHOT
[13:01:45] INFO: Loaded Addon: SignSystem-1.0-SNAPSHOT
[13:01:45] ERROR: An error occurred in cloudflare addon: Could not find zone id for given domain, please recheck
[13:01:45] ERROR: An error occurred in cloudflare addon: Could not find zone id for given domain, please recheck
[13:01:45] INFO: [SIGNSYSTEM] Starting NetworkServer on (127.0.0.1:8899)!
[13:01:45] INFO: Using SignSystem for LiptonCloud!
[13:01:45] INFO: Starting Master-Wrapper Server on Port: (0) !
[13:01:48] INFO: [AUTOSTART] StartetServer 'Lobby' stats: (1/10) Port: 30000 | ID: 1 !
[13:01:50] INFO: [AUTOSTART] StartetServer 'Lobby' stats: (2/10) Port: 30001 | ID: 2 !
[13:01:53] INFO: [AUTOSTART] StartetServer 'Lobby' stats: (3/10) Port: 30002 | ID: 3 !
[13:01:55] INFO: [AUTOSTART] StartetServer 'Lobby' stats: (4/10) Port: 30003 | ID: 4 !
[13:01:58] INFO: [AUTOSTART] StartetServer 'Lobby' stats: (5/10) Port: 30004 | ID: 5 !
[13:02:00] INFO: [AUTOSTART] StartetServer 'Lobby' stats: (6/10) Port: 30005 | ID: 6 !
[13:02:03] INFO: [AUTOSTART] StartetServer 'Lobby' stats: (7/10) Port: 30006 | ID: 7 !
