[23:38:30] INFO: Registered Packet By Clazz: de.crycodes.de.spacebyter.liptoncloud.packets.global.RegisterPacket
[23:38:30] INFO: Registered Packet By Clazz: de.crycodes.de.spacebyter.liptoncloud.packets.global.ShutDownPacket
[23:38:30] INFO: Registered Packet By Clazz: de.crycodes.de.spacebyter.liptoncloud.packets.server.proxy.in.SendProxyConfigPacket
[23:38:30] INFO: Registered Packet By Clazz: de.crycodes.de.spacebyter.liptoncloud.packets.server.proxy.in.StopProxyPacket
[23:38:30] INFO: Registered Packet By Clazz: de.crycodes.de.spacebyter.liptoncloud.packets.server.proxy.out.ProxyStoppingPacket
[23:38:30] INFO: Registered Packet By Clazz: de.crycodes.de.spacebyter.liptoncloud.packets.server.server.in.ExecuteCommandPacket
[23:38:30] INFO: Registered Packet By Clazz: de.crycodes.de.spacebyter.liptoncloud.packets.server.server.in.SendServerConfigPacket
[23:38:30] INFO: Registered Packet By Clazz: de.crycodes.de.spacebyter.liptoncloud.packets.server.server.in.StopServerGroupPacket
[23:38:30] INFO: Registered Packet By Clazz: de.crycodes.de.spacebyter.liptoncloud.packets.server.server.in.StopServerPacket
[23:38:30] INFO: Registered Packet By Clazz: de.crycodes.de.spacebyter.liptoncloud.packets.server.server.out.ServerStoppingPacket
[23:38:30] INFO: Registered Packet By Clazz: de.crycodes.de.spacebyter.liptoncloud.packets.wrapper.in.CopyServerPacket
[23:38:30] INFO: Registered Packet By Clazz: de.crycodes.de.spacebyter.liptoncloud.packets.wrapper.in.CreateTemplatePacket
[23:38:30] INFO: Registered Packet By Clazz: de.crycodes.de.spacebyter.liptoncloud.packets.wrapper.in.StartServerPacket
[23:38:30] INFO: Registered Packet By Clazz: de.crycodes.de.spacebyter.liptoncloud.packets.wrapper.out.DebugPacket
[23:38:30] INFO: Registered Packet By Clazz: de.crycodes.de.spacebyter.liptoncloud.packets.wrapper.out.ErrorPacket
[23:38:30] INFO: Registered Packet By Clazz: de.crycodes.de.spacebyter.liptoncloud.packets.wrapper.out.InfoPacket
[23:38:30] INFO: Registered Packet By Clazz: de.crycodes.de.spacebyter.liptoncloud.packets.wrapper.out.WarningPacket
[23:38:30] INFO: Registered Packet By Clazz: de.crycodes.de.spacebyter.liptoncloud.packets.global.UpdateMaintenancePacket
[23:38:30] INFO: Registered Packet By Clazz: de.crycodes.de.spacebyter.liptoncloud.packets.server.proxy.out.ServerGroupUpdatePacket
[23:38:30] INFO: Registered Packet By Clazz: de.crycodes.de.spacebyter.liptoncloud.packets.server.server.out.ServerUpdatePacket
[23:38:30] INFO: Registered Packet By Clazz: de.crycodes.de.spacebyter.liptoncloud.packets.global.RegisterResponsePacket
[23:38:30] INFO: [34m __    _     ___   _     ___   __   _     __  _____  ____  _     [0m
[23:38:30] INFO: [34m/ /`  | |   / / \ | | | | | \ ( (` \ \_/ ( (`  | |  | |_  | |\/| [0m
[23:38:30] INFO: [34m\_\_, |_|__ \_\_/ \_\_/ |_|_/ _)_)  |_|  _)_)  |_|  |_|__ |_|  | [0m
[23:38:30] INFO: [31m▬▬▬▬▬▬▬▬▬▬▬▬▬▬▬▬▬▬▬▬▬▬▬▬▬▬▬▬▬▬▬▬▬▬▬▬▬▬[0m
[23:38:30] INFO: [34mCoded by CryCodes & SpaceByter[0m
[23:38:30] INFO: 
[23:38:30] INFO: Loaded Addon: CloudFlare-1.0-SNAPSHOT
[23:38:30] INFO: Loaded Addon: SignSystem-1.0-SNAPSHOT
[23:38:31] ERROR: An error occurred in cloudflare addon: Could not find zone id for given domain, please recheck
[23:38:31] ERROR: An error occurred in cloudflare addon: Could not find zone id for given domain, please recheck
[23:38:31] INFO: [SIGNSYSTEM] Starting NetworkServer on (127.0.0.1:8899)!
[23:38:31] INFO: Using SignSystem for LiptonCloud!
[23:38:31] INFO: Starting Master-Wrapper Server on Port: (9685) !
[23:38:31] INFO: Starting Proxy-Wrapper Server on Port: (1784) !
[23:38:31] INFO: Starting Master-Spigot Server on Port: (7898) !
[23:38:31] INFO: Action 'MASTERSTARTUP' took: (1.13) Seconds!
[23:38:38] INFO: Trying to Register Wrapper: Wrapper-1
[23:38:38] INFO: Registered new Wrapper: Wrapper-1
[23:38:39] INFO: [AUTOSTART] StartetServer 'Lobby' stats: (1/1) Port: 30000 | ID: 1 !
