[12:45:26] INFO: Registered new Wrapper: Wrapper-1
[12:45:26] INFO: Registered Packet By Clazz: de.crycodes.de.spacebyter.liptoncloud.packets.global.RegisterPacket
[12:45:26] INFO: Registered Packet By Clazz: de.crycodes.de.spacebyter.liptoncloud.packets.global.ShutDownPacket
[12:45:26] INFO: Registered Packet By Clazz: de.crycodes.de.spacebyter.liptoncloud.packets.server.proxy.in.SendProxyConfigPacket
[12:45:26] INFO: Registered Packet By Clazz: de.crycodes.de.spacebyter.liptoncloud.packets.server.proxy.in.StopProxyPacket
[12:45:26] INFO: Registered Packet By Clazz: de.crycodes.de.spacebyter.liptoncloud.packets.server.proxy.out.ProxyStoppingPacket
[12:45:26] INFO: Registered Packet By Clazz: de.crycodes.de.spacebyter.liptoncloud.packets.server.proxy.out.SendServerListPacket
[12:45:26] INFO: Registered Packet By Clazz: de.crycodes.de.spacebyter.liptoncloud.packets.server.server.in.AuthServerPacket
[12:45:26] INFO: Registered Packet By Clazz: de.crycodes.de.spacebyter.liptoncloud.packets.server.server.in.ExecuteCommandPacket
[12:45:26] INFO: Registered Packet By Clazz: de.crycodes.de.spacebyter.liptoncloud.packets.server.server.in.SendServerConfigPacket
[12:45:26] INFO: Registered Packet By Clazz: de.crycodes.de.spacebyter.liptoncloud.packets.server.server.in.StopServerGroupPacket
[12:45:26] INFO: Registered Packet By Clazz: de.crycodes.de.spacebyter.liptoncloud.packets.server.server.in.StopServerPacket
[12:45:26] INFO: Registered Packet By Clazz: de.crycodes.de.spacebyter.liptoncloud.packets.server.server.out.ServerStoppingPacket
[12:45:26] INFO: Registered Packet By Clazz: de.crycodes.de.spacebyter.liptoncloud.packets.wrapper.in.CopyServerPacket
[12:45:26] INFO: Registered Packet By Clazz: de.crycodes.de.spacebyter.liptoncloud.packets.wrapper.in.CreateTemplatePacket
[12:45:26] INFO: Registered Packet By Clazz: de.crycodes.de.spacebyter.liptoncloud.packets.wrapper.in.StartServerPacket
[12:45:26] INFO: Registered Packet By Clazz: de.crycodes.de.spacebyter.liptoncloud.packets.wrapper.out.DebugPacket
[12:45:26] INFO: Registered Packet By Clazz: de.crycodes.de.spacebyter.liptoncloud.packets.wrapper.out.ErrorPacket
[12:45:26] INFO: Registered Packet By Clazz: de.crycodes.de.spacebyter.liptoncloud.packets.wrapper.out.InfoPacket
[12:45:26] INFO: Registered Packet By Clazz: de.crycodes.de.spacebyter.liptoncloud.packets.wrapper.out.WarningPacket
[12:45:26] INFO: [34m __    _     ___   _     ___   __   _     __  _____  ____  _     [0m
[12:45:26] INFO: [34m/ /`  | |   / / \ | | | | | \ ( (` \ \_/ ( (`  | |  | |_  | |\/| [0m
[12:45:26] INFO: [34m\_\_, |_|__ \_\_/ \_\_/ |_|_/ _)_)  |_|  _)_)  |_|  |_|__ |_|  | [0m
[12:45:26] INFO: [31m▬▬▬▬▬▬▬▬▬▬▬▬▬▬▬▬▬▬▬▬▬▬▬▬▬▬▬▬▬▬▬▬▬▬▬▬▬▬[0m
[12:45:26] INFO: [34mCoded by CryCodes & SpaceByter[0m
[12:45:26] INFO: 
[12:45:26] INFO: Loaded Addon: CloudFlare-1.0-SNAPSHOT
[12:45:26] INFO: Loaded Addon: SignSystem-1.0-SNAPSHOT
[12:45:27] ERROR: An error occurred in cloudflare addon: Could not find zone id for given domain, please recheck
[12:45:27] ERROR: An error occurred in cloudflare addon: Could not find zone id for given domain, please recheck
[12:45:27] INFO: [SIGNSYSTEM] Starting NetworkServer on (127.0.0.1:8899)!
[12:45:27] INFO: Using SignSystem for LiptonCloud!
[12:45:27] INFO: Starting Master-Wrapper Server on Port: (9685) !
[12:45:29] INFO: [AUTOSTART] StartetServer 'Lobby' stats: (1/10) Port: 30000 | ID: 1 !
[12:45:32] INFO: [AUTOSTART] StartetServer 'Lobby' stats: (2/10) Port: 30001 | ID: 2 !
[12:45:34] INFO: [AUTOSTART] StartetServer 'Lobby' stats: (3/10) Port: 30002 | ID: 3 !
[12:45:37] INFO: [AUTOSTART] StartetServer 'Lobby' stats: (4/10) Port: 30003 | ID: 4 !
[12:45:39] INFO: [AUTOSTART] StartetServer 'Lobby' stats: (5/10) Port: 30004 | ID: 5 !
[12:45:42] INFO: [AUTOSTART] StartetServer 'Lobby' stats: (6/10) Port: 30005 | ID: 6 !
[12:45:44] INFO: [AUTOSTART] StartetServer 'Lobby' stats: (7/10) Port: 30006 | ID: 7 !
[12:45:47] INFO: [AUTOSTART] StartetServer 'Lobby' stats: (8/10) Port: 30007 | ID: 8 !
[12:45:49] INFO: [AUTOSTART] StartetServer 'Lobby' stats: (9/10) Port: 30008 | ID: 9 !
[12:45:52] INFO: [AUTOSTART] StartetServer 'Lobby' stats: (10/10) Port: 30009 | ID: 10 !
[12:46:21] INFO: Help Command:
[12:46:21] INFO: signreload | Reload the SignSystem's Config | []
[12:46:21] INFO: createsignlayout | Create an SignLayout | [createsign, createlayout]
[12:46:21] INFO: help | Shows all CloudCommands | [?, tftodo]
[12:46:21] INFO: create | Create Wrapper|Proxy|ServerGroups  | [build, make]
[12:46:21] INFO: reload | Reload Cloud | [restart, reloadconfig]
[12:46:21] INFO: stop | Stop the Cloud | [exit]
[12:46:21] INFO: service | Service Command of the Cloud | [cloud]
