[17:46:52] INFO: Registered Packet By Clazz: de.crycodes.de.spacebyter.liptoncloud.packets.global.RegisterPacket
[17:46:52] INFO: Registered Packet By Clazz: de.crycodes.de.spacebyter.liptoncloud.packets.global.ShutDownPacket
[17:46:52] INFO: Registered Packet By Clazz: de.crycodes.de.spacebyter.liptoncloud.packets.server.proxy.in.SendProxyConfigPacket
[17:46:52] INFO: Registered Packet By Clazz: de.crycodes.de.spacebyter.liptoncloud.packets.server.proxy.in.StopProxyPacket
[17:46:52] INFO: Registered Packet By Clazz: de.crycodes.de.spacebyter.liptoncloud.packets.server.proxy.out.ProxyStoppingPacket
[17:46:52] INFO: Registered Packet By Clazz: de.crycodes.de.spacebyter.liptoncloud.packets.server.server.in.ExecuteCommandPacket
[17:46:52] INFO: Registered Packet By Clazz: de.crycodes.de.spacebyter.liptoncloud.packets.server.server.in.SendServerConfigPacket
[17:46:52] INFO: Registered Packet By Clazz: de.crycodes.de.spacebyter.liptoncloud.packets.server.server.in.StopServerGroupPacket
[17:46:52] INFO: Registered Packet By Clazz: de.crycodes.de.spacebyter.liptoncloud.packets.server.server.in.StopServerPacket
[17:46:52] INFO: Registered Packet By Clazz: de.crycodes.de.spacebyter.liptoncloud.packets.server.server.out.ServerStoppingPacket
[17:46:52] INFO: Registered Packet By Clazz: de.crycodes.de.spacebyter.liptoncloud.packets.wrapper.in.CopyServerPacket
[17:46:52] INFO: Registered Packet By Clazz: de.crycodes.de.spacebyter.liptoncloud.packets.wrapper.in.CreateTemplatePacket
[17:46:52] INFO: Registered Packet By Clazz: de.crycodes.de.spacebyter.liptoncloud.packets.wrapper.in.StartServerPacket
[17:46:52] INFO: Registered Packet By Clazz: de.crycodes.de.spacebyter.liptoncloud.packets.wrapper.out.DebugPacket
[17:46:52] INFO: Registered Packet By Clazz: de.crycodes.de.spacebyter.liptoncloud.packets.wrapper.out.ErrorPacket
[17:46:52] INFO: Registered Packet By Clazz: de.crycodes.de.spacebyter.liptoncloud.packets.wrapper.out.InfoPacket
[17:46:52] INFO: Registered Packet By Clazz: de.crycodes.de.spacebyter.liptoncloud.packets.wrapper.out.WarningPacket
[17:46:52] INFO: Registered Packet By Clazz: de.crycodes.de.spacebyter.liptoncloud.packets.global.UpdateMaintenancePacket
[17:46:52] INFO: Registered Packet By Clazz: de.crycodes.de.spacebyter.liptoncloud.packets.server.proxy.out.ServerGroupUpdatePacket
[17:46:52] INFO: Registered Packet By Clazz: de.crycodes.de.spacebyter.liptoncloud.packets.server.server.out.ServerUpdatePacket
[17:46:52] INFO: Registered Packet By Clazz: de.crycodes.de.spacebyter.liptoncloud.packets.global.RegisterResponsePacket
[17:46:52] INFO: [34mâ–‘â–ˆâ–ˆâ–ˆâ–ˆâ–ˆâ•—â–‘â–ˆâ–ˆâ•—â–‘â–‘â–‘â–‘â–‘â–‘â–ˆâ–ˆâ–ˆâ–ˆâ–ˆâ•—â–‘â–ˆâ–ˆâ•—â–‘â–‘â–‘â–ˆâ–ˆâ•—â–ˆâ–ˆâ–ˆâ–ˆâ–ˆâ–ˆâ•—â–‘[0m
[17:46:52] INFO: [34mâ–ˆâ–ˆâ•”â•â•â–ˆâ–ˆâ•—â–ˆâ–ˆâ•‘â–‘â–‘â–‘â–‘â–‘â–ˆâ–ˆâ•”â•â•â–ˆâ–ˆâ•—â–ˆâ–ˆâ•‘â–‘â–‘â–‘â–ˆâ–ˆâ•‘â–ˆâ–ˆâ•”â•â•â–ˆâ–ˆâ•—[0m
[17:46:52] INFO: [34mâ–ˆâ–ˆâ•‘â–‘â–‘â•šâ•â•â–ˆâ–ˆâ•‘â–‘â–‘â–‘â–‘â–‘â–ˆâ–ˆâ•‘â–‘â–‘â–ˆâ–ˆâ•‘â–ˆâ–ˆâ•‘â–‘â–‘â–‘â–ˆâ–ˆâ•‘â–ˆâ–ˆâ•‘â–‘â–‘â–ˆâ–ˆâ•‘[0m
[17:46:52] INFO: [34mâ–ˆâ–ˆâ•‘â–‘â–‘â–ˆâ–ˆâ•—â–ˆâ–ˆâ•‘â–‘â–‘â–‘â–‘â–‘â–ˆâ–ˆâ•‘â–‘â–‘â–ˆâ–ˆâ•‘â–ˆâ–ˆâ•‘â–‘â–‘â–‘â–ˆâ–ˆâ•‘â–ˆâ–ˆâ•‘â–‘â–‘â–ˆâ–ˆâ•‘[0m
[17:46:52] INFO: [34mâ•šâ–ˆâ–ˆâ–ˆâ–ˆâ–ˆâ•”â•â–ˆâ–ˆâ–ˆâ–ˆâ–ˆâ–ˆâ–ˆâ•—â•šâ–ˆâ–ˆâ–ˆâ–ˆâ–ˆâ•”â•â•šâ–ˆâ–ˆâ–ˆâ–ˆâ–ˆâ–ˆâ•”â•â–ˆâ–ˆâ–ˆâ–ˆâ–ˆâ–ˆâ•”â•[0m
[17:46:52] INFO: [34mâ–‘â•šâ•â•â•â•â•â–‘â•šâ•â•â•â•â•â•â•â–‘â•šâ•â•â•â•â•â–‘â–‘â•šâ•â•â•â•â•â•â–‘â•šâ•â•â•â•â•â•â–‘[0m
[17:46:52] INFO: â–¬â–¬â–¬â–¬â–¬â–¬â–¬â–¬â–¬â–¬â–¬â–¬â–¬â–¬â–¬â–¬â–¬â–¬â–¬â–¬â–¬â–¬â–¬â–¬â–¬â–¬â–¬â–¬â–¬â–¬â–¬â–¬â–¬â–¬â–¬â–¬â–¬â–¬
[17:46:52] INFO: Coded by CryCodes & SpaceByter
[17:46:52] INFO: 
[17:46:52] INFO: Loaded Addon: CloudFlare-1.0-SNAPSHOT
[17:46:52] INFO: Loaded Addon: SignSystem-1.0-SNAPSHOT
[17:46:53] ERROR: An error occurred in cloudflare addon: Could not find zone id for given domain, please recheck
[17:46:53] ERROR: An error occurred in cloudflare addon: Could not find zone id for given domain, please recheck
[17:46:53] INFO: [SIGNSYSTEM] Starting NetworkServer on (127.0.0.1:8899)!
[17:46:53] INFO: Using SignSystem for LiptonCloud!
[17:46:53] INFO: Starting Master-Wrapper Server on Port: (9685) !
[17:46:53] INFO: Starting Proxy-Wrapper Server on Port: (1784) !
[17:46:53] INFO: Starting Master-Spigot Server on Port: (7898) !
[17:46:53] INFO: Started BungeeCord Server on: 25565 !
[17:46:53] INFO: Action 'MASTERSTARTUP' took: (1.12) Seconds!
[17:46:54] INFO: Registered new Proxy: NONE
[17:46:55] INFO: Registered new Wrapper: Wrapper-1
[17:46:56] INFO: [AUTOSTART] StartetServer 'Lobby' stats: (1/2) Port: 30000 | ID: 1 !
[17:46:58] INFO: [AUTOSTART] StartetServer 'Lobby' stats: (2/2) Port: 30001 | ID: 2 !
[17:47:06] INFO: Registered new Spigot Server: (Lobby-1)!
[17:47:09] INFO: Registered new Spigot Server: (Lobby-2)!
