[14:48:08] INFO: Registered Packet By Clazz: de.crycodes.de.spacebyter.liptoncloud.packets.global.RegisterPacket
[14:48:08] INFO: Registered Packet By Clazz: de.crycodes.de.spacebyter.liptoncloud.packets.global.ShutDownPacket
[14:48:08] INFO: Registered Packet By Clazz: de.crycodes.de.spacebyter.liptoncloud.packets.server.proxy.in.SendProxyConfigPacket
[14:48:08] INFO: Registered Packet By Clazz: de.crycodes.de.spacebyter.liptoncloud.packets.server.proxy.in.StopProxyPacket
[14:48:08] INFO: Registered Packet By Clazz: de.crycodes.de.spacebyter.liptoncloud.packets.server.proxy.out.ProxyStoppingPacket
[14:48:08] INFO: Registered Packet By Clazz: de.crycodes.de.spacebyter.liptoncloud.packets.server.server.in.ExecuteCommandPacket
[14:48:08] INFO: Registered Packet By Clazz: de.crycodes.de.spacebyter.liptoncloud.packets.server.server.in.SendServerConfigPacket
[14:48:08] INFO: Registered Packet By Clazz: de.crycodes.de.spacebyter.liptoncloud.packets.server.server.in.StopServerGroupPacket
[14:48:08] INFO: Registered Packet By Clazz: de.crycodes.de.spacebyter.liptoncloud.packets.server.server.in.StopServerPacket
[14:48:08] INFO: Registered Packet By Clazz: de.crycodes.de.spacebyter.liptoncloud.packets.server.server.out.ServerStoppingPacket
[14:48:08] INFO: Registered Packet By Clazz: de.crycodes.de.spacebyter.liptoncloud.packets.wrapper.in.CopyServerPacket
[14:48:08] INFO: Registered Packet By Clazz: de.crycodes.de.spacebyter.liptoncloud.packets.wrapper.in.CreateTemplatePacket
[14:48:08] INFO: Registered Packet By Clazz: de.crycodes.de.spacebyter.liptoncloud.packets.wrapper.in.StartServerPacket
[14:48:08] INFO: Registered Packet By Clazz: de.crycodes.de.spacebyter.liptoncloud.packets.wrapper.out.DebugPacket
[14:48:08] INFO: Registered Packet By Clazz: de.crycodes.de.spacebyter.liptoncloud.packets.wrapper.out.ErrorPacket
[14:48:08] INFO: Registered Packet By Clazz: de.crycodes.de.spacebyter.liptoncloud.packets.wrapper.out.InfoPacket
[14:48:08] INFO: Registered Packet By Clazz: de.crycodes.de.spacebyter.liptoncloud.packets.wrapper.out.WarningPacket
[14:48:08] INFO: Registered Packet By Clazz: de.crycodes.de.spacebyter.liptoncloud.packets.global.UpdateMaintenancePacket
[14:48:08] INFO: Registered Packet By Clazz: de.crycodes.de.spacebyter.liptoncloud.packets.server.proxy.out.ServerGroupUpdatePacket
[14:48:08] INFO: Registered Packet By Clazz: de.crycodes.de.spacebyter.liptoncloud.packets.server.server.out.ServerUpdatePacket
[14:48:08] INFO: Registered Packet By Clazz: de.crycodes.de.spacebyter.liptoncloud.packets.global.RegisterResponsePacket
[14:48:08] INFO: [34mâ–‘â–ˆâ–ˆâ–ˆâ–ˆâ–ˆâ•—â–‘â–ˆâ–ˆâ•—â–‘â–‘â–‘â–‘â–‘â–‘â–ˆâ–ˆâ–ˆâ–ˆâ–ˆâ•—â–‘â–ˆâ–ˆâ•—â–‘â–‘â–‘â–ˆâ–ˆâ•—â–ˆâ–ˆâ–ˆâ–ˆâ–ˆâ–ˆâ•—â–‘[0m
[14:48:08] INFO: [34mâ–ˆâ–ˆâ•”â•â•â–ˆâ–ˆâ•—â–ˆâ–ˆâ•‘â–‘â–‘â–‘â–‘â–‘â–ˆâ–ˆâ•”â•â•â–ˆâ–ˆâ•—â–ˆâ–ˆâ•‘â–‘â–‘â–‘â–ˆâ–ˆâ•‘â–ˆâ–ˆâ•”â•â•â–ˆâ–ˆâ•—[0m
[14:48:08] INFO: [34mâ–ˆâ–ˆâ•‘â–‘â–‘â•šâ•â•â–ˆâ–ˆâ•‘â–‘â–‘â–‘â–‘â–‘â–ˆâ–ˆâ•‘â–‘â–‘â–ˆâ–ˆâ•‘â–ˆâ–ˆâ•‘â–‘â–‘â–‘â–ˆâ–ˆâ•‘â–ˆâ–ˆâ•‘â–‘â–‘â–ˆâ–ˆâ•‘[0m
[14:48:08] INFO: [34mâ–ˆâ–ˆâ•‘â–‘â–‘â–ˆâ–ˆâ•—â–ˆâ–ˆâ•‘â–‘â–‘â–‘â–‘â–‘â–ˆâ–ˆâ•‘â–‘â–‘â–ˆâ–ˆâ•‘â–ˆâ–ˆâ•‘â–‘â–‘â–‘â–ˆâ–ˆâ•‘â–ˆâ–ˆâ•‘â–‘â–‘â–ˆâ–ˆâ•‘[0m
[14:48:08] INFO: [34mâ•šâ–ˆâ–ˆâ–ˆâ–ˆâ–ˆâ•”â•â–ˆâ–ˆâ–ˆâ–ˆâ–ˆâ–ˆâ–ˆâ•—â•šâ–ˆâ–ˆâ–ˆâ–ˆâ–ˆâ•”â•â•šâ–ˆâ–ˆâ–ˆâ–ˆâ–ˆâ–ˆâ•”â•â–ˆâ–ˆâ–ˆâ–ˆâ–ˆâ–ˆâ•”â•[0m
[14:48:08] INFO: [34mâ–‘â•šâ•â•â•â•â•â–‘â•šâ•â•â•â•â•â•â•â–‘â•šâ•â•â•â•â•â–‘â–‘â•šâ•â•â•â•â•â•â–‘â•šâ•â•â•â•â•â•â–‘[0m
[14:48:08] INFO: â–¬â–¬â–¬â–¬â–¬â–¬â–¬â–¬â–¬â–¬â–¬â–¬â–¬â–¬â–¬â–¬â–¬â–¬â–¬â–¬â–¬â–¬â–¬â–¬â–¬â–¬â–¬â–¬â–¬â–¬â–¬â–¬â–¬â–¬â–¬â–¬â–¬â–¬
[14:48:08] INFO: Coded by CryCodes & SpaceByter
[14:48:08] INFO: 
[14:48:08] INFO: Loaded Addon: CloudFlare-1.0-SNAPSHOT
[14:48:08] INFO: Loaded Addon: SignSystem-1.0-SNAPSHOT
[14:48:09] ERROR: An error occurred in cloudflare addon: Could not find zone id for given domain, please recheck
[14:48:09] ERROR: An error occurred in cloudflare addon: Could not find zone id for given domain, please recheck
[14:48:09] INFO: [SIGNSYSTEM] Starting NetworkServer on (127.0.0.1:8899)!
[14:48:09] INFO: Using SignSystem for LiptonCloud!
[14:48:09] INFO: Starting Master-Wrapper Server on Port: (9685) !
[14:48:09] INFO: Starting Proxy-Wrapper Server on Port: (1784) !
[14:48:09] INFO: Starting Master-Spigot Server on Port: (7898) !
[14:48:09] INFO: Started BungeeCord Server on: 25565 !
[14:48:09] INFO: Action 'MASTERSTARTUP' took: (1.13) Seconds!
[14:48:10] INFO: Trying to Register Proxy: NONE
[14:48:10] INFO: Registered new Proxy: NONE
[14:49:44] INFO: Trying to Register Wrapper: Wrapper-1
[14:49:44] INFO: Registered new Wrapper: Wrapper-1
[14:49:44] INFO: [AUTOSTART] StartetServer 'bedwars' stats: (1/2) Port: 30000 | ID: 1 !
[14:49:44] INFO: [AUTOSTART] StartetServer 'Lobby' stats: (1/1) Port: 30001 | ID: 1 !
[14:49:47] INFO: [AUTOSTART] StartetServer 'bedwars' stats: (2/2) Port: 30002 | ID: 2 !
[14:49:58] INFO: Trying to Register Server: bedwars-1
[14:49:58] INFO: Registered new Server: bedwars-1
[14:49:58] INFO: Trying to Register Server: Lobby-1
[14:49:58] INFO: Registered new Server: Lobby-1
[14:50:03] INFO: Trying to Register Server: bedwars-2
[14:50:03] INFO: Registered new Server: bedwars-2
[14:55:46] INFO: Trying to Register Wrapper: Wrapper-1
[14:55:46] INFO: Registered new Wrapper: Wrapper-1
