[Cloud-Thread | 12:09:21] INFO: Registered Packet By Clazz: de.crycodes.de.spacebyter.liptoncloud.packets.global.RegisterPacket
[Cloud-Thread | 12:09:21] INFO: Registered Packet By Clazz: de.crycodes.de.spacebyter.liptoncloud.packets.global.ShutDownPacket
[Cloud-Thread | 12:09:21] INFO: Registered Packet By Clazz: de.crycodes.de.spacebyter.liptoncloud.packets.server.proxy.in.SendProxyConfigPacket
[Cloud-Thread | 12:09:21] INFO: Registered Packet By Clazz: de.crycodes.de.spacebyter.liptoncloud.packets.server.proxy.in.StopProxyPacket
[Cloud-Thread | 12:09:21] INFO: Registered Packet By Clazz: de.crycodes.de.spacebyter.liptoncloud.packets.server.proxy.out.ProxyStoppingPacket
[Cloud-Thread | 12:09:21] INFO: Registered Packet By Clazz: de.crycodes.de.spacebyter.liptoncloud.packets.server.server.in.ExecuteCommandPacket
[Cloud-Thread | 12:09:21] INFO: Registered Packet By Clazz: de.crycodes.de.spacebyter.liptoncloud.packets.server.server.in.SendServerConfigPacket
[Cloud-Thread | 12:09:21] INFO: Registered Packet By Clazz: de.crycodes.de.spacebyter.liptoncloud.packets.server.server.in.StopServerGroupPacket
[Cloud-Thread | 12:09:21] INFO: Registered Packet By Clazz: de.crycodes.de.spacebyter.liptoncloud.packets.server.server.in.StopServerPacket
[Cloud-Thread | 12:09:21] INFO: Registered Packet By Clazz: de.crycodes.de.spacebyter.liptoncloud.packets.server.server.out.ServerStoppingPacket
[Cloud-Thread | 12:09:21] INFO: Registered Packet By Clazz: de.crycodes.de.spacebyter.liptoncloud.packets.wrapper.in.CopyServerPacket
[Cloud-Thread | 12:09:21] INFO: Registered Packet By Clazz: de.crycodes.de.spacebyter.liptoncloud.packets.wrapper.in.CreateTemplatePacket
[Cloud-Thread | 12:09:21] INFO: Registered Packet By Clazz: de.crycodes.de.spacebyter.liptoncloud.packets.wrapper.in.StartServerPacket
[Cloud-Thread | 12:09:21] INFO: Registered Packet By Clazz: de.crycodes.de.spacebyter.liptoncloud.packets.wrapper.out.DebugPacket
[Cloud-Thread | 12:09:21] INFO: Registered Packet By Clazz: de.crycodes.de.spacebyter.liptoncloud.packets.wrapper.out.ErrorPacket
[Cloud-Thread | 12:09:21] INFO: Registered Packet By Clazz: de.crycodes.de.spacebyter.liptoncloud.packets.wrapper.out.InfoPacket
[Cloud-Thread | 12:09:21] INFO: Registered Packet By Clazz: de.crycodes.de.spacebyter.liptoncloud.packets.wrapper.out.WarningPacket
[Cloud-Thread | 12:09:21] INFO: Registered Packet By Clazz: de.crycodes.de.spacebyter.liptoncloud.packets.global.UpdateMaintenancePacket
[Cloud-Thread | 12:09:21] INFO: Registered Packet By Clazz: de.crycodes.de.spacebyter.liptoncloud.packets.server.proxy.out.ServerGroupUpdatePacket
[Cloud-Thread | 12:09:21] INFO: Registered Packet By Clazz: de.crycodes.de.spacebyter.liptoncloud.packets.server.server.out.ServerUpdatePacket
[Cloud-Thread | 12:09:21] INFO: Registered Packet By Clazz: de.crycodes.de.spacebyter.liptoncloud.packets.global.RegisterResponsePacket
[Cloud-Thread | 12:09:21] INFO: [31m.____    .__        __                _________ .__                   .___
[Cloud-Thread | 12:09:21] INFO: [31m|    |   |__|______/  |_  ____   ____ \_   ___ \|  |   ____  __ __  __| _/
[Cloud-Thread | 12:09:21] INFO: [31m|    |   |  \____ \   __\/  _ \ /    \/    \  \/|  |  /  _ \|  |  \/ __ | 
[Cloud-Thread | 12:09:21] INFO: [31m|    |___|  |  |_> >  | (  <_> )   |  \     \___|  |_(  <_> )  |  / /_/ | 
[Cloud-Thread | 12:09:21] INFO: [31m|_______ \__|   __/|__|  \____/|___|  /\______  /____/\____/|____/\____ | 
[Cloud-Thread | 12:09:21] INFO: [31m        \/  |__|                    \/        \/                       \/ 
[Cloud-Thread | 12:09:21] INFO: Coded by CryCodes & SpaceByter
[Cloud-Thread | 12:09:21] INFO: 
[Cloud-Thread | 12:09:21] INFO: Loaded Module: testmodule version: 1.12 author: no author defined! website: no website defined! dependencies: no dependencies defined or needed!!
[Cloud-Thread | 12:09:21] INFO: Starting Master-Wrapper Server on Port: (9685) !
[Cloud-Thread | 12:09:21] INFO: Starting Proxy-Wrapper Server on Port: (1784) !
[Cloud-Thread | 12:09:21] INFO: Starting Master-Spigot Server on Port: (7898) !
[Cloud-Thread | 12:09:21] INFO: Started BungeeCord Server on: 25565 !
[Cloud-Thread | 12:09:21] INFO: Action 'MASTERSTARTUP' took: (0.2) Seconds!
[Cloud-Thread | 12:09:22] INFO: Registered new Proxy: MainProxy
[Cloud-Thread | 12:10:25] INFO: Loaded Module: testmodule version: 1.12 author: no author defined! website: no website defined! dependencies: no dependencies defined or needed!!
[Cloud-Thread | 12:10:25] INFO: Cloud was Reloaded!
