[13:00:12] INFO: Registered new Wrapper: Wrapper-1
[13:00:12] INFO: Registered Packet By Clazz: de.crycodes.de.spacebyter.liptoncloud.packets.global.RegisterPacket
[13:00:12] INFO: Registered Packet By Clazz: de.crycodes.de.spacebyter.liptoncloud.packets.global.ShutDownPacket
[13:00:12] INFO: Registered Packet By Clazz: de.crycodes.de.spacebyter.liptoncloud.packets.server.proxy.in.SendProxyConfigPacket
[13:00:12] INFO: Registered Packet By Clazz: de.crycodes.de.spacebyter.liptoncloud.packets.server.proxy.in.StopProxyPacket
[13:00:12] INFO: Registered Packet By Clazz: de.crycodes.de.spacebyter.liptoncloud.packets.server.proxy.out.ProxyStoppingPacket
[13:00:12] INFO: Registered Packet By Clazz: de.crycodes.de.spacebyter.liptoncloud.packets.server.proxy.out.SendServerListPacket
[13:00:12] INFO: Registered Packet By Clazz: de.crycodes.de.spacebyter.liptoncloud.packets.server.server.in.AuthServerPacket
[13:00:12] INFO: Registered Packet By Clazz: de.crycodes.de.spacebyter.liptoncloud.packets.server.server.in.ExecuteCommandPacket
[13:00:12] INFO: Registered Packet By Clazz: de.crycodes.de.spacebyter.liptoncloud.packets.server.server.in.SendServerConfigPacket
[13:00:12] INFO: Registered Packet By Clazz: de.crycodes.de.spacebyter.liptoncloud.packets.server.server.in.StopServerGroupPacket
[13:00:12] INFO: Registered Packet By Clazz: de.crycodes.de.spacebyter.liptoncloud.packets.server.server.in.StopServerPacket
[13:00:12] INFO: Registered Packet By Clazz: de.crycodes.de.spacebyter.liptoncloud.packets.server.server.out.ServerStoppingPacket
[13:00:12] INFO: Registered Packet By Clazz: de.crycodes.de.spacebyter.liptoncloud.packets.wrapper.in.CopyServerPacket
[13:00:12] INFO: Registered Packet By Clazz: de.crycodes.de.spacebyter.liptoncloud.packets.wrapper.in.CreateTemplatePacket
[13:00:12] INFO: Registered Packet By Clazz: de.crycodes.de.spacebyter.liptoncloud.packets.wrapper.in.StartServerPacket
[13:00:12] INFO: Registered Packet By Clazz: de.crycodes.de.spacebyter.liptoncloud.packets.wrapper.out.DebugPacket
[13:00:12] INFO: Registered Packet By Clazz: de.crycodes.de.spacebyter.liptoncloud.packets.wrapper.out.ErrorPacket
[13:00:12] INFO: Registered Packet By Clazz: de.crycodes.de.spacebyter.liptoncloud.packets.wrapper.out.InfoPacket
[13:00:12] INFO: Registered Packet By Clazz: de.crycodes.de.spacebyter.liptoncloud.packets.wrapper.out.WarningPacket
[13:00:12] INFO: Registered Packet By Clazz: de.crycodes.de.spacebyter.liptoncloud.packets.global.UpdateMaintenancePacket
[13:00:12] INFO: Registered Packet By Clazz: de.crycodes.de.spacebyter.liptoncloud.packets.server.server.out.ServerGroupUpdatePacket
[13:00:12] INFO: Registered Packet By Clazz: de.crycodes.de.spacebyter.liptoncloud.packets.server.server.out.ServerUpdatePacket
[13:00:12] INFO: [34m __    _     ___   _     ___   __   _     __  _____  ____  _     [0m
[13:00:12] INFO: [34m/ /`  | |   / / \ | | | | | \ ( (` \ \_/ ( (`  | |  | |_  | |\/| [0m
[13:00:12] INFO: [34m\_\_, |_|__ \_\_/ \_\_/ |_|_/ _)_)  |_|  _)_)  |_|  |_|__ |_|  | [0m
[13:00:12] INFO: [31m▬▬▬▬▬▬▬▬▬▬▬▬▬▬▬▬▬▬▬▬▬▬▬▬▬▬▬▬▬▬▬▬▬▬▬▬▬▬[0m
[13:00:12] INFO: [34mCoded by CryCodes & SpaceByter[0m
[13:00:12] INFO: 
[13:00:12] INFO: Loaded Addon: CloudFlare-1.0-SNAPSHOT
[13:00:12] INFO: Loaded Addon: SignSystem-1.0-SNAPSHOT
[13:00:13] ERROR: An error occurred in cloudflare addon: Could not find zone id for given domain, please recheck
[13:00:13] ERROR: An error occurred in cloudflare addon: Could not find zone id for given domain, please recheck
[13:00:13] INFO: [SIGNSYSTEM] Starting NetworkServer on (127.0.0.1:8899)!
[13:00:13] INFO: Using SignSystem for LiptonCloud!
[13:00:13] INFO: Starting Master-Wrapper Server on Port: (9685) !
[13:00:15] INFO: [AUTOSTART] StartetServer 'Lobby' stats: (1/10) Port: 30000 | ID: 1 !
[13:00:18] INFO: [AUTOSTART] StartetServer 'Lobby' stats: (2/10) Port: 30001 | ID: 2 !
[13:00:20] INFO: [AUTOSTART] StartetServer 'Lobby' stats: (3/10) Port: 30002 | ID: 3 !
[13:00:23] INFO: [AUTOSTART] StartetServer 'Lobby' stats: (4/10) Port: 30003 | ID: 4 !
[13:00:25] INFO: [AUTOSTART] StartetServer 'Lobby' stats: (5/10) Port: 30004 | ID: 5 !
[13:00:28] INFO: [AUTOSTART] StartetServer 'Lobby' stats: (6/10) Port: 30005 | ID: 6 !
[13:00:30] INFO: [AUTOSTART] StartetServer 'Lobby' stats: (7/10) Port: 30006 | ID: 7 !
[13:00:33] INFO: [AUTOSTART] StartetServer 'Lobby' stats: (8/10) Port: 30007 | ID: 8 !
[13:00:35] INFO: [AUTOSTART] StartetServer 'Lobby' stats: (9/10) Port: 30008 | ID: 9 !
[13:00:38] INFO: [AUTOSTART] StartetServer 'Lobby' stats: (10/10) Port: 30009 | ID: 10 !
