[21:17:02] INFO: Registered new Wrapper: Wrapper-1
[21:17:03] INFO: [34m __    _     ___   _     ___   __   _     __  _____  ____  _     [0m
[21:17:03] INFO: [34m/ /`  | |   / / \ | | | | | \ ( (` \ \_/ ( (`  | |  | |_  | |\/| [0m
[21:17:03] INFO: [34m\_\_, |_|__ \_\_/ \_\_/ |_|_/ _)_)  |_|  _)_)  |_|  |_|__ |_|  | [0m
[21:17:03] INFO: [31m▬▬▬▬▬▬▬▬▬▬▬▬▬▬▬▬▬▬▬▬▬▬▬▬▬▬▬▬▬▬▬▬▬▬▬▬▬▬[0m
[21:17:03] INFO: [34mCoded by CryCodes & SpaceByter[0m
[21:17:03] INFO: 
[21:17:05] INFO: StartetServer: bedwars-2 | on port: 5 | on wrapper: Wrapper-1 | group: bedwars !
[21:17:05] INFO: [AUTOSTART] StartetServer 'bedwars' stats: (1/1)
[21:17:05] INFO: StartetServer: Lobby-4 | on port: 2 | on wrapper: Wrapper-1 | group: Lobby !
[21:17:05] INFO: [AUTOSTART] StartetServer 'Lobby' stats: (1/2)
[21:17:08] DEBUG: [AUTOSTART] Server-Group is complete: bedwars stats: (1/1)
[21:17:08] INFO: StartetServer: Lobby-8 | on port: 3 | on wrapper: Wrapper-1 | group: Lobby !
[21:17:08] INFO: [AUTOSTART] StartetServer 'Lobby' stats: (2/2)
[21:17:10] INFO: Help Command:
[21:17:10] INFO: help | Shows all CloudCommands | [?, tftodo]
[21:17:10] INFO: create | Create Wrapper|Proxy|ServerGroups  | [build, make]
[21:17:10] INFO: reload | Reload Cloud | [restart, reloadconfig]
[21:17:10] INFO: stop | Stop the Cloud | [exit]
[21:17:10] INFO: service | Service Command of the Cloud | [cloud]
[21:17:10] DEBUG: [AUTOSTART] Server-Group is complete: bedwars stats: (1/1)
[21:17:10] DEBUG: [AUTOSTART] Server-Group is complete: Lobby stats: (2/2)
[21:17:13] DEBUG: [AUTOSTART] Server-Group is complete: bedwars stats: (1/1)
[21:17:13] DEBUG: [AUTOSTART] Server-Group is complete: Lobby stats: (2/2)
[21:17:15] DEBUG: [AUTOSTART] Server-Group is complete: bedwars stats: (1/1)
[21:17:15] DEBUG: [AUTOSTART] Server-Group is complete: Lobby stats: (2/2)
[21:17:18] DEBUG: [AUTOSTART] Server-Group is complete: bedwars stats: (1/1)
[21:17:18] DEBUG: [AUTOSTART] Server-Group is complete: Lobby stats: (2/2)
