[15:39:09] INFO: Registered Packet By Clazz: de.crycodes.de.spacebyter.liptoncloud.packets.global.RegisterPacket
[15:39:09] INFO: Registered Packet By Clazz: de.crycodes.de.spacebyter.liptoncloud.packets.global.ShutDownPacket
[15:39:09] INFO: Registered Packet By Clazz: de.crycodes.de.spacebyter.liptoncloud.packets.server.proxy.in.SendProxyConfigPacket
[15:39:09] INFO: Registered Packet By Clazz: de.crycodes.de.spacebyter.liptoncloud.packets.server.proxy.in.StopProxyPacket
[15:39:09] INFO: Registered Packet By Clazz: de.crycodes.de.spacebyter.liptoncloud.packets.server.proxy.out.ProxyStoppingPacket
[15:39:09] INFO: Registered Packet By Clazz: de.crycodes.de.spacebyter.liptoncloud.packets.server.server.in.ExecuteCommandPacket
[15:39:09] INFO: Registered Packet By Clazz: de.crycodes.de.spacebyter.liptoncloud.packets.server.server.in.SendServerConfigPacket
[15:39:09] INFO: Registered Packet By Clazz: de.crycodes.de.spacebyter.liptoncloud.packets.server.server.in.StopServerGroupPacket
[15:39:09] INFO: Registered Packet By Clazz: de.crycodes.de.spacebyter.liptoncloud.packets.server.server.in.StopServerPacket
[15:39:09] INFO: Registered Packet By Clazz: de.crycodes.de.spacebyter.liptoncloud.packets.server.server.out.ServerStoppingPacket
[15:39:09] INFO: Registered Packet By Clazz: de.crycodes.de.spacebyter.liptoncloud.packets.wrapper.in.CopyServerPacket
[15:39:09] INFO: Registered Packet By Clazz: de.crycodes.de.spacebyter.liptoncloud.packets.wrapper.in.CreateTemplatePacket
[15:39:09] INFO: Registered Packet By Clazz: de.crycodes.de.spacebyter.liptoncloud.packets.wrapper.in.StartServerPacket
[15:39:09] INFO: Registered Packet By Clazz: de.crycodes.de.spacebyter.liptoncloud.packets.wrapper.out.DebugPacket
[15:39:09] INFO: Registered Packet By Clazz: de.crycodes.de.spacebyter.liptoncloud.packets.wrapper.out.ErrorPacket
[15:39:09] INFO: Registered Packet By Clazz: de.crycodes.de.spacebyter.liptoncloud.packets.wrapper.out.InfoPacket
[15:39:09] INFO: Registered Packet By Clazz: de.crycodes.de.spacebyter.liptoncloud.packets.wrapper.out.WarningPacket
[15:39:09] INFO: Registered Packet By Clazz: de.crycodes.de.spacebyter.liptoncloud.packets.global.UpdateMaintenancePacket
[15:39:09] INFO: Registered Packet By Clazz: de.crycodes.de.spacebyter.liptoncloud.packets.server.proxy.out.ServerGroupUpdatePacket
[15:39:09] INFO: Registered Packet By Clazz: de.crycodes.de.spacebyter.liptoncloud.packets.server.server.out.ServerUpdatePacket
[15:39:09] INFO: Registered Packet By Clazz: de.crycodes.de.spacebyter.liptoncloud.packets.global.RegisterResponsePacket
[15:39:09] INFO: [34m __    _     ___   _     ___   __   _     __  _____  ____  _     [0m
[15:39:09] INFO: [34m/ /`  | |   / / \ | | | | | \ ( (` \ \_/ ( (`  | |  | |_  | |\/| [0m
[15:39:09] INFO: [34m\_\_, |_|__ \_\_/ \_\_/ |_|_/ _)_)  |_|  _)_)  |_|  |_|__ |_|  | [0m
[15:39:09] INFO: [31m▬▬▬▬▬▬▬▬▬▬▬▬▬▬▬▬▬▬▬▬▬▬▬▬▬▬▬▬▬▬▬▬▬▬▬▬▬▬[0m
[15:39:09] INFO: [34mCoded by CryCodes & SpaceByter[0m
[15:39:09] INFO: 
[15:39:09] INFO: Loaded Addon: CloudFlare-1.0-SNAPSHOT
[15:39:09] INFO: Loaded Addon: SignSystem-1.0-SNAPSHOT
[15:39:10] ERROR: An error occurred in cloudflare addon: Could not find zone id for given domain, please recheck
[15:39:10] ERROR: An error occurred in cloudflare addon: Could not find zone id for given domain, please recheck
[15:39:10] INFO: [SIGNSYSTEM] Starting NetworkServer on (127.0.0.1:8899)!
[15:39:11] INFO: Using SignSystem for LiptonCloud!
[15:39:11] INFO: Starting Master-Wrapper Server on Port: (9685) !
[15:39:11] INFO: Starting Proxy-Wrapper Server on Port: (1784) !
[15:39:11] INFO: Starting Master-Spigot Server on Port: (7898) !
[15:39:11] INFO: Action 'MASTERSTARTUP' took: (1.12) Seconds!
[15:39:29] INFO: Trying to Register Proxy: NONE
[15:39:29] INFO: Registered new Proxy: NONE
[15:39:30] INFO: Trying to Register Server: NONE
[15:39:30] INFO: Registered new Server: NONE
[15:39:37] INFO: Send ServerGroup to All Server: NONE
[15:39:48] INFO: Trying to Register Server: NONE
[15:40:01] INFO: Trying to Register Server: NONE
[15:43:16] INFO: Trying to Register Server: NONE
