[Cloud-Thread | 10:40:49] INFO: Registered Packet By Clazz: de.crycodes.de.spacebyter.liptoncloud.packets.global.RegisterPacket
[Cloud-Thread | 10:40:49] INFO: Registered Packet By Clazz: de.crycodes.de.spacebyter.liptoncloud.packets.global.ShutDownPacket
[Cloud-Thread | 10:40:49] INFO: Registered Packet By Clazz: de.crycodes.de.spacebyter.liptoncloud.packets.server.proxy.in.SendProxyConfigPacket
[Cloud-Thread | 10:40:49] INFO: Registered Packet By Clazz: de.crycodes.de.spacebyter.liptoncloud.packets.server.proxy.in.StopProxyPacket
[Cloud-Thread | 10:40:49] INFO: Registered Packet By Clazz: de.crycodes.de.spacebyter.liptoncloud.packets.server.proxy.out.ProxyStoppingPacket
[Cloud-Thread | 10:40:49] INFO: Registered Packet By Clazz: de.crycodes.de.spacebyter.liptoncloud.packets.server.server.in.ExecuteCommandPacket
[Cloud-Thread | 10:40:49] INFO: Registered Packet By Clazz: de.crycodes.de.spacebyter.liptoncloud.packets.server.server.in.SendServerConfigPacket
[Cloud-Thread | 10:40:49] INFO: Registered Packet By Clazz: de.crycodes.de.spacebyter.liptoncloud.packets.server.server.in.StopServerGroupPacket
[Cloud-Thread | 10:40:49] INFO: Registered Packet By Clazz: de.crycodes.de.spacebyter.liptoncloud.packets.server.server.in.StopServerPacket
[Cloud-Thread | 10:40:49] INFO: Registered Packet By Clazz: de.crycodes.de.spacebyter.liptoncloud.packets.server.server.out.ServerStoppingPacket
[Cloud-Thread | 10:40:49] INFO: Registered Packet By Clazz: de.crycodes.de.spacebyter.liptoncloud.packets.wrapper.in.CopyServerPacket
[Cloud-Thread | 10:40:49] INFO: Registered Packet By Clazz: de.crycodes.de.spacebyter.liptoncloud.packets.wrapper.in.CreateTemplatePacket
[Cloud-Thread | 10:40:49] INFO: Registered Packet By Clazz: de.crycodes.de.spacebyter.liptoncloud.packets.wrapper.in.StartServerPacket
[Cloud-Thread | 10:40:49] INFO: Registered Packet By Clazz: de.crycodes.de.spacebyter.liptoncloud.packets.wrapper.out.DebugPacket
[Cloud-Thread | 10:40:49] INFO: Registered Packet By Clazz: de.crycodes.de.spacebyter.liptoncloud.packets.wrapper.out.ErrorPacket
[Cloud-Thread | 10:40:49] INFO: Registered Packet By Clazz: de.crycodes.de.spacebyter.liptoncloud.packets.wrapper.out.InfoPacket
[Cloud-Thread | 10:40:49] INFO: Registered Packet By Clazz: de.crycodes.de.spacebyter.liptoncloud.packets.wrapper.out.WarningPacket
[Cloud-Thread | 10:40:49] INFO: Registered Packet By Clazz: de.crycodes.de.spacebyter.liptoncloud.packets.global.UpdateMaintenancePacket
[Cloud-Thread | 10:40:49] INFO: Registered Packet By Clazz: de.crycodes.de.spacebyter.liptoncloud.packets.server.proxy.out.ServerGroupUpdatePacket
[Cloud-Thread | 10:40:49] INFO: Registered Packet By Clazz: de.crycodes.de.spacebyter.liptoncloud.packets.server.server.out.ServerUpdatePacket
[Cloud-Thread | 10:40:49] INFO: Registered Packet By Clazz: de.crycodes.de.spacebyter.liptoncloud.packets.global.RegisterResponsePacket
[Cloud-Thread | 10:40:49] INFO: [34m░█████╗░██╗░░░░░░█████╗░██╗░░░██╗██████╗░[0m
[Cloud-Thread | 10:40:49] INFO: [34m██╔══██╗██║░░░░░██╔══██╗██║░░░██║██╔══██╗[0m
[Cloud-Thread | 10:40:49] INFO: [34m██║░░╚═╝██║░░░░░██║░░██║██║░░░██║██║░░██║[0m
[Cloud-Thread | 10:40:49] INFO: [34m██║░░██╗██║░░░░░██║░░██║██║░░░██║██║░░██║[0m
[Cloud-Thread | 10:40:49] INFO: [34m╚█████╔╝███████╗╚█████╔╝╚██████╔╝██████╔╝[0m
[Cloud-Thread | 10:40:49] INFO: [34m░╚════╝░╚══════╝░╚════╝░░╚═════╝░╚═════╝░[0m
[Cloud-Thread | 10:40:49] INFO: ▬▬▬▬▬▬▬▬▬▬▬▬▬▬▬▬▬▬▬▬▬▬▬▬▬▬▬▬▬▬▬▬▬▬▬▬▬▬
[Cloud-Thread | 10:40:49] INFO: Coded by CryCodes & SpaceByter
[Cloud-Thread | 10:40:49] INFO: 
[Cloud-Thread | 10:40:49] INFO: Loaded Addon: CloudFlare-1.0-SNAPSHOT
[Cloud-Thread | 10:40:49] INFO: Loaded Addon: SignSystem-1.0-SNAPSHOT
[Cloud-Thread | 10:40:50] ERROR: An error occurred in cloudflare addon: Could not find zone id for given domain, please recheck
[Cloud-Thread | 10:40:50] ERROR: An error occurred in cloudflare addon: Could not find zone id for given domain, please recheck
[Cloud-Thread | 10:40:50] INFO: [SIGNSYSTEM] Starting NetworkServer on (127.0.0.1:8899)!
[Cloud-Thread | 10:40:51] INFO: Using SignSystem for LiptonCloud!
[Cloud-Thread | 10:40:51] INFO: Starting Master-Wrapper Server on Port: (9685) !
[Cloud-Thread | 10:40:51] INFO: Starting Proxy-Wrapper Server on Port: (1784) !
[Cloud-Thread | 10:40:51] INFO: Starting Master-Spigot Server on Port: (7898) !
[Cloud-Thread | 10:40:51] INFO: Started BungeeCord Server on: 25565 !
[Cloud-Thread | 10:40:51] INFO: Action 'MASTERSTARTUP' took: (1.13) Seconds!
[Cloud-Thread | 10:40:52] INFO: Registered new Proxy: MainProxy
[Cloud-Thread | 10:40:52] INFO: Registered new Wrapper: Wrapper-1
[Cloud-Thread | 10:40:53] INFO: [AUTOSTART] StartetServer 'Lobby' stats: (1/2) Port: 30000 | ID: 1 !
[Cloud-Thread | 10:40:56] INFO: [AUTOSTART] StartetServer 'Lobby' stats: (2/2) Port: 30001 | ID: 2 !
[Cloud-Thread | 10:41:05] INFO: Registered new Spigot Server: (Lobby-1)!
[Cloud-Thread | 10:41:09] INFO: Registered new Spigot Server: (Lobby-2)!
[Cloud-Thread | 10:42:28] INFO: Send StopPacket to Server: Lobby-2
[Cloud-Thread | 10:42:28] INFO: Stopping Server: Lobby-2 | 30001 | Wrapper-1
[Cloud-Thread | 10:42:31] INFO: [AUTOSTART] StartetServer 'Lobby' stats: (2/2) Port: 30002 | ID: 2 !
[Cloud-Thread | 10:42:36] INFO: Registered new Spigot Server: (Lobby-2)!
[Cloud-Thread | 10:44:19] INFO: Send StopPacket to Server: Lobby-2
[Cloud-Thread | 10:44:19] INFO: Stopping Server: Lobby-2 | 30002 | Wrapper-1
[Cloud-Thread | 10:44:21] INFO: [AUTOSTART] StartetServer 'Lobby' stats: (2/2) Port: 30003 | ID: 2 !
[Cloud-Thread | 10:44:26] INFO: Registered new Spigot Server: (Lobby-2)!
