[18:50:08] INFO: Registered Packet By Clazz: de.crycodes.de.spacebyter.liptoncloud.packets.global.RegisterPacket
[18:50:08] INFO: Registered Packet By Clazz: de.crycodes.de.spacebyter.liptoncloud.packets.global.ShutDownPacket
[18:50:08] INFO: Registered Packet By Clazz: de.crycodes.de.spacebyter.liptoncloud.packets.server.proxy.in.SendProxyConfigPacket
[18:50:08] INFO: Registered Packet By Clazz: de.crycodes.de.spacebyter.liptoncloud.packets.server.proxy.in.StopProxyPacket
[18:50:08] INFO: Registered Packet By Clazz: de.crycodes.de.spacebyter.liptoncloud.packets.server.proxy.out.ProxyStoppingPacket
[18:50:08] INFO: Registered Packet By Clazz: de.crycodes.de.spacebyter.liptoncloud.packets.server.server.in.ExecuteCommandPacket
[18:50:08] INFO: Registered Packet By Clazz: de.crycodes.de.spacebyter.liptoncloud.packets.server.server.in.SendServerConfigPacket
[18:50:08] INFO: Registered Packet By Clazz: de.crycodes.de.spacebyter.liptoncloud.packets.server.server.in.StopServerGroupPacket
[18:50:08] INFO: Registered Packet By Clazz: de.crycodes.de.spacebyter.liptoncloud.packets.server.server.in.StopServerPacket
[18:50:08] INFO: Registered Packet By Clazz: de.crycodes.de.spacebyter.liptoncloud.packets.server.server.out.ServerStoppingPacket
[18:50:08] INFO: Registered Packet By Clazz: de.crycodes.de.spacebyter.liptoncloud.packets.wrapper.in.CopyServerPacket
[18:50:08] INFO: Registered Packet By Clazz: de.crycodes.de.spacebyter.liptoncloud.packets.wrapper.in.CreateTemplatePacket
[18:50:08] INFO: Registered Packet By Clazz: de.crycodes.de.spacebyter.liptoncloud.packets.wrapper.in.StartServerPacket
[18:50:08] INFO: Registered Packet By Clazz: de.crycodes.de.spacebyter.liptoncloud.packets.wrapper.out.DebugPacket
[18:50:08] INFO: Registered Packet By Clazz: de.crycodes.de.spacebyter.liptoncloud.packets.wrapper.out.ErrorPacket
[18:50:08] INFO: Registered Packet By Clazz: de.crycodes.de.spacebyter.liptoncloud.packets.wrapper.out.InfoPacket
[18:50:08] INFO: Registered Packet By Clazz: de.crycodes.de.spacebyter.liptoncloud.packets.wrapper.out.WarningPacket
[18:50:08] INFO: Registered Packet By Clazz: de.crycodes.de.spacebyter.liptoncloud.packets.global.UpdateMaintenancePacket
[18:50:08] INFO: Registered Packet By Clazz: de.crycodes.de.spacebyter.liptoncloud.packets.server.proxy.out.ServerGroupUpdatePacket
[18:50:08] INFO: Registered Packet By Clazz: de.crycodes.de.spacebyter.liptoncloud.packets.server.server.out.ServerUpdatePacket
[18:50:08] INFO: Registered Packet By Clazz: de.crycodes.de.spacebyter.liptoncloud.packets.global.RegisterResponsePacket
[18:50:08] INFO: [34m __    _     ___   _     ___   __   _     __  _____  ____  _     [0m
[18:50:08] INFO: [34m/ /`  | |   / / \ | | | | | \ ( (` \ \_/ ( (`  | |  | |_  | |\/| [0m
[18:50:08] INFO: [34m\_\_, |_|__ \_\_/ \_\_/ |_|_/ _)_)  |_|  _)_)  |_|  |_|__ |_|  | [0m
[18:50:08] INFO: [31m▬▬▬▬▬▬▬▬▬▬▬▬▬▬▬▬▬▬▬▬▬▬▬▬▬▬▬▬▬▬▬▬▬▬▬▬▬▬[0m
[18:50:08] INFO: [34mCoded by CryCodes & SpaceByter[0m
[18:50:08] INFO: 
[18:50:08] INFO: Loaded Addon: CloudFlare-1.0-SNAPSHOT
[18:50:08] INFO: Loaded Addon: SignSystem-1.0-SNAPSHOT
[18:50:09] ERROR: An error occurred in cloudflare addon: Could not find zone id for given domain, please recheck
[18:50:09] ERROR: An error occurred in cloudflare addon: Could not find zone id for given domain, please recheck
[18:50:09] INFO: [SIGNSYSTEM] Starting NetworkServer on (127.0.0.1:8899)!
[18:50:09] INFO: Using SignSystem for LiptonCloud!
[18:50:09] INFO: Starting Master-Wrapper Server on Port: (9685) !
[18:50:09] INFO: Starting Proxy-Wrapper Server on Port: (1784) !
[18:50:09] INFO: Starting Master-Spigot Server on Port: (7898) !
[18:50:09] INFO: Action 'MASTERSTARTUP' took: (1.12) Seconds!
[18:50:24] INFO: Help Command:
[18:50:24] INFO: signreload | Reload the SignSystem's Config | []
[18:50:24] INFO: createsignlayout | Create an SignLayout | [createsign, createlayout]
[18:50:24] INFO: help | Shows all CloudCommands | [?, tftodo]
[18:50:24] INFO: create | Create Wrapper|Proxy|ServerGroups  | [build, make]
[18:50:24] INFO: reload | Reload Cloud | [restart, reloadconfig]
[18:50:24] INFO: stop | Stop the Cloud | [exit]
[18:50:24] INFO: service | Service Command of the Cloud | [cloud]
