[Cloud-Thread | 14:51:46] INFO: Registered Packet By Clazz: de.crycodes.de.spacebyter.liptoncloud.packets.global.RegisterPacket
[Cloud-Thread | 14:51:46] INFO: Registered Packet By Clazz: de.crycodes.de.spacebyter.liptoncloud.packets.global.ShutDownPacket
[Cloud-Thread | 14:51:46] INFO: Registered Packet By Clazz: de.crycodes.de.spacebyter.liptoncloud.packets.server.proxy.in.SendProxyConfigPacket
[Cloud-Thread | 14:51:46] INFO: Registered Packet By Clazz: de.crycodes.de.spacebyter.liptoncloud.packets.server.proxy.in.StopProxyPacket
[Cloud-Thread | 14:51:46] INFO: Registered Packet By Clazz: de.crycodes.de.spacebyter.liptoncloud.packets.server.proxy.out.ProxyStoppingPacket
[Cloud-Thread | 14:51:46] INFO: Registered Packet By Clazz: de.crycodes.de.spacebyter.liptoncloud.packets.server.server.in.ExecuteCommandPacket
[Cloud-Thread | 14:51:46] INFO: Registered Packet By Clazz: de.crycodes.de.spacebyter.liptoncloud.packets.server.server.in.SendServerConfigPacket
[Cloud-Thread | 14:51:46] INFO: Registered Packet By Clazz: de.crycodes.de.spacebyter.liptoncloud.packets.server.server.in.StopServerGroupPacket
[Cloud-Thread | 14:51:46] INFO: Registered Packet By Clazz: de.crycodes.de.spacebyter.liptoncloud.packets.server.server.in.StopServerPacket
[Cloud-Thread | 14:51:46] INFO: Registered Packet By Clazz: de.crycodes.de.spacebyter.liptoncloud.packets.server.server.out.ServerStoppingPacket
[Cloud-Thread | 14:51:46] INFO: Registered Packet By Clazz: de.crycodes.de.spacebyter.liptoncloud.packets.wrapper.in.CopyServerPacket
[Cloud-Thread | 14:51:46] INFO: Registered Packet By Clazz: de.crycodes.de.spacebyter.liptoncloud.packets.wrapper.in.CreateTemplatePacket
[Cloud-Thread | 14:51:46] INFO: Registered Packet By Clazz: de.crycodes.de.spacebyter.liptoncloud.packets.wrapper.in.StartServerPacket
[Cloud-Thread | 14:51:46] INFO: Registered Packet By Clazz: de.crycodes.de.spacebyter.liptoncloud.packets.wrapper.out.DebugPacket
[Cloud-Thread | 14:51:46] INFO: Registered Packet By Clazz: de.crycodes.de.spacebyter.liptoncloud.packets.wrapper.out.ErrorPacket
[Cloud-Thread | 14:51:46] INFO: Registered Packet By Clazz: de.crycodes.de.spacebyter.liptoncloud.packets.wrapper.out.InfoPacket
[Cloud-Thread | 14:51:46] INFO: Registered Packet By Clazz: de.crycodes.de.spacebyter.liptoncloud.packets.wrapper.out.WarningPacket
[Cloud-Thread | 14:51:46] INFO: Registered Packet By Clazz: de.crycodes.de.spacebyter.liptoncloud.packets.global.UpdateMaintenancePacket
[Cloud-Thread | 14:51:46] INFO: Registered Packet By Clazz: de.crycodes.de.spacebyter.liptoncloud.packets.server.proxy.out.ServerGroupUpdatePacket
[Cloud-Thread | 14:51:46] INFO: Registered Packet By Clazz: de.crycodes.de.spacebyter.liptoncloud.packets.server.server.out.ServerUpdatePacket
[Cloud-Thread | 14:51:46] INFO: Registered Packet By Clazz: de.crycodes.de.spacebyter.liptoncloud.packets.global.RegisterResponsePacket
[Cloud-Thread | 14:51:46] INFO: [31m.____    .__        __                _________ .__                   .___
[Cloud-Thread | 14:51:46] INFO: [31m|    |   |__|______/  |_  ____   ____ \_   ___ \|  |   ____  __ __  __| _/
[Cloud-Thread | 14:51:46] INFO: [31m|    |   |  \____ \   __\/  _ \ /    \/    \  \/|  |  /  _ \|  |  \/ __ | 
[Cloud-Thread | 14:51:46] INFO: [31m|    |___|  |  |_> >  | (  <_> )   |  \     \___|  |_(  <_> )  |  / /_/ | 
[Cloud-Thread | 14:51:46] INFO: [31m|_______ \__|   __/|__|  \____/|___|  /\______  /____/\____/|____/\____ | 
[Cloud-Thread | 14:51:46] INFO: [31m        \/  |__|                    \/        \/                       \/ 
[Cloud-Thread | 14:51:46] INFO: Coded by CryCodes, SpaceByter, ErazeYT & CoderPVP
[Cloud-Thread | 14:51:46] INFO: 
[Cloud-Thread | 14:51:46] INFO: Starting Master-Wrapper Server on Port: (9685) !
[Cloud-Thread | 14:51:46] INFO: Starting Proxy-Wrapper Server on Port: (1784) !
[Cloud-Thread | 14:51:46] INFO: Starting Master-Spigot Server on Port: (7898) !
[Cloud-Thread | 14:51:46] INFO: Started BungeeCord Server on: 25565 !
[Cloud-Thread | 14:51:46] INFO: Action 'MASTERSTARTUP' took: (0.2) Seconds!
[Cloud-Thread | 14:51:46] INFO: No Modules found to load!
[Cloud-Thread | 14:51:47] INFO: Registered new Proxy: MainProxy
[Cloud-Thread | 14:51:50] INFO: Help Command:
[Cloud-Thread | 14:51:50] INFO: help | Shows all CloudCommands | [?, tftodo]
[Cloud-Thread | 14:51:50] INFO: create | Create Wrapper|Proxy|ServerGroups  | [build, make]
[Cloud-Thread | 14:51:50] INFO: reload | Reload Cloud | [restart, reloadconfig]
[Cloud-Thread | 14:51:50] INFO: stop | Stop the Cloud | [exit]
[Cloud-Thread | 14:51:50] INFO: screen | Screen Command of the Cloud | [cloud]
[Cloud-Thread | 14:51:50] INFO: execute | Execute Command on Server | [send]
[Cloud-Thread | 14:51:50] INFO: cloudadmin | Simple Command to manage CloudAdmins | [user, admin]
[Cloud-Thread | 14:51:50] INFO: maintenance | Simple Maintenance Command for the Cloud | []
[Cloud-Thread | 14:51:50] INFO: copy | Simple Command to Copy Servers to Templates | []
