[15:20:12] INFO: Registered Packet By Clazz: de.crycodes.de.spacebyter.liptoncloud.packets.global.RegisterPacket
[15:20:12] INFO: Registered Packet By Clazz: de.crycodes.de.spacebyter.liptoncloud.packets.global.ShutDownPacket
[15:20:12] INFO: Registered Packet By Clazz: de.crycodes.de.spacebyter.liptoncloud.packets.server.proxy.in.SendProxyConfigPacket
[15:20:12] INFO: Registered Packet By Clazz: de.crycodes.de.spacebyter.liptoncloud.packets.server.proxy.in.StopProxyPacket
[15:20:12] INFO: Registered Packet By Clazz: de.crycodes.de.spacebyter.liptoncloud.packets.server.proxy.out.ProxyStoppingPacket
[15:20:12] INFO: Registered Packet By Clazz: de.crycodes.de.spacebyter.liptoncloud.packets.server.server.in.ExecuteCommandPacket
[15:20:12] INFO: Registered Packet By Clazz: de.crycodes.de.spacebyter.liptoncloud.packets.server.server.in.SendServerConfigPacket
[15:20:12] INFO: Registered Packet By Clazz: de.crycodes.de.spacebyter.liptoncloud.packets.server.server.in.StopServerGroupPacket
[15:20:12] INFO: Registered Packet By Clazz: de.crycodes.de.spacebyter.liptoncloud.packets.server.server.in.StopServerPacket
[15:20:12] INFO: Registered Packet By Clazz: de.crycodes.de.spacebyter.liptoncloud.packets.server.server.out.ServerStoppingPacket
[15:20:12] INFO: Registered Packet By Clazz: de.crycodes.de.spacebyter.liptoncloud.packets.wrapper.in.CopyServerPacket
[15:20:12] INFO: Registered Packet By Clazz: de.crycodes.de.spacebyter.liptoncloud.packets.wrapper.in.CreateTemplatePacket
[15:20:12] INFO: Registered Packet By Clazz: de.crycodes.de.spacebyter.liptoncloud.packets.wrapper.in.StartServerPacket
[15:20:12] INFO: Registered Packet By Clazz: de.crycodes.de.spacebyter.liptoncloud.packets.wrapper.out.DebugPacket
[15:20:12] INFO: Registered Packet By Clazz: de.crycodes.de.spacebyter.liptoncloud.packets.wrapper.out.ErrorPacket
[15:20:12] INFO: Registered Packet By Clazz: de.crycodes.de.spacebyter.liptoncloud.packets.wrapper.out.InfoPacket
[15:20:12] INFO: Registered Packet By Clazz: de.crycodes.de.spacebyter.liptoncloud.packets.wrapper.out.WarningPacket
[15:20:12] INFO: Registered Packet By Clazz: de.crycodes.de.spacebyter.liptoncloud.packets.global.UpdateMaintenancePacket
[15:20:12] INFO: Registered Packet By Clazz: de.crycodes.de.spacebyter.liptoncloud.packets.server.proxy.out.ServerGroupUpdatePacket
[15:20:12] INFO: Registered Packet By Clazz: de.crycodes.de.spacebyter.liptoncloud.packets.server.server.out.ServerUpdatePacket
[15:20:12] INFO: Registered Packet By Clazz: de.crycodes.de.spacebyter.liptoncloud.packets.global.RegisterResponsePacket
[15:20:12] INFO: [34m __    _     ___   _     ___   __   _     __  _____  ____  _     [0m
[15:20:12] INFO: [34m/ /`  | |   / / \ | | | | | \ ( (` \ \_/ ( (`  | |  | |_  | |\/| [0m
[15:20:12] INFO: [34m\_\_, |_|__ \_\_/ \_\_/ |_|_/ _)_)  |_|  _)_)  |_|  |_|__ |_|  | [0m
[15:20:12] INFO: [31m▬▬▬▬▬▬▬▬▬▬▬▬▬▬▬▬▬▬▬▬▬▬▬▬▬▬▬▬▬▬▬▬▬▬▬▬▬▬[0m
[15:20:12] INFO: [34mCoded by CryCodes & SpaceByter[0m
[15:20:12] INFO: 
[15:20:12] INFO: Loaded Addon: CloudFlare-1.0-SNAPSHOT
[15:20:12] INFO: Loaded Addon: SignSystem-1.0-SNAPSHOT
[15:20:14] ERROR: An error occurred in cloudflare addon: Could not find zone id for given domain, please recheck
[15:20:14] ERROR: An error occurred in cloudflare addon: Could not find zone id for given domain, please recheck
[15:20:14] INFO: [SIGNSYSTEM] Starting NetworkServer on (127.0.0.1:8899)!
[15:20:14] INFO: Using SignSystem for LiptonCloud!
[15:20:14] INFO: Starting Master-Wrapper Server on Port: (9685) !
[15:20:14] INFO: Starting Proxy-Wrapper Server on Port: (1784) !
[15:20:14] INFO: Starting Master-Spigot Server on Port: (7898) !
[15:20:14] INFO: Action 'MASTERSTARTUP' took: (1.19) Seconds!
[15:20:18] INFO: Help Command:
[15:20:18] INFO: signreload | Reload the SignSystem's Config | []
[15:20:18] INFO: createsignlayout | Create an SignLayout | [createsign, createlayout]
[15:20:18] INFO: help | Shows all CloudCommands | [?, tftodo]
[15:20:18] INFO: create | Create Wrapper|Proxy|ServerGroups  | [build, make]
[15:20:18] INFO: reload | Reload Cloud | [restart, reloadconfig]
[15:20:18] INFO: stop | Stop the Cloud | [exit]
[15:20:18] INFO: service | Service Command of the Cloud | [cloud]
[15:20:18] INFO: execute | Execute Command on Server | [send]
[15:20:29] INFO: Trying to Register Proxy: NONE
[15:20:29] INFO: Registered new Proxy: NONE
[15:20:38] INFO: Trying to Register Server: NONE
[15:20:38] INFO: Registered new Server: NONE
[15:20:51] INFO: execute server command
[15:21:09] INFO: Send CommandLine to: None
[15:23:42] INFO: Send StopPacket to Server: None
[15:23:42] INFO: Stopping Server: NONE | 0 | NONE
[15:25:07] INFO: Send StopPacket to  Proxy: None
[15:25:25] INFO: Trying to Register Wrapper: Wrapper-1
[15:25:25] INFO: Registered new Wrapper: Wrapper-1
[15:25:26] INFO: [AUTOSTART] StartetServer 'Bedwars' stats: (1/3) Port: 30000 | ID: 1 !
[15:25:26] INFO: [AUTOSTART] StartetServer 'Lobby' stats: (1/1) Port: 30001 | ID: 1 !
[15:25:29] INFO: [AUTOSTART] StartetServer 'Bedwars' stats: (2/3) Port: 30002 | ID: 2 !
[15:25:31] INFO: [AUTOSTART] StartetServer 'Bedwars' stats: (3/3) Port: 30003 | ID: 3 !
