[12:13:21] INFO: Registered Packet By Clazz: de.crycodes.de.spacebyter.liptoncloud.packets.global.RegisterPacket
[12:13:21] INFO: Registered Packet By Clazz: de.crycodes.de.spacebyter.liptoncloud.packets.global.ShutDownPacket
[12:13:21] INFO: Registered Packet By Clazz: de.crycodes.de.spacebyter.liptoncloud.packets.server.proxy.in.SendProxyConfigPacket
[12:13:21] INFO: Registered Packet By Clazz: de.crycodes.de.spacebyter.liptoncloud.packets.server.proxy.in.StopProxyPacket
[12:13:21] INFO: Registered Packet By Clazz: de.crycodes.de.spacebyter.liptoncloud.packets.server.proxy.out.ProxyStoppingPacket
[12:13:21] INFO: Registered Packet By Clazz: de.crycodes.de.spacebyter.liptoncloud.packets.server.server.in.ExecuteCommandPacket
[12:13:21] INFO: Registered Packet By Clazz: de.crycodes.de.spacebyter.liptoncloud.packets.server.server.in.SendServerConfigPacket
[12:13:21] INFO: Registered Packet By Clazz: de.crycodes.de.spacebyter.liptoncloud.packets.server.server.in.StopServerGroupPacket
[12:13:21] INFO: Registered Packet By Clazz: de.crycodes.de.spacebyter.liptoncloud.packets.server.server.in.StopServerPacket
[12:13:21] INFO: Registered Packet By Clazz: de.crycodes.de.spacebyter.liptoncloud.packets.server.server.out.ServerStoppingPacket
[12:13:21] INFO: Registered Packet By Clazz: de.crycodes.de.spacebyter.liptoncloud.packets.wrapper.in.CopyServerPacket
[12:13:21] INFO: Registered Packet By Clazz: de.crycodes.de.spacebyter.liptoncloud.packets.wrapper.in.CreateTemplatePacket
[12:13:21] INFO: Registered Packet By Clazz: de.crycodes.de.spacebyter.liptoncloud.packets.wrapper.in.StartServerPacket
[12:13:21] INFO: Registered Packet By Clazz: de.crycodes.de.spacebyter.liptoncloud.packets.wrapper.out.DebugPacket
[12:13:21] INFO: Registered Packet By Clazz: de.crycodes.de.spacebyter.liptoncloud.packets.wrapper.out.ErrorPacket
[12:13:21] INFO: Registered Packet By Clazz: de.crycodes.de.spacebyter.liptoncloud.packets.wrapper.out.InfoPacket
[12:13:21] INFO: Registered Packet By Clazz: de.crycodes.de.spacebyter.liptoncloud.packets.wrapper.out.WarningPacket
[12:13:21] INFO: Registered Packet By Clazz: de.crycodes.de.spacebyter.liptoncloud.packets.global.UpdateMaintenancePacket
[12:13:21] INFO: Registered Packet By Clazz: de.crycodes.de.spacebyter.liptoncloud.packets.server.proxy.out.ServerGroupUpdatePacket
[12:13:21] INFO: Registered Packet By Clazz: de.crycodes.de.spacebyter.liptoncloud.packets.server.server.out.ServerUpdatePacket
[12:13:21] INFO: Registered Packet By Clazz: de.crycodes.de.spacebyter.liptoncloud.packets.global.RegisterResponsePacket
[12:13:21] INFO: [34m __    _     ___   _     ___   __   _     __  _____  ____  _     [0m
[12:13:21] INFO: [34m/ /`  | |   / / \ | | | | | \ ( (` \ \_/ ( (`  | |  | |_  | |\/| [0m
[12:13:21] INFO: [34m\_\_, |_|__ \_\_/ \_\_/ |_|_/ _)_)  |_|  _)_)  |_|  |_|__ |_|  | [0m
[12:13:21] INFO: [31m▬▬▬▬▬▬▬▬▬▬▬▬▬▬▬▬▬▬▬▬▬▬▬▬▬▬▬▬▬▬▬▬▬▬▬▬▬▬[0m
[12:13:21] INFO: [34mCoded by CryCodes & SpaceByter[0m
[12:13:21] INFO: 
[12:13:21] INFO: Loaded Addon: CloudFlare-1.0-SNAPSHOT
[12:13:21] INFO: Loaded Addon: SignSystem-1.0-SNAPSHOT
[12:13:22] ERROR: An error occurred in cloudflare addon: Could not find zone id for given domain, please recheck
[12:13:22] ERROR: An error occurred in cloudflare addon: Could not find zone id for given domain, please recheck
[12:13:22] INFO: [SIGNSYSTEM] Starting NetworkServer on (127.0.0.1:8899)!
[12:13:22] INFO: Using SignSystem for LiptonCloud!
[12:13:22] INFO: Starting Master-Wrapper Server on Port: (9685) !
[12:13:22] INFO: Starting Proxy-Wrapper Server on Port: (1784) !
[12:13:22] INFO: Starting Master-Spigot Server on Port: (7898) !
[12:13:22] INFO: Action 'MASTERSTARTUP' took: (1.12) Seconds!
[12:13:25] INFO: Trying to Register Proxy: NONE
[12:13:25] INFO: Registered new Proxy: NONE
