[15:20:45] INFO: Registered Packet By Clazz: de.crycodes.de.spacebyter.liptoncloud.packets.global.RegisterPacket
[15:20:45] INFO: Registered Packet By Clazz: de.crycodes.de.spacebyter.liptoncloud.packets.global.ShutDownPacket
[15:20:45] INFO: Registered Packet By Clazz: de.crycodes.de.spacebyter.liptoncloud.packets.server.proxy.in.SendProxyConfigPacket
[15:20:45] INFO: Registered Packet By Clazz: de.crycodes.de.spacebyter.liptoncloud.packets.server.proxy.in.StopProxyPacket
[15:20:45] INFO: Registered Packet By Clazz: de.crycodes.de.spacebyter.liptoncloud.packets.server.proxy.out.ProxyStoppingPacket
[15:20:45] INFO: Registered Packet By Clazz: de.crycodes.de.spacebyter.liptoncloud.packets.server.server.in.ExecuteCommandPacket
[15:20:45] INFO: Registered Packet By Clazz: de.crycodes.de.spacebyter.liptoncloud.packets.server.server.in.SendServerConfigPacket
[15:20:45] INFO: Registered Packet By Clazz: de.crycodes.de.spacebyter.liptoncloud.packets.server.server.in.StopServerGroupPacket
[15:20:45] INFO: Registered Packet By Clazz: de.crycodes.de.spacebyter.liptoncloud.packets.server.server.in.StopServerPacket
[15:20:45] INFO: Registered Packet By Clazz: de.crycodes.de.spacebyter.liptoncloud.packets.server.server.out.ServerStoppingPacket
[15:20:45] INFO: Registered Packet By Clazz: de.crycodes.de.spacebyter.liptoncloud.packets.wrapper.in.CopyServerPacket
[15:20:45] INFO: Registered Packet By Clazz: de.crycodes.de.spacebyter.liptoncloud.packets.wrapper.in.CreateTemplatePacket
[15:20:45] INFO: Registered Packet By Clazz: de.crycodes.de.spacebyter.liptoncloud.packets.wrapper.in.StartServerPacket
[15:20:45] INFO: Registered Packet By Clazz: de.crycodes.de.spacebyter.liptoncloud.packets.wrapper.out.DebugPacket
[15:20:45] INFO: Registered Packet By Clazz: de.crycodes.de.spacebyter.liptoncloud.packets.wrapper.out.ErrorPacket
[15:20:45] INFO: Registered Packet By Clazz: de.crycodes.de.spacebyter.liptoncloud.packets.wrapper.out.InfoPacket
[15:20:45] INFO: Registered Packet By Clazz: de.crycodes.de.spacebyter.liptoncloud.packets.wrapper.out.WarningPacket
[15:20:45] INFO: Registered Packet By Clazz: de.crycodes.de.spacebyter.liptoncloud.packets.global.UpdateMaintenancePacket
[15:20:45] INFO: Registered Packet By Clazz: de.crycodes.de.spacebyter.liptoncloud.packets.server.proxy.out.ServerGroupUpdatePacket
[15:20:45] INFO: Registered Packet By Clazz: de.crycodes.de.spacebyter.liptoncloud.packets.server.server.out.ServerUpdatePacket
[15:20:45] INFO: Registered Packet By Clazz: de.crycodes.de.spacebyter.liptoncloud.packets.global.RegisterResponsePacket
[15:20:45] INFO: [34m░█████╗░██╗░░░░░░█████╗░██╗░░░██╗██████╗░[0m
[15:20:45] INFO: [34m██╔══██╗██║░░░░░██╔══██╗██║░░░██║██╔══██╗[0m
[15:20:45] INFO: [34m██║░░╚═╝██║░░░░░██║░░██║██║░░░██║██║░░██║[0m
[15:20:45] INFO: [34m██║░░██╗██║░░░░░██║░░██║██║░░░██║██║░░██║[0m
[15:20:45] INFO: [34m╚█████╔╝███████╗╚█████╔╝╚██████╔╝██████╔╝[0m
[15:20:45] INFO: [34m░╚════╝░╚══════╝░╚════╝░░╚═════╝░╚═════╝░[0m
[15:20:45] INFO: ▬▬▬▬▬▬▬▬▬▬▬▬▬▬▬▬▬▬▬▬▬▬▬▬▬▬▬▬▬▬▬▬▬▬▬▬▬▬
[15:20:45] INFO: Coded by CryCodes & SpaceByter
[15:20:45] INFO: 
[15:20:45] INFO: Loaded Addon: CloudFlare-1.0-SNAPSHOT
[15:20:45] INFO: Loaded Addon: SignSystem-1.0-SNAPSHOT
[15:20:46] ERROR: An error occurred in cloudflare addon: Could not find zone id for given domain, please recheck
[15:20:46] ERROR: An error occurred in cloudflare addon: Could not find zone id for given domain, please recheck
[15:20:46] INFO: [SIGNSYSTEM] Starting NetworkServer on (127.0.0.1:8899)!
[15:20:46] INFO: Using SignSystem for LiptonCloud!
[15:20:46] INFO: Starting Master-Wrapper Server on Port: (9685) !
[15:20:46] INFO: Starting Proxy-Wrapper Server on Port: (1784) !
[15:20:46] INFO: Starting Master-Spigot Server on Port: (7898) !
[15:20:46] INFO: Started BungeeCord Server on: 25565 !
[15:20:46] INFO: Action 'MASTERSTARTUP' took: (1.13) Seconds!
[15:20:47] INFO: Trying to Register Proxy: NONE
[15:20:47] INFO: Registered new Proxy: NONE
[15:20:47] INFO: Trying to Register Wrapper: Wrapper-1
[15:20:47] INFO: Registered new Wrapper: Wrapper-1
[15:20:48] INFO: [AUTOSTART] StartetServer 'Lobby' stats: (1/1) Port: 30000 | ID: 1 !
[15:20:51] INFO: [AUTOSTART] StartetServer 'bedwars' stats: (1/2) Port: 30001 | ID: 1 !
[15:20:53] INFO: [AUTOSTART] StartetServer 'bedwars' stats: (2/2) Port: 30002 | ID: 2 !
[15:21:02] INFO: Trying to Register Server: Lobby-1
[15:21:02] INFO: Registered new Server: Lobby-1
[15:21:04] INFO: Trying to Register Server: bedwars-1
[15:21:04] INFO: Registered new Server: bedwars-1
[15:21:07] INFO: Trying to Register Server: bedwars-2
[15:21:07] INFO: Registered new Server: bedwars-2
[15:21:55] INFO: Help Command:
[15:21:55] INFO: signreload | Reload the SignSystem's Config | []
[15:21:55] INFO: createsignlayout | Create an SignLayout | [createsign, createlayout]
[15:21:55] INFO: help | Shows all CloudCommands | [?, tftodo]
[15:21:55] INFO: create | Create Wrapper|Proxy|ServerGroups  | [build, make]
[15:21:55] INFO: reload | Reload Cloud | [restart, reloadconfig]
[15:21:55] INFO: stop | Stop the Cloud | [exit]
[15:21:55] INFO: service | Service Command of the Cloud | [cloud]
[15:21:55] INFO: execute | Execute Command on Server | [send]
[15:22:10] INFO: Send CommandLine to: Lobby-1
[15:22:42] INFO: Send StopPacket to Server: bedwars-1
