[14:32:25] INFO: Registered new Wrapper: Wrapper-1
[14:32:25] INFO: [34m __    _     ___   _     ___   __   _     __  _____  ____  _     [0m
[14:32:25] INFO: [34m/ /`  | |   / / \ | | | | | \ ( (` \ \_/ ( (`  | |  | |_  | |\/| [0m
[14:32:25] INFO: [34m\_\_, |_|__ \_\_/ \_\_/ |_|_/ _)_)  |_|  _)_)  |_|  |_|__ |_|  | [0m
[14:32:25] INFO: [31m▬▬▬▬▬▬▬▬▬▬▬▬▬▬▬▬▬▬▬▬▬▬▬▬▬▬▬▬▬▬▬▬▬▬▬▬▬▬[0m
[14:32:25] INFO: [34mCoded by CryCodes & SpaceByter[0m
[14:32:25] INFO: 
[14:32:27] INFO: StartetServer: bedwars-2 | on port: 9 | on wrapper: Wrapper-1 | group: bedwars !
[14:32:27] INFO: [AUTOSTART] StartetServer 'bedwars' stats: (1/5)
[14:32:27] INFO: StartetServer: Lobby-9 | on port: 2 | on wrapper: Wrapper-1 | group: Lobby !
[14:32:27] INFO: [AUTOSTART] StartetServer 'Lobby' stats: (1/2)
[14:32:30] INFO: StartetServer: bedwars-8 | on port: 3 | on wrapper: Wrapper-1 | group: bedwars !
[14:32:30] INFO: [AUTOSTART] StartetServer 'bedwars' stats: (2/5)
[14:32:30] INFO: StartetServer: Lobby-9 | on port: 6 | on wrapper: Wrapper-1 | group: Lobby !
[14:32:30] INFO: [AUTOSTART] StartetServer 'Lobby' stats: (1/2)
[14:32:32] INFO: StartetServer: bedwars-5 | on port: 8 | on wrapper: Wrapper-1 | group: bedwars !
[14:32:32] INFO: [AUTOSTART] StartetServer 'bedwars' stats: (3/5)
[14:32:32] INFO: StartetServer: Lobby-9 | on port: 3 | on wrapper: Wrapper-1 | group: Lobby !
[14:32:32] INFO: [AUTOSTART] StartetServer 'Lobby' stats: (1/2)
[14:32:35] INFO: StartetServer: bedwars-3 | on port: 3 | on wrapper: Wrapper-1 | group: bedwars !
[14:32:35] INFO: [AUTOSTART] StartetServer 'bedwars' stats: (4/5)
[14:32:35] INFO: StartetServer: Lobby-6 | on port: 4 | on wrapper: Wrapper-1 | group: Lobby !
[14:32:35] INFO: [AUTOSTART] StartetServer 'Lobby' stats: (2/2)
[14:32:37] INFO: StartetServer: bedwars-3 | on port: 6 | on wrapper: Wrapper-1 | group: bedwars !
[14:32:37] INFO: [AUTOSTART] StartetServer 'bedwars' stats: (4/5)
[14:32:37] DEBUG: [AUTOSTART] Server-Group is complete: Lobby stats: (2/2)
[14:32:40] INFO: StartetServer: bedwars-0 | on port: 5 | on wrapper: Wrapper-1 | group: bedwars !
[14:32:40] INFO: [AUTOSTART] StartetServer 'bedwars' stats: (5/5)
[14:32:40] DEBUG: [AUTOSTART] Server-Group is complete: Lobby stats: (2/2)
[14:32:42] DEBUG: [AUTOSTART] Server-Group is complete: bedwars stats: (5/5)
[14:32:42] DEBUG: [AUTOSTART] Server-Group is complete: Lobby stats: (2/2)
[14:32:45] DEBUG: [AUTOSTART] Server-Group is complete: bedwars stats: (5/5)
[14:32:45] DEBUG: [AUTOSTART] Server-Group is complete: Lobby stats: (2/2)
[14:32:47] DEBUG: [AUTOSTART] Server-Group is complete: bedwars stats: (5/5)
[14:32:47] DEBUG: [AUTOSTART] Server-Group is complete: Lobby stats: (2/2)
[14:32:50] DEBUG: [AUTOSTART] Server-Group is complete: bedwars stats: (5/5)
[14:32:50] DEBUG: [AUTOSTART] Server-Group is complete: Lobby stats: (2/2)
[14:32:52] DEBUG: [AUTOSTART] Server-Group is complete: bedwars stats: (5/5)
[14:32:52] DEBUG: [AUTOSTART] Server-Group is complete: Lobby stats: (2/2)
[14:32:55] DEBUG: [AUTOSTART] Server-Group is complete: bedwars stats: (5/5)
[14:32:55] DEBUG: [AUTOSTART] Server-Group is complete: Lobby stats: (2/2)
[14:32:57] DEBUG: [AUTOSTART] Server-Group is complete: bedwars stats: (5/5)
[14:32:57] DEBUG: [AUTOSTART] Server-Group is complete: Lobby stats: (2/2)
[14:33:00] DEBUG: [AUTOSTART] Server-Group is complete: bedwars stats: (5/5)
[14:33:00] DEBUG: [AUTOSTART] Server-Group is complete: Lobby stats: (2/2)
[14:33:02] DEBUG: [AUTOSTART] Server-Group is complete: bedwars stats: (5/5)
[14:33:02] DEBUG: [AUTOSTART] Server-Group is complete: Lobby stats: (2/2)
[14:33:05] DEBUG: [AUTOSTART] Server-Group is complete: bedwars stats: (5/5)
[14:33:05] DEBUG: [AUTOSTART] Server-Group is complete: Lobby stats: (2/2)
