[11:20:10] INFO: Registered new Wrapper: Wrapper-1
[11:20:10] INFO: Registered Packet By Clazz: de.crycodes.de.spacebyter.liptoncloud.packets.global.RegisterPacket
[11:20:10] INFO: Registered Packet By Clazz: de.crycodes.de.spacebyter.liptoncloud.packets.global.ShutDownPacket
[11:20:10] INFO: Registered Packet By Clazz: de.crycodes.de.spacebyter.liptoncloud.packets.server.proxy.in.SendProxyConfigPacket
[11:20:10] INFO: Registered Packet By Clazz: de.crycodes.de.spacebyter.liptoncloud.packets.server.proxy.in.StopProxyPacket
[11:20:10] INFO: Registered Packet By Clazz: de.crycodes.de.spacebyter.liptoncloud.packets.server.proxy.out.ProxyStoppingPacket
[11:20:10] INFO: Registered Packet By Clazz: de.crycodes.de.spacebyter.liptoncloud.packets.server.proxy.out.SendServerListPacket
[11:20:10] INFO: Registered Packet By Clazz: de.crycodes.de.spacebyter.liptoncloud.packets.server.server.in.AuthServerPacket
[11:20:10] INFO: Registered Packet By Clazz: de.crycodes.de.spacebyter.liptoncloud.packets.server.server.in.ExecuteCommandPacket
[11:20:10] INFO: Registered Packet By Clazz: de.crycodes.de.spacebyter.liptoncloud.packets.server.server.in.SendServerConfigPacket
[11:20:10] INFO: Registered Packet By Clazz: de.crycodes.de.spacebyter.liptoncloud.packets.server.server.in.StopServerGroupPacket
[11:20:10] INFO: Registered Packet By Clazz: de.crycodes.de.spacebyter.liptoncloud.packets.server.server.in.StopServerPacket
[11:20:10] INFO: Registered Packet By Clazz: de.crycodes.de.spacebyter.liptoncloud.packets.server.server.out.ServerStoppingPacket
[11:20:10] INFO: Registered Packet By Clazz: de.crycodes.de.spacebyter.liptoncloud.packets.wrapper.in.CopyServerPacket
[11:20:10] INFO: Registered Packet By Clazz: de.crycodes.de.spacebyter.liptoncloud.packets.wrapper.in.CreateTemplatePacket
[11:20:10] INFO: Registered Packet By Clazz: de.crycodes.de.spacebyter.liptoncloud.packets.wrapper.in.StartServerPacket
[11:20:10] INFO: Registered Packet By Clazz: de.crycodes.de.spacebyter.liptoncloud.packets.wrapper.out.DebugPacket
[11:20:10] INFO: Registered Packet By Clazz: de.crycodes.de.spacebyter.liptoncloud.packets.wrapper.out.ErrorPacket
[11:20:10] INFO: Registered Packet By Clazz: de.crycodes.de.spacebyter.liptoncloud.packets.wrapper.out.InfoPacket
[11:20:10] INFO: Registered Packet By Clazz: de.crycodes.de.spacebyter.liptoncloud.packets.wrapper.out.WarningPacket
[11:20:10] INFO: [34m __    _     ___   _     ___   __   _     __  _____  ____  _     [0m
[11:20:10] INFO: [34m/ /`  | |   / / \ | | | | | \ ( (` \ \_/ ( (`  | |  | |_  | |\/| [0m
[11:20:10] INFO: [34m\_\_, |_|__ \_\_/ \_\_/ |_|_/ _)_)  |_|  _)_)  |_|  |_|__ |_|  | [0m
[11:20:10] INFO: [31m▬▬▬▬▬▬▬▬▬▬▬▬▬▬▬▬▬▬▬▬▬▬▬▬▬▬▬▬▬▬▬▬▬▬▬▬▬▬[0m
[11:20:10] INFO: [34mCoded by CryCodes & SpaceByter[0m
[11:20:10] INFO: 
[11:20:10] INFO: Loaded Addon: CloudFlare-1.0-SNAPSHOT
[11:20:10] INFO: Loaded Addon: SignSystem-1.0-SNAPSHOT
[11:20:12] ERROR: An error occurred in cloudflare addon
java.lang.IllegalStateException: Could not find zone id for given domain, please recheck
	at de.crycodes.addon.cloudfaler.CloudFlareUtil.getZoneID(CloudFlareUtil.java:103)
	at de.crycodes.addon.cloudfaler.CloudFlareUtil.<init>(CloudFlareUtil.java:52)
	at de.crycodes.addon.cloudfaler.CloudFlare.onLoading(CloudFlare.java:22)
	at de.crycodes.de.spacebyter.liptoncloud.addon.AddonParallelLoader.lambda$enableAddons$1(AddonParallelLoader.java:51)
	at java.lang.Iterable.forEach(Iterable.java:75)
	at de.crycodes.de.spacebyter.liptoncloud.addon.AddonParallelLoader.enableAddons(AddonParallelLoader.java:50)
	at de.crycodes.de.spacebyter.LiptonMaster.<init>(LiptonMaster.java:99)
	at de.crycodes.de.spacebyter.booting.LauncherMaster.main(LauncherMaster.java:16)
[11:20:12] ERROR: An error occurred in cloudflare addon
java.lang.IllegalStateException: Could not find zone id for given domain, please recheck
	at de.crycodes.addon.cloudfaler.CloudFlareUtil.<init>(CloudFlareUtil.java:54)
	at de.crycodes.addon.cloudfaler.CloudFlare.onLoading(CloudFlare.java:22)
	at de.crycodes.de.spacebyter.liptoncloud.addon.AddonParallelLoader.lambda$enableAddons$1(AddonParallelLoader.java:51)
	at java.lang.Iterable.forEach(Iterable.java:75)
	at de.crycodes.de.spacebyter.liptoncloud.addon.AddonParallelLoader.enableAddons(AddonParallelLoader.java:50)
	at de.crycodes.de.spacebyter.LiptonMaster.<init>(LiptonMaster.java:99)
	at de.crycodes.de.spacebyter.booting.LauncherMaster.main(LauncherMaster.java:16)
[11:20:12] INFO: [SIGNSYSTEM] Starting NetworkServer on (127.0.0.1:8899)!
[11:20:12] INFO: Using SignSystem for LiptonCloud!
[11:20:14] INFO: [AUTOSTART] StartetServer 'Lobby' stats: (1/2) Port: 30000 | ID: 1 !
[11:20:17] INFO: [AUTOSTART] StartetServer 'Lobby' stats: (2/2) Port: 30001 | ID: 2 !
