[14:50:59] INFO: Registered new Wrapper: Wrapper-1
[14:50:59] INFO: [34m __    _     ___   _     ___   __   _     __  _____  ____  _     [0m
[14:50:59] INFO: [34m/ /`  | |   / / \ | | | | | \ ( (` \ \_/ ( (`  | |  | |_  | |\/| [0m
[14:50:59] INFO: [34m\_\_, |_|__ \_\_/ \_\_/ |_|_/ _)_)  |_|  _)_)  |_|  |_|__ |_|  | [0m
[14:50:59] INFO: [31m▬▬▬▬▬▬▬▬▬▬▬▬▬▬▬▬▬▬▬▬▬▬▬▬▬▬▬▬▬▬▬▬▬▬▬▬▬▬[0m
[14:50:59] INFO: [34mCoded by CryCodes & SpaceByter[0m
[14:50:59] INFO: 
[14:51:01] ERROR: [PORTMANAGER] Port added (30000)!
[14:51:01] INFO: StartetServer: bedwars-6 | on port: 30000 | on wrapper: Wrapper-1 | group: bedwars !
[14:51:01] INFO: [AUTOSTART] StartetServer 'bedwars' stats: (1/5)
[14:51:01] ERROR: [PORTMANAGER] Port added (30001)!
[14:51:01] INFO: StartetServer: Lobby-2 | on port: 30001 | on wrapper: Wrapper-1 | group: Lobby !
[14:51:01] INFO: [AUTOSTART] StartetServer 'Lobby' stats: (1/2)
[14:51:01] ERROR: [PORTMANAGER] Port added (30002)!
[14:51:01] INFO: StartetServer: Skywars-7 | on port: 30002 | on wrapper: Wrapper-1 | group: Skywars !
[14:51:01] INFO: [AUTOSTART] StartetServer 'Skywars' stats: (1/2)
[14:51:04] ERROR: [PORTMANAGER] Port added (30003)!
[14:51:04] INFO: StartetServer: bedwars-4 | on port: 30003 | on wrapper: Wrapper-1 | group: bedwars !
[14:51:04] INFO: [AUTOSTART] StartetServer 'bedwars' stats: (2/5)
[14:51:04] ERROR: [PORTMANAGER] Port added (30004)!
[14:51:04] INFO: StartetServer: Lobby-7 | on port: 30004 | on wrapper: Wrapper-1 | group: Lobby !
[14:51:04] INFO: [AUTOSTART] StartetServer 'Lobby' stats: (2/2)
[14:51:04] ERROR: [PORTMANAGER] Port added (30005)!
[14:51:04] INFO: StartetServer: Skywars-7 | on port: 30005 | on wrapper: Wrapper-1 | group: Skywars !
[14:51:04] INFO: [AUTOSTART] StartetServer 'Skywars' stats: (1/2)
[14:51:06] ERROR: [PORTMANAGER] Port added (30006)!
[14:51:06] INFO: StartetServer: bedwars-9 | on port: 30006 | on wrapper: Wrapper-1 | group: bedwars !
[14:51:06] INFO: [AUTOSTART] StartetServer 'bedwars' stats: (3/5)
[14:51:06] DEBUG: [AUTOSTART] Server-Group is complete: Lobby stats: (2/2)
[14:51:06] ERROR: [PORTMANAGER] Port added (30007)!
[14:51:06] INFO: StartetServer: Skywars-5 | on port: 30007 | on wrapper: Wrapper-1 | group: Skywars !
[14:51:06] INFO: [AUTOSTART] StartetServer 'Skywars' stats: (2/2)
[14:51:09] ERROR: [PORTMANAGER] Port added (30008)!
[14:51:09] INFO: StartetServer: bedwars-8 | on port: 30008 | on wrapper: Wrapper-1 | group: bedwars !
[14:51:09] INFO: [AUTOSTART] StartetServer 'bedwars' stats: (4/5)
[14:51:09] DEBUG: [AUTOSTART] Server-Group is complete: Lobby stats: (2/2)
[14:51:09] DEBUG: [AUTOSTART] Server-Group is complete: Skywars stats: (2/2)
[14:51:11] ERROR: [PORTMANAGER] Port added (30009)!
[14:51:11] INFO: StartetServer: bedwars-7 | on port: 30009 | on wrapper: Wrapper-1 | group: bedwars !
[14:51:11] INFO: [AUTOSTART] StartetServer 'bedwars' stats: (5/5)
[14:51:11] DEBUG: [AUTOSTART] Server-Group is complete: Lobby stats: (2/2)
[14:51:11] DEBUG: [AUTOSTART] Server-Group is complete: Skywars stats: (2/2)
[14:51:14] DEBUG: [AUTOSTART] Server-Group is complete: bedwars stats: (5/5)
[14:51:14] DEBUG: [AUTOSTART] Server-Group is complete: Lobby stats: (2/2)
[14:51:14] DEBUG: [AUTOSTART] Server-Group is complete: Skywars stats: (2/2)
[14:51:16] DEBUG: [AUTOSTART] Server-Group is complete: bedwars stats: (5/5)
[14:51:16] DEBUG: [AUTOSTART] Server-Group is complete: Lobby stats: (2/2)
[14:51:16] DEBUG: [AUTOSTART] Server-Group is complete: Skywars stats: (2/2)
[14:51:19] DEBUG: [AUTOSTART] Server-Group is complete: bedwars stats: (5/5)
[14:51:19] DEBUG: [AUTOSTART] Server-Group is complete: Lobby stats: (2/2)
[14:51:19] DEBUG: [AUTOSTART] Server-Group is complete: Skywars stats: (2/2)
[14:51:21] DEBUG: [AUTOSTART] Server-Group is complete: bedwars stats: (5/5)
[14:51:21] DEBUG: [AUTOSTART] Server-Group is complete: Lobby stats: (2/2)
[14:51:21] DEBUG: [AUTOSTART] Server-Group is complete: Skywars stats: (2/2)
[14:51:24] DEBUG: [AUTOSTART] Server-Group is complete: bedwars stats: (5/5)
[14:51:24] DEBUG: [AUTOSTART] Server-Group is complete: Lobby stats: (2/2)
[14:51:24] DEBUG: [AUTOSTART] Server-Group is complete: Skywars stats: (2/2)
[14:51:26] DEBUG: [AUTOSTART] Server-Group is complete: bedwars stats: (5/5)
[14:51:26] DEBUG: [AUTOSTART] Server-Group is complete: Lobby stats: (2/2)
[14:51:26] DEBUG: [AUTOSTART] Server-Group is complete: Skywars stats: (2/2)
[14:51:29] DEBUG: [AUTOSTART] Server-Group is complete: bedwars stats: (5/5)
[14:51:29] DEBUG: [AUTOSTART] Server-Group is complete: Lobby stats: (2/2)
[14:51:29] DEBUG: [AUTOSTART] Server-Group is complete: Skywars stats: (2/2)
[14:51:31] DEBUG: [AUTOSTART] Server-Group is complete: bedwars stats: (5/5)
[14:51:31] DEBUG: [AUTOSTART] Server-Group is complete: Lobby stats: (2/2)
[14:51:31] DEBUG: [AUTOSTART] Server-Group is complete: Skywars stats: (2/2)
[14:51:34] DEBUG: [AUTOSTART] Server-Group is complete: bedwars stats: (5/5)
[14:51:34] DEBUG: [AUTOSTART] Server-Group is complete: Lobby stats: (2/2)
[14:51:34] DEBUG: [AUTOSTART] Server-Group is complete: Skywars stats: (2/2)
[14:51:36] DEBUG: [AUTOSTART] Server-Group is complete: bedwars stats: (5/5)
[14:51:36] DEBUG: [AUTOSTART] Server-Group is complete: Lobby stats: (2/2)
[14:51:36] DEBUG: [AUTOSTART] Server-Group is complete: Skywars stats: (2/2)
[14:51:39] DEBUG: [AUTOSTART] Server-Group is complete: bedwars stats: (5/5)
[14:51:39] DEBUG: [AUTOSTART] Server-Group is complete: Lobby stats: (2/2)
[14:51:39] DEBUG: [AUTOSTART] Server-Group is complete: Skywars stats: (2/2)
[14:51:41] DEBUG: [AUTOSTART] Server-Group is complete: bedwars stats: (5/5)
[14:51:41] DEBUG: [AUTOSTART] Server-Group is complete: Lobby stats: (2/2)
[14:51:41] DEBUG: [AUTOSTART] Server-Group is complete: Skywars stats: (2/2)
[14:51:44] DEBUG: [AUTOSTART] Server-Group is complete: bedwars stats: (5/5)
[14:51:44] DEBUG: [AUTOSTART] Server-Group is complete: Lobby stats: (2/2)
[14:51:44] DEBUG: [AUTOSTART] Server-Group is complete: Skywars stats: (2/2)
[14:51:46] DEBUG: [AUTOSTART] Server-Group is complete: bedwars stats: (5/5)
[14:51:46] DEBUG: [AUTOSTART] Server-Group is complete: Lobby stats: (2/2)
[14:51:46] DEBUG: [AUTOSTART] Server-Group is complete: Skywars stats: (2/2)
[14:51:49] DEBUG: [AUTOSTART] Server-Group is complete: bedwars stats: (5/5)
[14:51:49] DEBUG: [AUTOSTART] Server-Group is complete: Lobby stats: (2/2)
[14:51:49] DEBUG: [AUTOSTART] Server-Group is complete: Skywars stats: (2/2)
[14:51:51] DEBUG: [AUTOSTART] Server-Group is complete: bedwars stats: (5/5)
[14:51:51] DEBUG: [AUTOSTART] Server-Group is complete: Lobby stats: (2/2)
[14:51:51] DEBUG: [AUTOSTART] Server-Group is complete: Skywars stats: (2/2)
[14:51:54] DEBUG: [AUTOSTART] Server-Group is complete: bedwars stats: (5/5)
[14:51:54] DEBUG: [AUTOSTART] Server-Group is complete: Lobby stats: (2/2)
[14:51:54] DEBUG: [AUTOSTART] Server-Group is complete: Skywars stats: (2/2)
[14:51:56] DEBUG: [AUTOSTART] Server-Group is complete: bedwars stats: (5/5)
[14:51:56] DEBUG: [AUTOSTART] Server-Group is complete: Lobby stats: (2/2)
[14:51:56] DEBUG: [AUTOSTART] Server-Group is complete: Skywars stats: (2/2)
[14:51:59] DEBUG: [AUTOSTART] Server-Group is complete: bedwars stats: (5/5)
[14:51:59] DEBUG: [AUTOSTART] Server-Group is complete: Lobby stats: (2/2)
[14:51:59] DEBUG: [AUTOSTART] Server-Group is complete: Skywars stats: (2/2)
[14:52:01] DEBUG: [AUTOSTART] Server-Group is complete: bedwars stats: (5/5)
[14:52:01] DEBUG: [AUTOSTART] Server-Group is complete: Lobby stats: (2/2)
[14:52:01] DEBUG: [AUTOSTART] Server-Group is complete: Skywars stats: (2/2)
[14:52:04] DEBUG: [AUTOSTART] Server-Group is complete: bedwars stats: (5/5)
[14:52:04] DEBUG: [AUTOSTART] Server-Group is complete: Lobby stats: (2/2)
[14:52:04] DEBUG: [AUTOSTART] Server-Group is complete: Skywars stats: (2/2)
[14:52:06] DEBUG: [AUTOSTART] Server-Group is complete: bedwars stats: (5/5)
[14:52:06] DEBUG: [AUTOSTART] Server-Group is complete: Lobby stats: (2/2)
[14:52:06] DEBUG: [AUTOSTART] Server-Group is complete: Skywars stats: (2/2)
[14:52:09] DEBUG: [AUTOSTART] Server-Group is complete: bedwars stats: (5/5)
[14:52:09] DEBUG: [AUTOSTART] Server-Group is complete: Lobby stats: (2/2)
[14:52:09] DEBUG: [AUTOSTART] Server-Group is complete: Skywars stats: (2/2)
[14:52:11] DEBUG: [AUTOSTART] Server-Group is complete: bedwars stats: (5/5)
[14:52:11] DEBUG: [AUTOSTART] Server-Group is complete: Lobby stats: (2/2)
[14:52:11] DEBUG: [AUTOSTART] Server-Group is complete: Skywars stats: (2/2)
[14:52:14] DEBUG: [AUTOSTART] Server-Group is complete: bedwars stats: (5/5)
[14:52:14] DEBUG: [AUTOSTART] Server-Group is complete: Lobby stats: (2/2)
[14:52:14] DEBUG: [AUTOSTART] Server-Group is complete: Skywars stats: (2/2)
[14:52:16] DEBUG: [AUTOSTART] Server-Group is complete: bedwars stats: (5/5)
[14:52:16] DEBUG: [AUTOSTART] Server-Group is complete: Lobby stats: (2/2)
[14:52:16] DEBUG: [AUTOSTART] Server-Group is complete: Skywars stats: (2/2)
[14:52:19] DEBUG: [AUTOSTART] Server-Group is complete: bedwars stats: (5/5)
[14:52:19] DEBUG: [AUTOSTART] Server-Group is complete: Lobby stats: (2/2)
[14:52:19] DEBUG: [AUTOSTART] Server-Group is complete: Skywars stats: (2/2)
[14:52:21] DEBUG: [AUTOSTART] Server-Group is complete: bedwars stats: (5/5)
[14:52:21] DEBUG: [AUTOSTART] Server-Group is complete: Lobby stats: (2/2)
[14:52:21] DEBUG: [AUTOSTART] Server-Group is complete: Skywars stats: (2/2)
[14:52:24] DEBUG: [AUTOSTART] Server-Group is complete: bedwars stats: (5/5)
[14:52:24] DEBUG: [AUTOSTART] Server-Group is complete: Lobby stats: (2/2)
[14:52:24] DEBUG: [AUTOSTART] Server-Group is complete: Skywars stats: (2/2)
[14:52:26] DEBUG: [AUTOSTART] Server-Group is complete: bedwars stats: (5/5)
[14:52:26] DEBUG: [AUTOSTART] Server-Group is complete: Lobby stats: (2/2)
[14:52:26] DEBUG: [AUTOSTART] Server-Group is complete: Skywars stats: (2/2)
[14:52:29] DEBUG: [AUTOSTART] Server-Group is complete: bedwars stats: (5/5)
[14:52:29] DEBUG: [AUTOSTART] Server-Group is complete: Lobby stats: (2/2)
[14:52:29] DEBUG: [AUTOSTART] Server-Group is complete: Skywars stats: (2/2)
[14:52:31] DEBUG: [AUTOSTART] Server-Group is complete: bedwars stats: (5/5)
[14:52:31] DEBUG: [AUTOSTART] Server-Group is complete: Lobby stats: (2/2)
[14:52:31] DEBUG: [AUTOSTART] Server-Group is complete: Skywars stats: (2/2)
[14:52:34] DEBUG: [AUTOSTART] Server-Group is complete: bedwars stats: (5/5)
[14:52:34] DEBUG: [AUTOSTART] Server-Group is complete: Lobby stats: (2/2)
[14:52:34] DEBUG: [AUTOSTART] Server-Group is complete: Skywars stats: (2/2)
[14:52:36] DEBUG: [AUTOSTART] Server-Group is complete: bedwars stats: (5/5)
[14:52:36] DEBUG: [AUTOSTART] Server-Group is complete: Lobby stats: (2/2)
[14:52:36] DEBUG: [AUTOSTART] Server-Group is complete: Skywars stats: (2/2)
[14:52:39] DEBUG: [AUTOSTART] Server-Group is complete: bedwars stats: (5/5)
[14:52:39] DEBUG: [AUTOSTART] Server-Group is complete: Lobby stats: (2/2)
[14:52:39] DEBUG: [AUTOSTART] Server-Group is complete: Skywars stats: (2/2)
[14:52:41] DEBUG: [AUTOSTART] Server-Group is complete: bedwars stats: (5/5)
[14:52:41] DEBUG: [AUTOSTART] Server-Group is complete: Lobby stats: (2/2)
[14:52:41] DEBUG: [AUTOSTART] Server-Group is complete: Skywars stats: (2/2)
[14:52:44] DEBUG: [AUTOSTART] Server-Group is complete: bedwars stats: (5/5)
[14:52:44] DEBUG: [AUTOSTART] Server-Group is complete: Lobby stats: (2/2)
[14:52:44] DEBUG: [AUTOSTART] Server-Group is complete: Skywars stats: (2/2)
[14:52:46] DEBUG: [AUTOSTART] Server-Group is complete: bedwars stats: (5/5)
[14:52:46] DEBUG: [AUTOSTART] Server-Group is complete: Lobby stats: (2/2)
[14:52:46] DEBUG: [AUTOSTART] Server-Group is complete: Skywars stats: (2/2)
[14:52:49] DEBUG: [AUTOSTART] Server-Group is complete: bedwars stats: (5/5)
[14:52:49] DEBUG: [AUTOSTART] Server-Group is complete: Lobby stats: (2/2)
[14:52:49] DEBUG: [AUTOSTART] Server-Group is complete: Skywars stats: (2/2)
[14:52:51] DEBUG: [AUTOSTART] Server-Group is complete: bedwars stats: (5/5)
[14:52:51] DEBUG: [AUTOSTART] Server-Group is complete: Lobby stats: (2/2)
[14:52:51] DEBUG: [AUTOSTART] Server-Group is complete: Skywars stats: (2/2)
[14:52:54] DEBUG: [AUTOSTART] Server-Group is complete: bedwars stats: (5/5)
[14:52:54] DEBUG: [AUTOSTART] Server-Group is complete: Lobby stats: (2/2)
[14:52:54] DEBUG: [AUTOSTART] Server-Group is complete: Skywars stats: (2/2)
[14:52:56] DEBUG: [AUTOSTART] Server-Group is complete: bedwars stats: (5/5)
[14:52:56] DEBUG: [AUTOSTART] Server-Group is complete: Lobby stats: (2/2)
[14:52:56] DEBUG: [AUTOSTART] Server-Group is complete: Skywars stats: (2/2)
[14:52:59] DEBUG: [AUTOSTART] Server-Group is complete: bedwars stats: (5/5)
[14:52:59] DEBUG: [AUTOSTART] Server-Group is complete: Lobby stats: (2/2)
[14:52:59] DEBUG: [AUTOSTART] Server-Group is complete: Skywars stats: (2/2)
[14:53:01] DEBUG: [AUTOSTART] Server-Group is complete: bedwars stats: (5/5)
[14:53:01] DEBUG: [AUTOSTART] Server-Group is complete: Lobby stats: (2/2)
[14:53:01] DEBUG: [AUTOSTART] Server-Group is complete: Skywars stats: (2/2)
[14:53:04] DEBUG: [AUTOSTART] Server-Group is complete: bedwars stats: (5/5)
[14:53:04] DEBUG: [AUTOSTART] Server-Group is complete: Lobby stats: (2/2)
[14:53:04] DEBUG: [AUTOSTART] Server-Group is complete: Skywars stats: (2/2)
[14:53:06] DEBUG: [AUTOSTART] Server-Group is complete: bedwars stats: (5/5)
[14:53:06] DEBUG: [AUTOSTART] Server-Group is complete: Lobby stats: (2/2)
[14:53:06] DEBUG: [AUTOSTART] Server-Group is complete: Skywars stats: (2/2)
[14:53:09] DEBUG: [AUTOSTART] Server-Group is complete: bedwars stats: (5/5)
[14:53:09] DEBUG: [AUTOSTART] Server-Group is complete: Lobby stats: (2/2)
[14:53:09] DEBUG: [AUTOSTART] Server-Group is complete: Skywars stats: (2/2)
[14:53:11] DEBUG: [AUTOSTART] Server-Group is complete: bedwars stats: (5/5)
[14:53:11] DEBUG: [AUTOSTART] Server-Group is complete: Lobby stats: (2/2)
[14:53:11] DEBUG: [AUTOSTART] Server-Group is complete: Skywars stats: (2/2)
[14:53:14] DEBUG: [AUTOSTART] Server-Group is complete: bedwars stats: (5/5)
[14:53:14] DEBUG: [AUTOSTART] Server-Group is complete: Lobby stats: (2/2)
[14:53:14] DEBUG: [AUTOSTART] Server-Group is complete: Skywars stats: (2/2)
[14:53:16] DEBUG: [AUTOSTART] Server-Group is complete: bedwars stats: (5/5)
[14:53:16] DEBUG: [AUTOSTART] Server-Group is complete: Lobby stats: (2/2)
[14:53:16] DEBUG: [AUTOSTART] Server-Group is complete: Skywars stats: (2/2)
[14:53:19] DEBUG: [AUTOSTART] Server-Group is complete: bedwars stats: (5/5)
[14:53:19] DEBUG: [AUTOSTART] Server-Group is complete: Lobby stats: (2/2)
[14:53:19] DEBUG: [AUTOSTART] Server-Group is complete: Skywars stats: (2/2)
[14:53:21] DEBUG: [AUTOSTART] Server-Group is complete: bedwars stats: (5/5)
[14:53:21] DEBUG: [AUTOSTART] Server-Group is complete: Lobby stats: (2/2)
[14:53:21] DEBUG: [AUTOSTART] Server-Group is complete: Skywars stats: (2/2)
[14:53:24] DEBUG: [AUTOSTART] Server-Group is complete: bedwars stats: (5/5)
[14:53:24] DEBUG: [AUTOSTART] Server-Group is complete: Lobby stats: (2/2)
[14:53:24] DEBUG: [AUTOSTART] Server-Group is complete: Skywars stats: (2/2)
[14:53:26] DEBUG: [AUTOSTART] Server-Group is complete: bedwars stats: (5/5)
[14:53:26] DEBUG: [AUTOSTART] Server-Group is complete: Lobby stats: (2/2)
[14:53:26] DEBUG: [AUTOSTART] Server-Group is complete: Skywars stats: (2/2)
[14:53:29] DEBUG: [AUTOSTART] Server-Group is complete: bedwars stats: (5/5)
[14:53:29] DEBUG: [AUTOSTART] Server-Group is complete: Lobby stats: (2/2)
[14:53:29] DEBUG: [AUTOSTART] Server-Group is complete: Skywars stats: (2/2)
[14:53:31] DEBUG: [AUTOSTART] Server-Group is complete: bedwars stats: (5/5)
[14:53:31] DEBUG: [AUTOSTART] Server-Group is complete: Lobby stats: (2/2)
[14:53:31] DEBUG: [AUTOSTART] Server-Group is complete: Skywars stats: (2/2)
[14:53:34] DEBUG: [AUTOSTART] Server-Group is complete: bedwars stats: (5/5)
[14:53:34] DEBUG: [AUTOSTART] Server-Group is complete: Lobby stats: (2/2)
[14:53:34] DEBUG: [AUTOSTART] Server-Group is complete: Skywars stats: (2/2)
[14:53:36] DEBUG: [AUTOSTART] Server-Group is complete: bedwars stats: (5/5)
[14:53:36] DEBUG: [AUTOSTART] Server-Group is complete: Lobby stats: (2/2)
[14:53:36] DEBUG: [AUTOSTART] Server-Group is complete: Skywars stats: (2/2)
[14:53:39] DEBUG: [AUTOSTART] Server-Group is complete: bedwars stats: (5/5)
[14:53:39] DEBUG: [AUTOSTART] Server-Group is complete: Lobby stats: (2/2)
[14:53:39] DEBUG: [AUTOSTART] Server-Group is complete: Skywars stats: (2/2)
[14:53:41] DEBUG: [AUTOSTART] Server-Group is complete: bedwars stats: (5/5)
[14:53:41] DEBUG: [AUTOSTART] Server-Group is complete: Lobby stats: (2/2)
[14:53:41] DEBUG: [AUTOSTART] Server-Group is complete: Skywars stats: (2/2)
[14:53:44] DEBUG: [AUTOSTART] Server-Group is complete: bedwars stats: (5/5)
[14:53:44] DEBUG: [AUTOSTART] Server-Group is complete: Lobby stats: (2/2)
[14:53:44] DEBUG: [AUTOSTART] Server-Group is complete: Skywars stats: (2/2)
[14:53:46] DEBUG: [AUTOSTART] Server-Group is complete: bedwars stats: (5/5)
[14:53:46] DEBUG: [AUTOSTART] Server-Group is complete: Lobby stats: (2/2)
[14:53:46] DEBUG: [AUTOSTART] Server-Group is complete: Skywars stats: (2/2)
[14:53:49] DEBUG: [AUTOSTART] Server-Group is complete: bedwars stats: (5/5)
[14:53:49] DEBUG: [AUTOSTART] Server-Group is complete: Lobby stats: (2/2)
[14:53:49] DEBUG: [AUTOSTART] Server-Group is complete: Skywars stats: (2/2)
[14:53:51] DEBUG: [AUTOSTART] Server-Group is complete: bedwars stats: (5/5)
[14:53:51] DEBUG: [AUTOSTART] Server-Group is complete: Lobby stats: (2/2)
[14:53:51] DEBUG: [AUTOSTART] Server-Group is complete: Skywars stats: (2/2)
[14:53:54] DEBUG: [AUTOSTART] Server-Group is complete: bedwars stats: (5/5)
[14:53:54] DEBUG: [AUTOSTART] Server-Group is complete: Lobby stats: (2/2)
[14:53:54] DEBUG: [AUTOSTART] Server-Group is complete: Skywars stats: (2/2)
[14:53:56] DEBUG: [AUTOSTART] Server-Group is complete: bedwars stats: (5/5)
[14:53:56] DEBUG: [AUTOSTART] Server-Group is complete: Lobby stats: (2/2)
[14:53:56] DEBUG: [AUTOSTART] Server-Group is complete: Skywars stats: (2/2)
[14:53:59] DEBUG: [AUTOSTART] Server-Group is complete: bedwars stats: (5/5)
[14:53:59] DEBUG: [AUTOSTART] Server-Group is complete: Lobby stats: (2/2)
[14:53:59] DEBUG: [AUTOSTART] Server-Group is complete: Skywars stats: (2/2)
[14:54:01] DEBUG: [AUTOSTART] Server-Group is complete: bedwars stats: (5/5)
[14:54:01] DEBUG: [AUTOSTART] Server-Group is complete: Lobby stats: (2/2)
[14:54:01] DEBUG: [AUTOSTART] Server-Group is complete: Skywars stats: (2/2)
[14:54:04] DEBUG: [AUTOSTART] Server-Group is complete: bedwars stats: (5/5)
[14:54:04] DEBUG: [AUTOSTART] Server-Group is complete: Lobby stats: (2/2)
[14:54:04] DEBUG: [AUTOSTART] Server-Group is complete: Skywars stats: (2/2)
[14:54:06] DEBUG: [AUTOSTART] Server-Group is complete: bedwars stats: (5/5)
[14:54:06] DEBUG: [AUTOSTART] Server-Group is complete: Lobby stats: (2/2)
[14:54:06] DEBUG: [AUTOSTART] Server-Group is complete: Skywars stats: (2/2)
[14:54:09] DEBUG: [AUTOSTART] Server-Group is complete: bedwars stats: (5/5)
[14:54:09] DEBUG: [AUTOSTART] Server-Group is complete: Lobby stats: (2/2)
[14:54:09] DEBUG: [AUTOSTART] Server-Group is complete: Skywars stats: (2/2)
[14:54:11] DEBUG: [AUTOSTART] Server-Group is complete: bedwars stats: (5/5)
[14:54:11] DEBUG: [AUTOSTART] Server-Group is complete: Lobby stats: (2/2)
[14:54:11] DEBUG: [AUTOSTART] Server-Group is complete: Skywars stats: (2/2)
[14:54:14] DEBUG: [AUTOSTART] Server-Group is complete: bedwars stats: (5/5)
[14:54:14] DEBUG: [AUTOSTART] Server-Group is complete: Lobby stats: (2/2)
[14:54:14] DEBUG: [AUTOSTART] Server-Group is complete: Skywars stats: (2/2)
[14:54:16] DEBUG: [AUTOSTART] Server-Group is complete: bedwars stats: (5/5)
[14:54:16] DEBUG: [AUTOSTART] Server-Group is complete: Lobby stats: (2/2)
[14:54:16] DEBUG: [AUTOSTART] Server-Group is complete: Skywars stats: (2/2)
[14:54:19] DEBUG: [AUTOSTART] Server-Group is complete: bedwars stats: (5/5)
[14:54:19] DEBUG: [AUTOSTART] Server-Group is complete: Lobby stats: (2/2)
[14:54:19] DEBUG: [AUTOSTART] Server-Group is complete: Skywars stats: (2/2)
[14:54:21] DEBUG: [AUTOSTART] Server-Group is complete: bedwars stats: (5/5)
[14:54:21] DEBUG: [AUTOSTART] Server-Group is complete: Lobby stats: (2/2)
[14:54:21] DEBUG: [AUTOSTART] Server-Group is complete: Skywars stats: (2/2)
[14:54:24] DEBUG: [AUTOSTART] Server-Group is complete: bedwars stats: (5/5)
[14:54:24] DEBUG: [AUTOSTART] Server-Group is complete: Lobby stats: (2/2)
[14:54:24] DEBUG: [AUTOSTART] Server-Group is complete: Skywars stats: (2/2)
[14:54:26] DEBUG: [AUTOSTART] Server-Group is complete: bedwars stats: (5/5)
[14:54:26] DEBUG: [AUTOSTART] Server-Group is complete: Lobby stats: (2/2)
[14:54:26] DEBUG: [AUTOSTART] Server-Group is complete: Skywars stats: (2/2)
[14:54:29] DEBUG: [AUTOSTART] Server-Group is complete: bedwars stats: (5/5)
[14:54:29] DEBUG: [AUTOSTART] Server-Group is complete: Lobby stats: (2/2)
[14:54:29] DEBUG: [AUTOSTART] Server-Group is complete: Skywars stats: (2/2)
[14:54:31] DEBUG: [AUTOSTART] Server-Group is complete: bedwars stats: (5/5)
[14:54:31] DEBUG: [AUTOSTART] Server-Group is complete: Lobby stats: (2/2)
[14:54:31] DEBUG: [AUTOSTART] Server-Group is complete: Skywars stats: (2/2)
[14:54:34] DEBUG: [AUTOSTART] Server-Group is complete: bedwars stats: (5/5)
[14:54:34] DEBUG: [AUTOSTART] Server-Group is complete: Lobby stats: (2/2)
[14:54:34] DEBUG: [AUTOSTART] Server-Group is complete: Skywars stats: (2/2)
[14:54:36] DEBUG: [AUTOSTART] Server-Group is complete: bedwars stats: (5/5)
[14:54:36] DEBUG: [AUTOSTART] Server-Group is complete: Lobby stats: (2/2)
[14:54:36] DEBUG: [AUTOSTART] Server-Group is complete: Skywars stats: (2/2)
[14:54:39] DEBUG: [AUTOSTART] Server-Group is complete: bedwars stats: (5/5)
[14:54:39] DEBUG: [AUTOSTART] Server-Group is complete: Lobby stats: (2/2)
[14:54:39] DEBUG: [AUTOSTART] Server-Group is complete: Skywars stats: (2/2)
[14:54:41] DEBUG: [AUTOSTART] Server-Group is complete: bedwars stats: (5/5)
[14:54:41] DEBUG: [AUTOSTART] Server-Group is complete: Lobby stats: (2/2)
[14:54:41] DEBUG: [AUTOSTART] Server-Group is complete: Skywars stats: (2/2)
[14:54:44] DEBUG: [AUTOSTART] Server-Group is complete: bedwars stats: (5/5)
[14:54:44] DEBUG: [AUTOSTART] Server-Group is complete: Lobby stats: (2/2)
[14:54:44] DEBUG: [AUTOSTART] Server-Group is complete: Skywars stats: (2/2)
[14:54:46] DEBUG: [AUTOSTART] Server-Group is complete: bedwars stats: (5/5)
[14:54:46] DEBUG: [AUTOSTART] Server-Group is complete: Lobby stats: (2/2)
[14:54:46] DEBUG: [AUTOSTART] Server-Group is complete: Skywars stats: (2/2)
[14:54:49] DEBUG: [AUTOSTART] Server-Group is complete: bedwars stats: (5/5)
[14:54:49] DEBUG: [AUTOSTART] Server-Group is complete: Lobby stats: (2/2)
[14:54:49] DEBUG: [AUTOSTART] Server-Group is complete: Skywars stats: (2/2)
[14:54:51] DEBUG: [AUTOSTART] Server-Group is complete: bedwars stats: (5/5)
[14:54:51] DEBUG: [AUTOSTART] Server-Group is complete: Lobby stats: (2/2)
[14:54:51] DEBUG: [AUTOSTART] Server-Group is complete: Skywars stats: (2/2)
[14:54:54] DEBUG: [AUTOSTART] Server-Group is complete: bedwars stats: (5/5)
[14:54:54] DEBUG: [AUTOSTART] Server-Group is complete: Lobby stats: (2/2)
[14:54:54] DEBUG: [AUTOSTART] Server-Group is complete: Skywars stats: (2/2)
[14:54:56] DEBUG: [AUTOSTART] Server-Group is complete: bedwars stats: (5/5)
[14:54:56] DEBUG: [AUTOSTART] Server-Group is complete: Lobby stats: (2/2)
[14:54:56] DEBUG: [AUTOSTART] Server-Group is complete: Skywars stats: (2/2)
[14:54:59] DEBUG: [AUTOSTART] Server-Group is complete: bedwars stats: (5/5)
[14:54:59] DEBUG: [AUTOSTART] Server-Group is complete: Lobby stats: (2/2)
[14:54:59] DEBUG: [AUTOSTART] Server-Group is complete: Skywars stats: (2/2)
[14:55:01] DEBUG: [AUTOSTART] Server-Group is complete: bedwars stats: (5/5)
[14:55:01] DEBUG: [AUTOSTART] Server-Group is complete: Lobby stats: (2/2)
[14:55:01] DEBUG: [AUTOSTART] Server-Group is complete: Skywars stats: (2/2)
[14:55:04] DEBUG: [AUTOSTART] Server-Group is complete: bedwars stats: (5/5)
[14:55:04] DEBUG: [AUTOSTART] Server-Group is complete: Lobby stats: (2/2)
[14:55:04] DEBUG: [AUTOSTART] Server-Group is complete: Skywars stats: (2/2)
[14:55:06] DEBUG: [AUTOSTART] Server-Group is complete: bedwars stats: (5/5)
[14:55:06] DEBUG: [AUTOSTART] Server-Group is complete: Lobby stats: (2/2)
[14:55:06] DEBUG: [AUTOSTART] Server-Group is complete: Skywars stats: (2/2)
[14:55:09] DEBUG: [AUTOSTART] Server-Group is complete: bedwars stats: (5/5)
[14:55:09] DEBUG: [AUTOSTART] Server-Group is complete: Lobby stats: (2/2)
[14:55:09] DEBUG: [AUTOSTART] Server-Group is complete: Skywars stats: (2/2)
[14:55:11] DEBUG: [AUTOSTART] Server-Group is complete: bedwars stats: (5/5)
[14:55:11] DEBUG: [AUTOSTART] Server-Group is complete: Lobby stats: (2/2)
[14:55:11] DEBUG: [AUTOSTART] Server-Group is complete: Skywars stats: (2/2)
[14:55:14] DEBUG: [AUTOSTART] Server-Group is complete: bedwars stats: (5/5)
[14:55:14] DEBUG: [AUTOSTART] Server-Group is complete: Lobby stats: (2/2)
[14:55:14] DEBUG: [AUTOSTART] Server-Group is complete: Skywars stats: (2/2)
[14:55:16] DEBUG: [AUTOSTART] Server-Group is complete: bedwars stats: (5/5)
[14:55:16] DEBUG: [AUTOSTART] Server-Group is complete: Lobby stats: (2/2)
[14:55:16] DEBUG: [AUTOSTART] Server-Group is complete: Skywars stats: (2/2)
[14:55:19] DEBUG: [AUTOSTART] Server-Group is complete: bedwars stats: (5/5)
[14:55:19] DEBUG: [AUTOSTART] Server-Group is complete: Lobby stats: (2/2)
[14:55:19] DEBUG: [AUTOSTART] Server-Group is complete: Skywars stats: (2/2)
[14:55:21] DEBUG: [AUTOSTART] Server-Group is complete: bedwars stats: (5/5)
[14:55:21] DEBUG: [AUTOSTART] Server-Group is complete: Lobby stats: (2/2)
[14:55:21] DEBUG: [AUTOSTART] Server-Group is complete: Skywars stats: (2/2)
[14:55:24] DEBUG: [AUTOSTART] Server-Group is complete: bedwars stats: (5/5)
[14:55:24] DEBUG: [AUTOSTART] Server-Group is complete: Lobby stats: (2/2)
[14:55:24] DEBUG: [AUTOSTART] Server-Group is complete: Skywars stats: (2/2)
[14:55:26] DEBUG: [AUTOSTART] Server-Group is complete: bedwars stats: (5/5)
[14:55:26] DEBUG: [AUTOSTART] Server-Group is complete: Lobby stats: (2/2)
[14:55:26] DEBUG: [AUTOSTART] Server-Group is complete: Skywars stats: (2/2)
[14:55:29] DEBUG: [AUTOSTART] Server-Group is complete: bedwars stats: (5/5)
[14:55:29] DEBUG: [AUTOSTART] Server-Group is complete: Lobby stats: (2/2)
[14:55:29] DEBUG: [AUTOSTART] Server-Group is complete: Skywars stats: (2/2)
[14:55:31] DEBUG: [AUTOSTART] Server-Group is complete: bedwars stats: (5/5)
[14:55:31] DEBUG: [AUTOSTART] Server-Group is complete: Lobby stats: (2/2)
[14:55:31] DEBUG: [AUTOSTART] Server-Group is complete: Skywars stats: (2/2)
[14:55:34] DEBUG: [AUTOSTART] Server-Group is complete: bedwars stats: (5/5)
[14:55:34] DEBUG: [AUTOSTART] Server-Group is complete: Lobby stats: (2/2)
[14:55:34] DEBUG: [AUTOSTART] Server-Group is complete: Skywars stats: (2/2)
[14:55:36] DEBUG: [AUTOSTART] Server-Group is complete: bedwars stats: (5/5)
[14:55:36] DEBUG: [AUTOSTART] Server-Group is complete: Lobby stats: (2/2)
[14:55:36] DEBUG: [AUTOSTART] Server-Group is complete: Skywars stats: (2/2)
[14:55:39] DEBUG: [AUTOSTART] Server-Group is complete: bedwars stats: (5/5)
[14:55:39] DEBUG: [AUTOSTART] Server-Group is complete: Lobby stats: (2/2)
[14:55:39] DEBUG: [AUTOSTART] Server-Group is complete: Skywars stats: (2/2)
[14:55:41] DEBUG: [AUTOSTART] Server-Group is complete: bedwars stats: (5/5)
[14:55:41] DEBUG: [AUTOSTART] Server-Group is complete: Lobby stats: (2/2)
[14:55:41] DEBUG: [AUTOSTART] Server-Group is complete: Skywars stats: (2/2)
[14:55:44] DEBUG: [AUTOSTART] Server-Group is complete: bedwars stats: (5/5)
[14:55:44] DEBUG: [AUTOSTART] Server-Group is complete: Lobby stats: (2/2)
[14:55:44] DEBUG: [AUTOSTART] Server-Group is complete: Skywars stats: (2/2)
