[13:05:18] INFO: Registered Packet By Clazz: de.crycodes.de.spacebyter.liptoncloud.packets.global.RegisterPacket
[13:05:18] INFO: Registered Packet By Clazz: de.crycodes.de.spacebyter.liptoncloud.packets.global.ShutDownPacket
[13:05:18] INFO: Registered Packet By Clazz: de.crycodes.de.spacebyter.liptoncloud.packets.server.proxy.in.SendProxyConfigPacket
[13:05:18] INFO: Registered Packet By Clazz: de.crycodes.de.spacebyter.liptoncloud.packets.server.proxy.in.StopProxyPacket
[13:05:18] INFO: Registered Packet By Clazz: de.crycodes.de.spacebyter.liptoncloud.packets.server.proxy.out.ProxyStoppingPacket
[13:05:18] INFO: Registered Packet By Clazz: de.crycodes.de.spacebyter.liptoncloud.packets.server.server.in.ExecuteCommandPacket
[13:05:18] INFO: Registered Packet By Clazz: de.crycodes.de.spacebyter.liptoncloud.packets.server.server.in.SendServerConfigPacket
[13:05:18] INFO: Registered Packet By Clazz: de.crycodes.de.spacebyter.liptoncloud.packets.server.server.in.StopServerGroupPacket
[13:05:18] INFO: Registered Packet By Clazz: de.crycodes.de.spacebyter.liptoncloud.packets.server.server.in.StopServerPacket
[13:05:18] INFO: Registered Packet By Clazz: de.crycodes.de.spacebyter.liptoncloud.packets.server.server.out.ServerStoppingPacket
[13:05:18] INFO: Registered Packet By Clazz: de.crycodes.de.spacebyter.liptoncloud.packets.wrapper.in.CopyServerPacket
[13:05:18] INFO: Registered Packet By Clazz: de.crycodes.de.spacebyter.liptoncloud.packets.wrapper.in.CreateTemplatePacket
[13:05:18] INFO: Registered Packet By Clazz: de.crycodes.de.spacebyter.liptoncloud.packets.wrapper.in.StartServerPacket
[13:05:18] INFO: Registered Packet By Clazz: de.crycodes.de.spacebyter.liptoncloud.packets.wrapper.out.DebugPacket
[13:05:18] INFO: Registered Packet By Clazz: de.crycodes.de.spacebyter.liptoncloud.packets.wrapper.out.ErrorPacket
[13:05:18] INFO: Registered Packet By Clazz: de.crycodes.de.spacebyter.liptoncloud.packets.wrapper.out.InfoPacket
[13:05:18] INFO: Registered Packet By Clazz: de.crycodes.de.spacebyter.liptoncloud.packets.wrapper.out.WarningPacket
[13:05:18] INFO: Registered Packet By Clazz: de.crycodes.de.spacebyter.liptoncloud.packets.global.UpdateMaintenancePacket
[13:05:18] INFO: Registered Packet By Clazz: de.crycodes.de.spacebyter.liptoncloud.packets.server.proxy.out.ServerGroupUpdatePacket
[13:05:18] INFO: Registered Packet By Clazz: de.crycodes.de.spacebyter.liptoncloud.packets.server.server.out.ServerUpdatePacket
[13:05:18] INFO: Registered Packet By Clazz: de.crycodes.de.spacebyter.liptoncloud.packets.global.RegisterResponsePacket
[13:05:18] INFO: [34m __    _     ___   _     ___   __   _     __  _____  ____  _     [0m
[13:05:18] INFO: [34m/ /`  | |   / / \ | | | | | \ ( (` \ \_/ ( (`  | |  | |_  | |\/| [0m
[13:05:18] INFO: [34m\_\_, |_|__ \_\_/ \_\_/ |_|_/ _)_)  |_|  _)_)  |_|  |_|__ |_|  | [0m
[13:05:18] INFO: [31m▬▬▬▬▬▬▬▬▬▬▬▬▬▬▬▬▬▬▬▬▬▬▬▬▬▬▬▬▬▬▬▬▬▬▬▬▬▬[0m
[13:05:18] INFO: [34mCoded by CryCodes & SpaceByter[0m
[13:05:18] INFO: 
[13:05:18] INFO: Loaded Addon: CloudFlare-1.0-SNAPSHOT
[13:05:18] INFO: Loaded Addon: SignSystem-1.0-SNAPSHOT
[13:05:19] ERROR: An error occurred in cloudflare addon: Could not find zone id for given domain, please recheck
[13:05:19] ERROR: An error occurred in cloudflare addon: Could not find zone id for given domain, please recheck
[13:05:19] INFO: [SIGNSYSTEM] Starting NetworkServer on (127.0.0.1:8899)!
[13:05:19] INFO: Using SignSystem for LiptonCloud!
[13:05:19] INFO: Starting Master-Wrapper Server on Port: (9685) !
[13:05:19] INFO: Starting Proxy-Wrapper Server on Port: (1784) !
[13:05:19] INFO: Starting Master-Spigot Server on Port: (7898) !
[13:05:19] INFO: Action 'MASTERSTARTUP' took: (1.11) Seconds!
[13:05:21] DEBUG: Send ProxyConfig!
[13:05:22] ERROR: No Wrapper Available -> (create <wrapper>)!
[13:05:23] INFO: Trying to Register Proxy: NONE
[13:05:23] INFO: Registered new Proxy: NONE
[13:05:23] INFO: NEW PACKET - RegisterPacket
[13:05:23] DEBUG: Send ProxyConfig!
[13:05:24] ERROR: No Wrapper Available -> (create <wrapper>)!
[13:05:26] DEBUG: Send ProxyConfig!
[13:05:27] ERROR: No Wrapper Available -> (create <wrapper>)!
[13:05:28] DEBUG: Send ProxyConfig!
[13:05:29] ERROR: No Wrapper Available -> (create <wrapper>)!
[13:05:31] DEBUG: Send ProxyConfig!
[13:05:32] ERROR: No Wrapper Available -> (create <wrapper>)!
[13:05:33] DEBUG: Send ProxyConfig!
[13:05:34] ERROR: No Wrapper Available -> (create <wrapper>)!
[13:05:36] DEBUG: Send ProxyConfig!
[13:05:37] ERROR: No Wrapper Available -> (create <wrapper>)!
[13:05:38] DEBUG: Send ProxyConfig!
[13:05:39] ERROR: No Wrapper Available -> (create <wrapper>)!
[13:05:41] DEBUG: Send ProxyConfig!
[13:05:42] ERROR: No Wrapper Available -> (create <wrapper>)!
[13:05:43] DEBUG: Send ProxyConfig!
[13:05:44] ERROR: No Wrapper Available -> (create <wrapper>)!
[13:05:46] DEBUG: Send ProxyConfig!
[13:05:47] ERROR: No Wrapper Available -> (create <wrapper>)!
[13:05:48] DEBUG: Send ProxyConfig!
[13:05:49] ERROR: No Wrapper Available -> (create <wrapper>)!
[13:05:51] DEBUG: Send ProxyConfig!
[13:05:52] ERROR: No Wrapper Available -> (create <wrapper>)!
[13:05:53] DEBUG: Send ProxyConfig!
[13:05:54] ERROR: No Wrapper Available -> (create <wrapper>)!
