[Cloud-Thread | 00:30:22] INFO: Registered Packet By Clazz: de.crycodes.de.spacebyter.liptoncloud.packets.global.RegisterPacket
[Cloud-Thread | 00:30:22] INFO: Registered Packet By Clazz: de.crycodes.de.spacebyter.liptoncloud.packets.global.ShutDownPacket
[Cloud-Thread | 00:30:22] INFO: Registered Packet By Clazz: de.crycodes.de.spacebyter.liptoncloud.packets.server.proxy.in.SendProxyConfigPacket
[Cloud-Thread | 00:30:22] INFO: Registered Packet By Clazz: de.crycodes.de.spacebyter.liptoncloud.packets.server.proxy.in.StopProxyPacket
[Cloud-Thread | 00:30:22] INFO: Registered Packet By Clazz: de.crycodes.de.spacebyter.liptoncloud.packets.server.proxy.out.ProxyStoppingPacket
[Cloud-Thread | 00:30:22] INFO: Registered Packet By Clazz: de.crycodes.de.spacebyter.liptoncloud.packets.server.server.in.ExecuteCommandPacket
[Cloud-Thread | 00:30:22] INFO: Registered Packet By Clazz: de.crycodes.de.spacebyter.liptoncloud.packets.server.server.in.SendServerConfigPacket
[Cloud-Thread | 00:30:22] INFO: Registered Packet By Clazz: de.crycodes.de.spacebyter.liptoncloud.packets.server.server.in.StopServerGroupPacket
[Cloud-Thread | 00:30:22] INFO: Registered Packet By Clazz: de.crycodes.de.spacebyter.liptoncloud.packets.server.server.in.StopServerPacket
[Cloud-Thread | 00:30:22] INFO: Registered Packet By Clazz: de.crycodes.de.spacebyter.liptoncloud.packets.server.server.out.ServerStoppingPacket
[Cloud-Thread | 00:30:22] INFO: Registered Packet By Clazz: de.crycodes.de.spacebyter.liptoncloud.packets.wrapper.in.CopyServerPacket
[Cloud-Thread | 00:30:22] INFO: Registered Packet By Clazz: de.crycodes.de.spacebyter.liptoncloud.packets.wrapper.in.CreateTemplatePacket
[Cloud-Thread | 00:30:22] INFO: Registered Packet By Clazz: de.crycodes.de.spacebyter.liptoncloud.packets.wrapper.in.StartServerPacket
[Cloud-Thread | 00:30:22] INFO: Registered Packet By Clazz: de.crycodes.de.spacebyter.liptoncloud.packets.wrapper.out.DebugPacket
[Cloud-Thread | 00:30:22] INFO: Registered Packet By Clazz: de.crycodes.de.spacebyter.liptoncloud.packets.wrapper.out.ErrorPacket
[Cloud-Thread | 00:30:22] INFO: Registered Packet By Clazz: de.crycodes.de.spacebyter.liptoncloud.packets.wrapper.out.InfoPacket
[Cloud-Thread | 00:30:22] INFO: Registered Packet By Clazz: de.crycodes.de.spacebyter.liptoncloud.packets.wrapper.out.WarningPacket
[Cloud-Thread | 00:30:22] INFO: Registered Packet By Clazz: de.crycodes.de.spacebyter.liptoncloud.packets.global.UpdateMaintenancePacket
[Cloud-Thread | 00:30:22] INFO: Registered Packet By Clazz: de.crycodes.de.spacebyter.liptoncloud.packets.server.proxy.out.ServerGroupUpdatePacket
[Cloud-Thread | 00:30:22] INFO: Registered Packet By Clazz: de.crycodes.de.spacebyter.liptoncloud.packets.server.server.out.ServerUpdatePacket
[Cloud-Thread | 00:30:22] INFO: Registered Packet By Clazz: de.crycodes.de.spacebyter.liptoncloud.packets.global.RegisterResponsePacket
[Cloud-Thread | 00:30:22] INFO: [34mâ–‘â–ˆâ–ˆâ–ˆâ–ˆâ–ˆâ•—â–‘â–ˆâ–ˆâ•—â–‘â–‘â–‘â–‘â–‘â–‘â–ˆâ–ˆâ–ˆâ–ˆâ–ˆâ•—â–‘â–ˆâ–ˆâ•—â–‘â–‘â–‘â–ˆâ–ˆâ•—â–ˆâ–ˆâ–ˆâ–ˆâ–ˆâ–ˆâ•—â–‘[0m
[Cloud-Thread | 00:30:22] INFO: [34mâ–ˆâ–ˆâ•”â•â•â–ˆâ–ˆâ•—â–ˆâ–ˆâ•‘â–‘â–‘â–‘â–‘â–‘â–ˆâ–ˆâ•”â•â•â–ˆâ–ˆâ•—â–ˆâ–ˆâ•‘â–‘â–‘â–‘â–ˆâ–ˆâ•‘â–ˆâ–ˆâ•”â•â•â–ˆâ–ˆâ•—[0m
[Cloud-Thread | 00:30:22] INFO: [34mâ–ˆâ–ˆâ•‘â–‘â–‘â•šâ•â•â–ˆâ–ˆâ•‘â–‘â–‘â–‘â–‘â–‘â–ˆâ–ˆâ•‘â–‘â–‘â–ˆâ–ˆâ•‘â–ˆâ–ˆâ•‘â–‘â–‘â–‘â–ˆâ–ˆâ•‘â–ˆâ–ˆâ•‘â–‘â–‘â–ˆâ–ˆâ•‘[0m
[Cloud-Thread | 00:30:22] INFO: [34mâ–ˆâ–ˆâ•‘â–‘â–‘â–ˆâ–ˆâ•—â–ˆâ–ˆâ•‘â–‘â–‘â–‘â–‘â–‘â–ˆâ–ˆâ•‘â–‘â–‘â–ˆâ–ˆâ•‘â–ˆâ–ˆâ•‘â–‘â–‘â–‘â–ˆâ–ˆâ•‘â–ˆâ–ˆâ•‘â–‘â–‘â–ˆâ–ˆâ•‘[0m
[Cloud-Thread | 00:30:22] INFO: [34mâ•šâ–ˆâ–ˆâ–ˆâ–ˆâ–ˆâ•”â•â–ˆâ–ˆâ–ˆâ–ˆâ–ˆâ–ˆâ–ˆâ•—â•šâ–ˆâ–ˆâ–ˆâ–ˆâ–ˆâ•”â•â•šâ–ˆâ–ˆâ–ˆâ–ˆâ–ˆâ–ˆâ•”â•â–ˆâ–ˆâ–ˆâ–ˆâ–ˆâ–ˆâ•”â•[0m
[Cloud-Thread | 00:30:22] INFO: [34mâ–‘â•šâ•â•â•â•â•â–‘â•šâ•â•â•â•â•â•â•â–‘â•šâ•â•â•â•â•â–‘â–‘â•šâ•â•â•â•â•â•â–‘â•šâ•â•â•â•â•â•â–‘[0m
[Cloud-Thread | 00:30:22] INFO: â–¬â–¬â–¬â–¬â–¬â–¬â–¬â–¬â–¬â–¬â–¬â–¬â–¬â–¬â–¬â–¬â–¬â–¬â–¬â–¬â–¬â–¬â–¬â–¬â–¬â–¬â–¬â–¬â–¬â–¬â–¬â–¬â–¬â–¬â–¬â–¬â–¬â–¬
[Cloud-Thread | 00:30:22] INFO: Coded by CryCodes & SpaceByter
[Cloud-Thread | 00:30:22] INFO: 
[Cloud-Thread | 00:30:22] INFO: Loaded Addon: CloudFlare-1.0-SNAPSHOT
[Cloud-Thread | 00:30:22] INFO: Loaded Addon: SignSystem-1.0-SNAPSHOT
[Cloud-Thread | 00:30:23] ERROR: An error occurred in cloudflare addon: Could not find zone id for given domain, please recheck
[Cloud-Thread | 00:30:23] ERROR: An error occurred in cloudflare addon: Could not find zone id for given domain, please recheck
[Cloud-Thread | 00:30:23] INFO: [SIGNSYSTEM] Starting NetworkServer on (127.0.0.1:8899)!
[Cloud-Thread | 00:30:23] INFO: Using SignSystem for LiptonCloud!
[Cloud-Thread | 00:30:23] INFO: Starting Master-Wrapper Server on Port: (9685) !
[Cloud-Thread | 00:30:23] INFO: Starting Proxy-Wrapper Server on Port: (1784) !
[Cloud-Thread | 00:30:23] INFO: Starting Master-Spigot Server on Port: (7898) !
[Cloud-Thread | 00:30:23] INFO: Started BungeeCord Server on: 25565 !
[Cloud-Thread | 00:30:23] INFO: Action 'MASTERSTARTUP' took: (1.11) Seconds!
[Cloud-Thread | 00:30:24] INFO: Registered new Proxy: NONE
[Cloud-Thread | 00:30:28] INFO: Registered new Wrapper: Wrapper-1
[Cloud-Thread | 00:30:30] INFO: [AUTOSTART] StartetServer 'Lobby' stats: (10/2) Port: 30000 | ID: 1 !
[Cloud-Thread | 00:30:33] INFO: [AUTOSTART] StartetServer 'Lobby' stats: (20/2) Port: 30001 | ID: 2 !
[Cloud-Thread | 00:30:39] INFO: Registered new Spigot Server: (Lobby-2)!
[Cloud-Thread | 00:30:42] INFO: Registered new Spigot Server: (Lobby-1)!
[Cloud-Thread | 00:31:38] INFO: Send StopPacket to Server: Lobby-2
