[18:07:32] INFO: Registered Packet By Clazz: de.crycodes.de.spacebyter.liptoncloud.packets.global.RegisterPacket
[18:07:32] INFO: Registered Packet By Clazz: de.crycodes.de.spacebyter.liptoncloud.packets.global.ShutDownPacket
[18:07:32] INFO: Registered Packet By Clazz: de.crycodes.de.spacebyter.liptoncloud.packets.server.proxy.in.SendProxyConfigPacket
[18:07:32] INFO: Registered Packet By Clazz: de.crycodes.de.spacebyter.liptoncloud.packets.server.proxy.in.StopProxyPacket
[18:07:32] INFO: Registered Packet By Clazz: de.crycodes.de.spacebyter.liptoncloud.packets.server.proxy.out.ProxyStoppingPacket
[18:07:32] INFO: Registered Packet By Clazz: de.crycodes.de.spacebyter.liptoncloud.packets.server.server.in.ExecuteCommandPacket
[18:07:32] INFO: Registered Packet By Clazz: de.crycodes.de.spacebyter.liptoncloud.packets.server.server.in.SendServerConfigPacket
[18:07:32] INFO: Registered Packet By Clazz: de.crycodes.de.spacebyter.liptoncloud.packets.server.server.in.StopServerGroupPacket
[18:07:32] INFO: Registered Packet By Clazz: de.crycodes.de.spacebyter.liptoncloud.packets.server.server.in.StopServerPacket
[18:07:32] INFO: Registered Packet By Clazz: de.crycodes.de.spacebyter.liptoncloud.packets.server.server.out.ServerStoppingPacket
[18:07:32] INFO: Registered Packet By Clazz: de.crycodes.de.spacebyter.liptoncloud.packets.wrapper.in.CopyServerPacket
[18:07:32] INFO: Registered Packet By Clazz: de.crycodes.de.spacebyter.liptoncloud.packets.wrapper.in.CreateTemplatePacket
[18:07:32] INFO: Registered Packet By Clazz: de.crycodes.de.spacebyter.liptoncloud.packets.wrapper.in.StartServerPacket
[18:07:32] INFO: Registered Packet By Clazz: de.crycodes.de.spacebyter.liptoncloud.packets.wrapper.out.DebugPacket
[18:07:32] INFO: Registered Packet By Clazz: de.crycodes.de.spacebyter.liptoncloud.packets.wrapper.out.ErrorPacket
[18:07:32] INFO: Registered Packet By Clazz: de.crycodes.de.spacebyter.liptoncloud.packets.wrapper.out.InfoPacket
[18:07:32] INFO: Registered Packet By Clazz: de.crycodes.de.spacebyter.liptoncloud.packets.wrapper.out.WarningPacket
[18:07:32] INFO: Registered Packet By Clazz: de.crycodes.de.spacebyter.liptoncloud.packets.global.UpdateMaintenancePacket
[18:07:32] INFO: Registered Packet By Clazz: de.crycodes.de.spacebyter.liptoncloud.packets.server.proxy.out.ServerGroupUpdatePacket
[18:07:32] INFO: Registered Packet By Clazz: de.crycodes.de.spacebyter.liptoncloud.packets.server.server.out.ServerUpdatePacket
[18:07:32] INFO: Registered Packet By Clazz: de.crycodes.de.spacebyter.liptoncloud.packets.global.RegisterResponsePacket
[18:07:32] INFO: [34m░█████╗░██╗░░░░░░█████╗░██╗░░░██╗██████╗░[0m
[18:07:32] INFO: [34m██╔══██╗██║░░░░░██╔══██╗██║░░░██║██╔══██╗[0m
[18:07:32] INFO: [34m██║░░╚═╝██║░░░░░██║░░██║██║░░░██║██║░░██║[0m
[18:07:32] INFO: [34m██║░░██╗██║░░░░░██║░░██║██║░░░██║██║░░██║[0m
[18:07:32] INFO: [34m╚█████╔╝███████╗╚█████╔╝╚██████╔╝██████╔╝[0m
[18:07:32] INFO: [34m░╚════╝░╚══════╝░╚════╝░░╚═════╝░╚═════╝░[0m
[18:07:32] INFO: ▬▬▬▬▬▬▬▬▬▬▬▬▬▬▬▬▬▬▬▬▬▬▬▬▬▬▬▬▬▬▬▬▬▬▬▬▬▬
[18:07:32] INFO: Coded by CryCodes & SpaceByter
[18:07:32] INFO: 
[18:07:32] INFO: Loaded Addon: CloudFlare-1.0-SNAPSHOT
[18:07:32] INFO: Loaded Addon: SignSystem-1.0-SNAPSHOT
[18:07:34] ERROR: An error occurred in cloudflare addon: Could not find zone id for given domain, please recheck
[18:07:34] ERROR: An error occurred in cloudflare addon: Could not find zone id for given domain, please recheck
[18:07:34] INFO: [SIGNSYSTEM] Starting NetworkServer on (127.0.0.1:8899)!
[18:07:34] INFO: Using SignSystem for LiptonCloud!
[18:07:34] INFO: Starting Master-Wrapper Server on Port: (9685) !
[18:07:34] INFO: Starting Proxy-Wrapper Server on Port: (1784) !
[18:07:34] INFO: Starting Master-Spigot Server on Port: (7898) !
[18:07:34] INFO: Started BungeeCord Server on: 25565 !
[18:07:34] INFO: Action 'MASTERSTARTUP' took: (2.26) Seconds!
[18:07:35] INFO: Registered new Wrapper: Wrapper-1
[18:07:37] INFO: [AUTOSTART] StartetServer 'Lobby' stats: (1/2) Port: 30000 | ID: 1 !
[18:07:37] INFO: Registered new Proxy: NONE
[18:07:39] INFO: [AUTOSTART] StartetServer 'Lobby' stats: (2/2) Port: 30001 | ID: 2 !
[18:07:50] INFO: Registered new Spigot Server: (Lobby-1)!
[18:07:52] INFO: Registered new Spigot Server: (Lobby-2)!
[18:09:49] INFO: Send StopPacket to Server: Lobby-2
[18:09:49] INFO: service stopserver name
[18:09:49] INFO: service stopproxy name
[18:09:49] INFO: service stopgroup group
[18:09:49] INFO: Stopping Server: Lobby-2 | 30001 | Wrapper-1
[18:09:52] INFO: [AUTOSTART] StartetServer 'Lobby' stats: (1/2) Port: 30002 | ID: 3 !
[18:10:04] INFO: Registered new Spigot Server: (Lobby-3)!
