[14:33:27] INFO: Registered new Wrapper: Wrapper-1
[14:33:28] INFO: [34m __    _     ___   _     ___   __   _     __  _____  ____  _     [0m
[14:33:28] INFO: [34m/ /`  | |   / / \ | | | | | \ ( (` \ \_/ ( (`  | |  | |_  | |\/| [0m
[14:33:28] INFO: [34m\_\_, |_|__ \_\_/ \_\_/ |_|_/ _)_)  |_|  _)_)  |_|  |_|__ |_|  | [0m
[14:33:28] INFO: [31m▬▬▬▬▬▬▬▬▬▬▬▬▬▬▬▬▬▬▬▬▬▬▬▬▬▬▬▬▬▬▬▬▬▬▬▬▬▬[0m
[14:33:28] INFO: [34mCoded by CryCodes & SpaceByter[0m
[14:33:28] INFO: 
[14:33:31] INFO: create SERVERGROUP
[14:33:31] INFO: create TEMPLATE <Group>
[14:33:31] INFO: create PROXY
[14:33:31] INFO: create WRAPPER
[14:34:13] INFO: Servergroup 'Skywars' was successfully created!
[14:34:20] INFO: Cloud was Reloaded!
[14:34:22] INFO: StartetServer: bedwars-3 | on port: 9 | on wrapper: Wrapper-1 | group: bedwars !
[14:34:22] INFO: [AUTOSTART] StartetServer 'bedwars' stats: (1/5)
[14:34:22] INFO: StartetServer: Lobby-3 | on port: 4 | on wrapper: Wrapper-1 | group: Lobby !
[14:34:22] INFO: [AUTOSTART] StartetServer 'Lobby' stats: (1/2)
[14:34:22] INFO: StartetServer: Skywars-4 | on port: 7 | on wrapper: Wrapper-1 | group: Skywars !
[14:34:22] INFO: [AUTOSTART] StartetServer 'Skywars' stats: (1/2)
[14:34:25] INFO: StartetServer: bedwars-1 | on port: 3 | on wrapper: Wrapper-1 | group: bedwars !
[14:34:25] INFO: [AUTOSTART] StartetServer 'bedwars' stats: (2/5)
[14:34:25] INFO: StartetServer: Lobby-9 | on port: 7 | on wrapper: Wrapper-1 | group: Lobby !
[14:34:25] INFO: [AUTOSTART] StartetServer 'Lobby' stats: (2/2)
[14:34:25] INFO: StartetServer: Skywars-8 | on port: 9 | on wrapper: Wrapper-1 | group: Skywars !
[14:34:25] INFO: [AUTOSTART] StartetServer 'Skywars' stats: (2/2)
[14:34:27] INFO: StartetServer: bedwars-5 | on port: 0 | on wrapper: Wrapper-1 | group: bedwars !
[14:34:27] INFO: [AUTOSTART] StartetServer 'bedwars' stats: (3/5)
[14:34:27] DEBUG: [AUTOSTART] Server-Group is complete: Lobby stats: (2/2)
[14:34:27] DEBUG: [AUTOSTART] Server-Group is complete: Skywars stats: (2/2)
[14:34:30] INFO: StartetServer: bedwars-6 | on port: 6 | on wrapper: Wrapper-1 | group: bedwars !
[14:34:30] INFO: [AUTOSTART] StartetServer 'bedwars' stats: (4/5)
[14:34:30] DEBUG: [AUTOSTART] Server-Group is complete: Lobby stats: (2/2)
[14:34:30] DEBUG: [AUTOSTART] Server-Group is complete: Skywars stats: (2/2)
[14:34:32] INFO: StartetServer: bedwars-8 | on port: 8 | on wrapper: Wrapper-1 | group: bedwars !
[14:34:32] INFO: [AUTOSTART] StartetServer 'bedwars' stats: (5/5)
[14:34:32] DEBUG: [AUTOSTART] Server-Group is complete: Lobby stats: (2/2)
[14:34:32] DEBUG: [AUTOSTART] Server-Group is complete: Skywars stats: (2/2)
[14:34:35] DEBUG: [AUTOSTART] Server-Group is complete: bedwars stats: (5/5)
[14:34:35] DEBUG: [AUTOSTART] Server-Group is complete: Lobby stats: (2/2)
[14:34:35] DEBUG: [AUTOSTART] Server-Group is complete: Skywars stats: (2/2)
[14:34:37] DEBUG: [AUTOSTART] Server-Group is complete: bedwars stats: (5/5)
[14:34:37] DEBUG: [AUTOSTART] Server-Group is complete: Lobby stats: (2/2)
[14:34:37] DEBUG: [AUTOSTART] Server-Group is complete: Skywars stats: (2/2)
[14:34:40] DEBUG: [AUTOSTART] Server-Group is complete: bedwars stats: (5/5)
[14:34:40] DEBUG: [AUTOSTART] Server-Group is complete: Lobby stats: (2/2)
[14:34:40] DEBUG: [AUTOSTART] Server-Group is complete: Skywars stats: (2/2)
