[13:07:19] INFO: Registered Packet By Clazz: de.crycodes.de.spacebyter.liptoncloud.packets.global.RegisterPacket
[13:07:19] INFO: Registered Packet By Clazz: de.crycodes.de.spacebyter.liptoncloud.packets.global.ShutDownPacket
[13:07:19] INFO: Registered Packet By Clazz: de.crycodes.de.spacebyter.liptoncloud.packets.server.proxy.in.SendProxyConfigPacket
[13:07:19] INFO: Registered Packet By Clazz: de.crycodes.de.spacebyter.liptoncloud.packets.server.proxy.in.StopProxyPacket
[13:07:19] INFO: Registered Packet By Clazz: de.crycodes.de.spacebyter.liptoncloud.packets.server.proxy.out.ProxyStoppingPacket
[13:07:19] INFO: Registered Packet By Clazz: de.crycodes.de.spacebyter.liptoncloud.packets.server.server.in.ExecuteCommandPacket
[13:07:19] INFO: Registered Packet By Clazz: de.crycodes.de.spacebyter.liptoncloud.packets.server.server.in.SendServerConfigPacket
[13:07:19] INFO: Registered Packet By Clazz: de.crycodes.de.spacebyter.liptoncloud.packets.server.server.in.StopServerGroupPacket
[13:07:19] INFO: Registered Packet By Clazz: de.crycodes.de.spacebyter.liptoncloud.packets.server.server.in.StopServerPacket
[13:07:19] INFO: Registered Packet By Clazz: de.crycodes.de.spacebyter.liptoncloud.packets.server.server.out.ServerStoppingPacket
[13:07:19] INFO: Registered Packet By Clazz: de.crycodes.de.spacebyter.liptoncloud.packets.wrapper.in.CopyServerPacket
[13:07:19] INFO: Registered Packet By Clazz: de.crycodes.de.spacebyter.liptoncloud.packets.wrapper.in.CreateTemplatePacket
[13:07:19] INFO: Registered Packet By Clazz: de.crycodes.de.spacebyter.liptoncloud.packets.wrapper.in.StartServerPacket
[13:07:19] INFO: Registered Packet By Clazz: de.crycodes.de.spacebyter.liptoncloud.packets.wrapper.out.DebugPacket
[13:07:19] INFO: Registered Packet By Clazz: de.crycodes.de.spacebyter.liptoncloud.packets.wrapper.out.ErrorPacket
[13:07:19] INFO: Registered Packet By Clazz: de.crycodes.de.spacebyter.liptoncloud.packets.wrapper.out.InfoPacket
[13:07:19] INFO: Registered Packet By Clazz: de.crycodes.de.spacebyter.liptoncloud.packets.wrapper.out.WarningPacket
[13:07:19] INFO: Registered Packet By Clazz: de.crycodes.de.spacebyter.liptoncloud.packets.global.UpdateMaintenancePacket
[13:07:19] INFO: Registered Packet By Clazz: de.crycodes.de.spacebyter.liptoncloud.packets.server.proxy.out.ServerGroupUpdatePacket
[13:07:19] INFO: Registered Packet By Clazz: de.crycodes.de.spacebyter.liptoncloud.packets.server.server.out.ServerUpdatePacket
[13:07:19] INFO: Registered Packet By Clazz: de.crycodes.de.spacebyter.liptoncloud.packets.global.RegisterResponsePacket
[13:07:19] INFO: [34m __    _     ___   _     ___   __   _     __  _____  ____  _     [0m
[13:07:19] INFO: [34m/ /`  | |   / / \ | | | | | \ ( (` \ \_/ ( (`  | |  | |_  | |\/| [0m
[13:07:19] INFO: [34m\_\_, |_|__ \_\_/ \_\_/ |_|_/ _)_)  |_|  _)_)  |_|  |_|__ |_|  | [0m
[13:07:19] INFO: [31m▬▬▬▬▬▬▬▬▬▬▬▬▬▬▬▬▬▬▬▬▬▬▬▬▬▬▬▬▬▬▬▬▬▬▬▬▬▬[0m
[13:07:19] INFO: [34mCoded by CryCodes & SpaceByter[0m
[13:07:19] INFO: 
[13:07:19] INFO: Loaded Addon: CloudFlare-1.0-SNAPSHOT
[13:07:19] INFO: Loaded Addon: SignSystem-1.0-SNAPSHOT
[13:07:20] ERROR: An error occurred in cloudflare addon: Could not find zone id for given domain, please recheck
[13:07:20] ERROR: An error occurred in cloudflare addon: Could not find zone id for given domain, please recheck
[13:07:20] INFO: [SIGNSYSTEM] Starting NetworkServer on (127.0.0.1:8899)!
[13:07:20] INFO: Using SignSystem for LiptonCloud!
[13:07:20] INFO: Starting Master-Wrapper Server on Port: (9685) !
[13:07:20] INFO: Starting Proxy-Wrapper Server on Port: (1784) !
[13:07:20] INFO: Starting Master-Spigot Server on Port: (7898) !
[13:07:20] INFO: Action 'MASTERSTARTUP' took: (1.12) Seconds!
[13:07:21] DEBUG: Send ProxyConfig!
[13:07:22] ERROR: No Wrapper Available -> (create <wrapper>)!
[13:07:24] DEBUG: Send ProxyConfig!
[13:07:24] INFO: Trying to Register Proxy: NONE
[13:07:24] INFO: Registered new Proxy: NONE
[13:07:24] INFO: NEW PACKET - RegisterPacket
[13:07:25] ERROR: No Wrapper Available -> (create <wrapper>)!
[13:07:26] DEBUG: Send ProxyConfig!
[13:07:27] ERROR: No Wrapper Available -> (create <wrapper>)!
[13:07:29] DEBUG: Send ProxyConfig!
[13:07:30] ERROR: No Wrapper Available -> (create <wrapper>)!
[13:07:31] DEBUG: Send ProxyConfig!
[13:07:32] ERROR: No Wrapper Available -> (create <wrapper>)!
[13:07:34] DEBUG: Send ProxyConfig!
[13:07:35] ERROR: No Wrapper Available -> (create <wrapper>)!
[13:07:36] DEBUG: Send ProxyConfig!
[13:07:37] ERROR: No Wrapper Available -> (create <wrapper>)!
[13:07:39] DEBUG: Send ProxyConfig!
[13:07:40] ERROR: No Wrapper Available -> (create <wrapper>)!
[13:07:41] DEBUG: Send ProxyConfig!
[13:07:42] ERROR: No Wrapper Available -> (create <wrapper>)!
[13:07:44] DEBUG: Send ProxyConfig!
[13:07:45] ERROR: No Wrapper Available -> (create <wrapper>)!
[13:07:46] DEBUG: Send ProxyConfig!
[13:07:47] ERROR: No Wrapper Available -> (create <wrapper>)!
[13:07:49] DEBUG: Send ProxyConfig!
[13:07:50] ERROR: No Wrapper Available -> (create <wrapper>)!
[13:07:51] DEBUG: Send ProxyConfig!
[13:07:52] ERROR: No Wrapper Available -> (create <wrapper>)!
[13:07:54] DEBUG: Send ProxyConfig!
[13:07:55] ERROR: No Wrapper Available -> (create <wrapper>)!
[13:07:56] DEBUG: Send ProxyConfig!
[13:07:57] ERROR: No Wrapper Available -> (create <wrapper>)!
[13:07:59] DEBUG: Send ProxyConfig!
[13:08:00] ERROR: No Wrapper Available -> (create <wrapper>)!
[13:08:01] DEBUG: Send ProxyConfig!
[13:08:02] ERROR: No Wrapper Available -> (create <wrapper>)!
[13:08:04] DEBUG: Send ProxyConfig!
[13:08:05] ERROR: No Wrapper Available -> (create <wrapper>)!
[13:08:06] DEBUG: Send ProxyConfig!
[13:08:07] ERROR: No Wrapper Available -> (create <wrapper>)!
[13:08:09] DEBUG: Send ProxyConfig!
[13:08:10] ERROR: No Wrapper Available -> (create <wrapper>)!
[13:08:11] DEBUG: Send ProxyConfig!
[13:08:12] ERROR: No Wrapper Available -> (create <wrapper>)!
[13:08:14] DEBUG: Send ProxyConfig!
[13:08:15] ERROR: No Wrapper Available -> (create <wrapper>)!
[13:08:16] DEBUG: Send ProxyConfig!
[13:08:17] ERROR: No Wrapper Available -> (create <wrapper>)!
[13:08:19] DEBUG: Send ProxyConfig!
[13:08:20] ERROR: No Wrapper Available -> (create <wrapper>)!
[13:08:21] DEBUG: Send ProxyConfig!
[13:08:22] ERROR: No Wrapper Available -> (create <wrapper>)!
[13:08:24] DEBUG: Send ProxyConfig!
[13:08:25] ERROR: No Wrapper Available -> (create <wrapper>)!
[13:08:26] DEBUG: Send ProxyConfig!
[13:08:27] ERROR: No Wrapper Available -> (create <wrapper>)!
[13:08:29] DEBUG: Send ProxyConfig!
[13:08:30] ERROR: No Wrapper Available -> (create <wrapper>)!
[13:08:31] DEBUG: Send ProxyConfig!
[13:08:32] ERROR: No Wrapper Available -> (create <wrapper>)!
[13:08:34] DEBUG: Send ProxyConfig!
[13:08:35] ERROR: No Wrapper Available -> (create <wrapper>)!
[13:08:36] DEBUG: Send ProxyConfig!
[13:08:37] ERROR: No Wrapper Available -> (create <wrapper>)!
[13:08:39] DEBUG: Send ProxyConfig!
[13:08:40] ERROR: No Wrapper Available -> (create <wrapper>)!
[13:08:41] DEBUG: Send ProxyConfig!
[13:08:42] ERROR: No Wrapper Available -> (create <wrapper>)!
[13:08:44] DEBUG: Send ProxyConfig!
[13:08:45] ERROR: No Wrapper Available -> (create <wrapper>)!
[13:08:46] DEBUG: Send ProxyConfig!
[13:08:47] ERROR: No Wrapper Available -> (create <wrapper>)!
[13:08:49] DEBUG: Send ProxyConfig!
[13:08:50] ERROR: No Wrapper Available -> (create <wrapper>)!
[13:08:51] DEBUG: Send ProxyConfig!
[13:08:52] ERROR: No Wrapper Available -> (create <wrapper>)!
[13:08:54] DEBUG: Send ProxyConfig!
[13:08:55] ERROR: No Wrapper Available -> (create <wrapper>)!
[13:08:56] DEBUG: Send ProxyConfig!
[13:08:57] ERROR: No Wrapper Available -> (create <wrapper>)!
[13:08:59] DEBUG: Send ProxyConfig!
[13:09:00] ERROR: No Wrapper Available -> (create <wrapper>)!
[13:09:01] DEBUG: Send ProxyConfig!
[13:09:02] ERROR: No Wrapper Available -> (create <wrapper>)!
[13:09:04] DEBUG: Send ProxyConfig!
[13:09:05] ERROR: No Wrapper Available -> (create <wrapper>)!
[13:09:06] DEBUG: Send ProxyConfig!
[13:09:07] ERROR: No Wrapper Available -> (create <wrapper>)!
[13:09:09] DEBUG: Send ProxyConfig!
[13:09:10] ERROR: No Wrapper Available -> (create <wrapper>)!
[13:09:11] DEBUG: Send ProxyConfig!
[13:09:12] ERROR: No Wrapper Available -> (create <wrapper>)!
[13:09:14] DEBUG: Send ProxyConfig!
[13:09:15] ERROR: No Wrapper Available -> (create <wrapper>)!
[13:09:16] DEBUG: Send ProxyConfig!
[13:09:17] ERROR: No Wrapper Available -> (create <wrapper>)!
[13:09:19] DEBUG: Send ProxyConfig!
[13:09:20] ERROR: No Wrapper Available -> (create <wrapper>)!
[13:09:21] DEBUG: Send ProxyConfig!
[13:09:22] ERROR: No Wrapper Available -> (create <wrapper>)!
[13:09:24] DEBUG: Send ProxyConfig!
[13:09:25] ERROR: No Wrapper Available -> (create <wrapper>)!
[13:09:26] DEBUG: Send ProxyConfig!
[13:09:27] ERROR: No Wrapper Available -> (create <wrapper>)!
[13:09:29] DEBUG: Send ProxyConfig!
[13:09:30] ERROR: No Wrapper Available -> (create <wrapper>)!
[13:09:31] DEBUG: Send ProxyConfig!
[13:09:32] ERROR: No Wrapper Available -> (create <wrapper>)!
[13:09:34] DEBUG: Send ProxyConfig!
[13:09:35] ERROR: No Wrapper Available -> (create <wrapper>)!
[13:09:36] DEBUG: Send ProxyConfig!
[13:09:37] ERROR: No Wrapper Available -> (create <wrapper>)!
[13:09:39] DEBUG: Send ProxyConfig!
[13:09:40] ERROR: No Wrapper Available -> (create <wrapper>)!
[13:09:41] DEBUG: Send ProxyConfig!
[13:09:42] ERROR: No Wrapper Available -> (create <wrapper>)!
[13:09:44] DEBUG: Send ProxyConfig!
[13:09:45] ERROR: No Wrapper Available -> (create <wrapper>)!
[13:09:46] DEBUG: Send ProxyConfig!
[13:09:47] ERROR: No Wrapper Available -> (create <wrapper>)!
[13:09:49] DEBUG: Send ProxyConfig!
[13:09:50] ERROR: No Wrapper Available -> (create <wrapper>)!
[13:09:51] DEBUG: Send ProxyConfig!
[13:09:52] ERROR: No Wrapper Available -> (create <wrapper>)!
[13:09:54] DEBUG: Send ProxyConfig!
[13:09:55] ERROR: No Wrapper Available -> (create <wrapper>)!
[13:09:56] DEBUG: Send ProxyConfig!
[13:09:57] ERROR: No Wrapper Available -> (create <wrapper>)!
[13:09:59] DEBUG: Send ProxyConfig!
[13:10:00] ERROR: No Wrapper Available -> (create <wrapper>)!
[13:10:01] DEBUG: Send ProxyConfig!
[13:10:02] ERROR: No Wrapper Available -> (create <wrapper>)!
[13:10:04] DEBUG: Send ProxyConfig!
[13:10:05] ERROR: No Wrapper Available -> (create <wrapper>)!
[13:10:06] DEBUG: Send ProxyConfig!
[13:10:07] ERROR: No Wrapper Available -> (create <wrapper>)!
[13:10:09] DEBUG: Send ProxyConfig!
[13:10:10] ERROR: No Wrapper Available -> (create <wrapper>)!
[13:10:11] DEBUG: Send ProxyConfig!
[13:10:12] ERROR: No Wrapper Available -> (create <wrapper>)!
[13:10:14] DEBUG: Send ProxyConfig!
[13:10:15] ERROR: No Wrapper Available -> (create <wrapper>)!
[13:10:16] DEBUG: Send ProxyConfig!
[13:10:17] ERROR: No Wrapper Available -> (create <wrapper>)!
[13:10:19] DEBUG: Send ProxyConfig!
[13:10:20] ERROR: No Wrapper Available -> (create <wrapper>)!
[13:10:21] DEBUG: Send ProxyConfig!
[13:10:22] ERROR: No Wrapper Available -> (create <wrapper>)!
[13:10:24] DEBUG: Send ProxyConfig!
[13:10:25] ERROR: No Wrapper Available -> (create <wrapper>)!
[13:10:26] DEBUG: Send ProxyConfig!
[13:10:27] ERROR: No Wrapper Available -> (create <wrapper>)!
[13:10:29] DEBUG: Send ProxyConfig!
[13:10:30] ERROR: No Wrapper Available -> (create <wrapper>)!
[13:10:31] DEBUG: Send ProxyConfig!
[13:10:32] ERROR: No Wrapper Available -> (create <wrapper>)!
[13:10:34] DEBUG: Send ProxyConfig!
[13:10:35] ERROR: No Wrapper Available -> (create <wrapper>)!
[13:10:36] DEBUG: Send ProxyConfig!
[13:10:37] ERROR: No Wrapper Available -> (create <wrapper>)!
[13:10:39] DEBUG: Send ProxyConfig!
[13:10:40] ERROR: No Wrapper Available -> (create <wrapper>)!
[13:10:41] DEBUG: Send ProxyConfig!
[13:10:42] ERROR: No Wrapper Available -> (create <wrapper>)!
[13:10:44] DEBUG: Send ProxyConfig!
[13:10:45] ERROR: No Wrapper Available -> (create <wrapper>)!
[13:10:46] DEBUG: Send ProxyConfig!
[13:10:47] ERROR: No Wrapper Available -> (create <wrapper>)!
[13:10:49] DEBUG: Send ProxyConfig!
[13:10:50] ERROR: No Wrapper Available -> (create <wrapper>)!
[13:10:51] DEBUG: Send ProxyConfig!
[13:10:52] ERROR: No Wrapper Available -> (create <wrapper>)!
[13:10:54] DEBUG: Send ProxyConfig!
[13:10:55] ERROR: No Wrapper Available -> (create <wrapper>)!
[13:10:56] DEBUG: Send ProxyConfig!
[13:10:57] ERROR: No Wrapper Available -> (create <wrapper>)!
[13:10:59] DEBUG: Send ProxyConfig!
[13:11:00] ERROR: No Wrapper Available -> (create <wrapper>)!
[13:11:01] DEBUG: Send ProxyConfig!
[13:11:02] ERROR: No Wrapper Available -> (create <wrapper>)!
[13:11:04] DEBUG: Send ProxyConfig!
[13:11:05] ERROR: No Wrapper Available -> (create <wrapper>)!
[13:11:06] DEBUG: Send ProxyConfig!
[13:11:07] ERROR: No Wrapper Available -> (create <wrapper>)!
[13:11:09] DEBUG: Send ProxyConfig!
[13:11:10] ERROR: No Wrapper Available -> (create <wrapper>)!
[13:11:11] DEBUG: Send ProxyConfig!
[13:11:12] ERROR: No Wrapper Available -> (create <wrapper>)!
[13:11:14] DEBUG: Send ProxyConfig!
[13:11:15] ERROR: No Wrapper Available -> (create <wrapper>)!
[13:11:16] DEBUG: Send ProxyConfig!
[13:11:17] ERROR: No Wrapper Available -> (create <wrapper>)!
[13:11:19] DEBUG: Send ProxyConfig!
[13:11:20] ERROR: No Wrapper Available -> (create <wrapper>)!
[13:11:21] DEBUG: Send ProxyConfig!
[13:11:22] ERROR: No Wrapper Available -> (create <wrapper>)!
[13:11:24] DEBUG: Send ProxyConfig!
[13:11:25] ERROR: No Wrapper Available -> (create <wrapper>)!
[13:11:26] DEBUG: Send ProxyConfig!
[13:11:27] ERROR: No Wrapper Available -> (create <wrapper>)!
[13:11:29] DEBUG: Send ProxyConfig!
[13:11:30] ERROR: No Wrapper Available -> (create <wrapper>)!
[13:11:31] DEBUG: Send ProxyConfig!
[13:11:32] ERROR: No Wrapper Available -> (create <wrapper>)!
[13:11:34] DEBUG: Send ProxyConfig!
[13:11:35] ERROR: No Wrapper Available -> (create <wrapper>)!
[13:11:36] DEBUG: Send ProxyConfig!
[13:11:37] ERROR: No Wrapper Available -> (create <wrapper>)!
[13:11:39] DEBUG: Send ProxyConfig!
[13:11:40] ERROR: No Wrapper Available -> (create <wrapper>)!
[13:11:41] DEBUG: Send ProxyConfig!
[13:11:42] ERROR: No Wrapper Available -> (create <wrapper>)!
[13:11:44] DEBUG: Send ProxyConfig!
[13:11:45] ERROR: No Wrapper Available -> (create <wrapper>)!
[13:11:46] DEBUG: Send ProxyConfig!
[13:11:47] ERROR: No Wrapper Available -> (create <wrapper>)!
[13:11:49] DEBUG: Send ProxyConfig!
[13:11:50] ERROR: No Wrapper Available -> (create <wrapper>)!
[13:11:51] DEBUG: Send ProxyConfig!
[13:11:52] ERROR: No Wrapper Available -> (create <wrapper>)!
[13:11:54] DEBUG: Send ProxyConfig!
[13:11:55] ERROR: No Wrapper Available -> (create <wrapper>)!
[13:11:56] DEBUG: Send ProxyConfig!
[13:11:57] ERROR: No Wrapper Available -> (create <wrapper>)!
[13:11:59] DEBUG: Send ProxyConfig!
[13:12:00] ERROR: No Wrapper Available -> (create <wrapper>)!
[13:12:01] DEBUG: Send ProxyConfig!
[13:12:02] ERROR: No Wrapper Available -> (create <wrapper>)!
[13:12:04] DEBUG: Send ProxyConfig!
[13:12:04] ERROR: Command Not Found!
[13:12:05] ERROR: No Wrapper Available -> (create <wrapper>)!
[13:12:05] INFO: Cloud was Reloaded!
[13:12:06] DEBUG: Send ProxyConfig!
[13:12:08] ERROR: No Wrapper Available -> (create <wrapper>)!
[13:12:09] DEBUG: Send ProxyConfig!
[13:12:10] ERROR: No Wrapper Available -> (create <wrapper>)!
[13:12:11] DEBUG: Send ProxyConfig!
[13:12:13] ERROR: No Wrapper Available -> (create <wrapper>)!
[13:12:14] DEBUG: Send ProxyConfig!
[13:12:15] ERROR: No Wrapper Available -> (create <wrapper>)!
[13:12:16] DEBUG: Send ProxyConfig!
[13:12:18] ERROR: No Wrapper Available -> (create <wrapper>)!
[13:12:19] DEBUG: Send ProxyConfig!
[13:12:20] ERROR: No Wrapper Available -> (create <wrapper>)!
[13:12:21] DEBUG: Send ProxyConfig!
[13:12:23] ERROR: No Wrapper Available -> (create <wrapper>)!
[13:12:24] DEBUG: Send ProxyConfig!
[13:12:25] ERROR: No Wrapper Available -> (create <wrapper>)!
[13:12:26] DEBUG: Send ProxyConfig!
[13:12:28] ERROR: No Wrapper Available -> (create <wrapper>)!
[13:12:29] DEBUG: Send ProxyConfig!
[13:12:30] ERROR: No Wrapper Available -> (create <wrapper>)!
[13:12:31] DEBUG: Send ProxyConfig!
[13:12:33] ERROR: No Wrapper Available -> (create <wrapper>)!
[13:12:34] DEBUG: Send ProxyConfig!
[13:12:35] ERROR: No Wrapper Available -> (create <wrapper>)!
[13:12:36] DEBUG: Send ProxyConfig!
[13:12:38] ERROR: No Wrapper Available -> (create <wrapper>)!
[13:12:39] DEBUG: Send ProxyConfig!
[13:12:40] ERROR: No Wrapper Available -> (create <wrapper>)!
[13:12:41] DEBUG: Send ProxyConfig!
