[11:22:24] INFO: Registered Packet By Clazz: de.crycodes.de.spacebyter.liptoncloud.packets.global.RegisterPacket
[11:22:24] INFO: Registered Packet By Clazz: de.crycodes.de.spacebyter.liptoncloud.packets.global.ShutDownPacket
[11:22:24] INFO: Registered Packet By Clazz: de.crycodes.de.spacebyter.liptoncloud.packets.server.proxy.in.SendProxyConfigPacket
[11:22:24] INFO: Registered Packet By Clazz: de.crycodes.de.spacebyter.liptoncloud.packets.server.proxy.in.StopProxyPacket
[11:22:24] INFO: Registered Packet By Clazz: de.crycodes.de.spacebyter.liptoncloud.packets.server.proxy.out.ProxyStoppingPacket
[11:22:24] INFO: Registered Packet By Clazz: de.crycodes.de.spacebyter.liptoncloud.packets.server.server.in.ExecuteCommandPacket
[11:22:24] INFO: Registered Packet By Clazz: de.crycodes.de.spacebyter.liptoncloud.packets.server.server.in.SendServerConfigPacket
[11:22:24] INFO: Registered Packet By Clazz: de.crycodes.de.spacebyter.liptoncloud.packets.server.server.in.StopServerGroupPacket
[11:22:24] INFO: Registered Packet By Clazz: de.crycodes.de.spacebyter.liptoncloud.packets.server.server.in.StopServerPacket
[11:22:24] INFO: Registered Packet By Clazz: de.crycodes.de.spacebyter.liptoncloud.packets.server.server.out.ServerStoppingPacket
[11:22:24] INFO: Registered Packet By Clazz: de.crycodes.de.spacebyter.liptoncloud.packets.wrapper.in.CopyServerPacket
[11:22:24] INFO: Registered Packet By Clazz: de.crycodes.de.spacebyter.liptoncloud.packets.wrapper.in.CreateTemplatePacket
[11:22:24] INFO: Registered Packet By Clazz: de.crycodes.de.spacebyter.liptoncloud.packets.wrapper.in.StartServerPacket
[11:22:24] INFO: Registered Packet By Clazz: de.crycodes.de.spacebyter.liptoncloud.packets.wrapper.out.DebugPacket
[11:22:24] INFO: Registered Packet By Clazz: de.crycodes.de.spacebyter.liptoncloud.packets.wrapper.out.ErrorPacket
[11:22:24] INFO: Registered Packet By Clazz: de.crycodes.de.spacebyter.liptoncloud.packets.wrapper.out.InfoPacket
[11:22:24] INFO: Registered Packet By Clazz: de.crycodes.de.spacebyter.liptoncloud.packets.wrapper.out.WarningPacket
[11:22:24] INFO: Registered Packet By Clazz: de.crycodes.de.spacebyter.liptoncloud.packets.global.UpdateMaintenancePacket
[11:22:24] INFO: Registered Packet By Clazz: de.crycodes.de.spacebyter.liptoncloud.packets.server.proxy.out.ServerGroupUpdatePacket
[11:22:24] INFO: Registered Packet By Clazz: de.crycodes.de.spacebyter.liptoncloud.packets.server.server.out.ServerUpdatePacket
[11:22:24] INFO: Registered Packet By Clazz: de.crycodes.de.spacebyter.liptoncloud.packets.global.RegisterResponsePacket
[11:22:24] INFO: [34m __    _     ___   _     ___   __   _     __  _____  ____  _     [0m
[11:22:24] INFO: [34m/ /`  | |   / / \ | | | | | \ ( (` \ \_/ ( (`  | |  | |_  | |\/| [0m
[11:22:24] INFO: [34m\_\_, |_|__ \_\_/ \_\_/ |_|_/ _)_)  |_|  _)_)  |_|  |_|__ |_|  | [0m
[11:22:24] INFO: [31m▬▬▬▬▬▬▬▬▬▬▬▬▬▬▬▬▬▬▬▬▬▬▬▬▬▬▬▬▬▬▬▬▬▬▬▬▬▬[0m
[11:22:24] INFO: [34mCoded by CryCodes & SpaceByter[0m
[11:22:24] INFO: 
[11:22:24] INFO: Loaded Addon: CloudFlare-1.0-SNAPSHOT
[11:22:24] INFO: Loaded Addon: SignSystem-1.0-SNAPSHOT
[11:22:25] ERROR: An error occurred in cloudflare addon: Could not find zone id for given domain, please recheck
[11:22:25] ERROR: An error occurred in cloudflare addon: Could not find zone id for given domain, please recheck
[11:22:25] INFO: [SIGNSYSTEM] Starting NetworkServer on (127.0.0.1:8899)!
[11:22:25] INFO: Using SignSystem for LiptonCloud!
[11:22:25] INFO: Starting Master-Wrapper Server on Port: (9685) !
[11:22:25] INFO: Starting Proxy-Wrapper Server on Port: (1784) !
[11:22:25] INFO: Starting Master-Spigot Server on Port: (7898) !
[11:22:25] INFO: Action 'MASTERSTARTUP' took: (1.12) Seconds!
[11:22:27] ERROR: No Wrapper Available -> (create <wrapper>)!
[11:22:29] INFO: Registered new Wrapper: Wrapper-1
[11:22:29] INFO: NEW PACKET - RegisterPacket
[11:22:30] INFO: [AUTOSTART] StartetServer 'Lobby' stats: (1/1) Port: 30000 | ID: 1 !
[11:22:32] DEBUG: [AUTOSTART] Server-Group is complete: Lobby stats: (1/1)
[11:22:35] DEBUG: [AUTOSTART] Server-Group is complete: Lobby stats: (1/1)
[11:22:37] DEBUG: [AUTOSTART] Server-Group is complete: Lobby stats: (1/1)
[11:22:40] DEBUG: [AUTOSTART] Server-Group is complete: Lobby stats: (1/1)
[11:22:42] DEBUG: [AUTOSTART] Server-Group is complete: Lobby stats: (1/1)
[11:22:44] INFO: NEW PACKET - RegisterPacket
[11:22:45] DEBUG: [AUTOSTART] Server-Group is complete: Lobby stats: (1/1)
[11:22:47] DEBUG: [AUTOSTART] Server-Group is complete: Lobby stats: (1/1)
[11:22:50] DEBUG: [AUTOSTART] Server-Group is complete: Lobby stats: (1/1)
[11:22:52] DEBUG: [AUTOSTART] Server-Group is complete: Lobby stats: (1/1)
[11:22:55] DEBUG: [AUTOSTART] Server-Group is complete: Lobby stats: (1/1)
[11:22:57] DEBUG: [AUTOSTART] Server-Group is complete: Lobby stats: (1/1)
[11:23:00] DEBUG: [AUTOSTART] Server-Group is complete: Lobby stats: (1/1)
[11:23:02] DEBUG: [AUTOSTART] Server-Group is complete: Lobby stats: (1/1)
[11:23:05] DEBUG: [AUTOSTART] Server-Group is complete: Lobby stats: (1/1)
[11:23:07] DEBUG: [AUTOSTART] Server-Group is complete: Lobby stats: (1/1)
[11:23:10] DEBUG: [AUTOSTART] Server-Group is complete: Lobby stats: (1/1)
[11:23:10] INFO: Cloud was Reloaded!
[11:23:10] INFO: NEW PACKET - ReloadPacket
[11:23:13] DEBUG: [AUTOSTART] Server-Group is complete: Lobby stats: (1/1)
[11:23:15] DEBUG: [AUTOSTART] Server-Group is complete: Lobby stats: (1/1)
[11:23:18] DEBUG: [AUTOSTART] Server-Group is complete: Lobby stats: (1/1)
[11:23:20] DEBUG: [AUTOSTART] Server-Group is complete: Lobby stats: (1/1)
[11:23:23] DEBUG: [AUTOSTART] Server-Group is complete: Lobby stats: (1/1)
[11:23:25] DEBUG: [AUTOSTART] Server-Group is complete: Lobby stats: (1/1)
[11:23:28] DEBUG: [AUTOSTART] Server-Group is complete: Lobby stats: (1/1)
