[15:16:59] INFO: Registered new Wrapper: Wrapper-1
[15:16:59] INFO: [34m __    _     ___   _     ___   __   _     __  _____  ____  _     [0m
[15:16:59] INFO: [34m/ /`  | |   / / \ | | | | | \ ( (` \ \_/ ( (`  | |  | |_  | |\/| [0m
[15:16:59] INFO: [34m\_\_, |_|__ \_\_/ \_\_/ |_|_/ _)_)  |_|  _)_)  |_|  |_|__ |_|  | [0m
[15:16:59] INFO: [31m▬▬▬▬▬▬▬▬▬▬▬▬▬▬▬▬▬▬▬▬▬▬▬▬▬▬▬▬▬▬▬▬▬▬▬▬▬▬[0m
[15:16:59] INFO: [34mCoded by CryCodes & SpaceByter[0m
[15:16:59] INFO: 
[15:17:01] ERROR: [PORTMANAGER] Port added (30000)!
[15:17:01] INFO: StartetServer: bedwars-1 | on port: 30000 | on wrapper: Wrapper-1 | group: bedwars !
[15:17:01] INFO: [AUTOSTART] StartetServer 'bedwars' stats: (1/5)
[15:17:01] ERROR: [PORTMANAGER] Port added (30001)!
[15:17:01] INFO: StartetServer: Lobby-1 | on port: 30001 | on wrapper: Wrapper-1 | group: Lobby !
[15:17:01] INFO: [AUTOSTART] StartetServer 'Lobby' stats: (1/2)
[15:17:01] ERROR: [PORTMANAGER] Port added (30002)!
[15:17:01] INFO: StartetServer: Skywars-1 | on port: 30002 | on wrapper: Wrapper-1 | group: Skywars !
[15:17:01] INFO: [AUTOSTART] StartetServer 'Skywars' stats: (1/2)
[15:17:04] ERROR: [PORTMANAGER] Port added (30003)!
[15:17:04] INFO: StartetServer: bedwars-2 | on port: 30003 | on wrapper: Wrapper-1 | group: bedwars !
[15:17:04] INFO: [AUTOSTART] StartetServer 'bedwars' stats: (2/5)
[15:17:04] ERROR: [PORTMANAGER] Port added (30004)!
[15:17:04] INFO: StartetServer: Lobby-2 | on port: 30004 | on wrapper: Wrapper-1 | group: Lobby !
[15:17:04] INFO: [AUTOSTART] StartetServer 'Lobby' stats: (2/2)
[15:17:04] ERROR: [PORTMANAGER] Port added (30005)!
[15:17:04] INFO: StartetServer: Skywars-2 | on port: 30005 | on wrapper: Wrapper-1 | group: Skywars !
[15:17:04] INFO: [AUTOSTART] StartetServer 'Skywars' stats: (2/2)
[15:17:06] ERROR: [PORTMANAGER] Port added (30006)!
[15:17:06] INFO: StartetServer: bedwars-3 | on port: 30006 | on wrapper: Wrapper-1 | group: bedwars !
[15:17:06] INFO: [AUTOSTART] StartetServer 'bedwars' stats: (3/5)
[15:17:09] ERROR: [PORTMANAGER] Port added (30007)!
[15:17:09] INFO: StartetServer: bedwars-4 | on port: 30007 | on wrapper: Wrapper-1 | group: bedwars !
[15:17:09] INFO: [AUTOSTART] StartetServer 'bedwars' stats: (4/5)
[15:17:11] ERROR: [PORTMANAGER] Port added (30008)!
[15:17:11] INFO: StartetServer: bedwars-5 | on port: 30008 | on wrapper: Wrapper-1 | group: bedwars !
[15:17:11] INFO: [AUTOSTART] StartetServer 'bedwars' stats: (5/5)
