[15:21:16] INFO: Registered new Wrapper: Wrapper-1
[15:21:16] INFO: [34m __    _     ___   _     ___   __   _     __  _____  ____  _     [0m
[15:21:16] INFO: [34m/ /`  | |   / / \ | | | | | \ ( (` \ \_/ ( (`  | |  | |_  | |\/| [0m
[15:21:16] INFO: [34m\_\_, |_|__ \_\_/ \_\_/ |_|_/ _)_)  |_|  _)_)  |_|  |_|__ |_|  | [0m
[15:21:16] INFO: [31m▬▬▬▬▬▬▬▬▬▬▬▬▬▬▬▬▬▬▬▬▬▬▬▬▬▬▬▬▬▬▬▬▬▬▬▬▬▬[0m
[15:21:16] INFO: [34mCoded by CryCodes & SpaceByter[0m
[15:21:16] INFO: 
[15:21:18] ERROR: [PORTMANAGER] Port added (30000)!
[15:21:18] INFO: [AUTOSTART] StartetServer 'bedwars' stats: (1/5)
[15:21:18] ERROR: [PORTMANAGER] Port added (30001)!
[15:21:18] INFO: [AUTOSTART] StartetServer 'Lobby' stats: (1/2)
[15:21:18] ERROR: [PORTMANAGER] Port added (30002)!
[15:21:18] INFO: [AUTOSTART] StartetServer 'Skywars' stats: (1/2)
[15:21:21] ERROR: [PORTMANAGER] Port added (30003)!
[15:21:21] INFO: [AUTOSTART] StartetServer 'bedwars' stats: (2/5)
[15:21:21] ERROR: [PORTMANAGER] Port added (30004)!
[15:21:21] INFO: [AUTOSTART] StartetServer 'Lobby' stats: (2/2)
[15:21:21] ERROR: [PORTMANAGER] Port added (30005)!
[15:21:21] INFO: [AUTOSTART] StartetServer 'Skywars' stats: (2/2)
[15:21:23] ERROR: [PORTMANAGER] Port added (30006)!
[15:21:23] INFO: [AUTOSTART] StartetServer 'bedwars' stats: (3/5)
[15:21:26] ERROR: [PORTMANAGER] Port added (30007)!
[15:21:26] INFO: [AUTOSTART] StartetServer 'bedwars' stats: (4/5)
[15:21:28] ERROR: [PORTMANAGER] Port added (30008)!
[15:21:28] INFO: [AUTOSTART] StartetServer 'bedwars' stats: (5/5)
